25-10-2021 16:31:40.612 [main] INFO  c.l.LearncamelSpringBootApplication.logStarting - Starting LearncamelSpringBootApplication on DESKTOP-AH2VL3Q with PID 8468 (H:\camel-bindly-parse-csv-file\learncamel-spring-boot-bindy\target\classes started by lenovo in H:\camel-bindly-parse-csv-file\learncamel-spring-boot-bindy)
25-10-2021 16:31:40.615 [main] INFO  c.l.LearncamelSpringBootApplication.logStartupProfileInfo - The following profiles are active: dev
25-10-2021 16:31:40.657 [main] INFO  o.s.b.c.e.AnnotationConfigEmbeddedWebApplicationContext.prepareRefresh - Refreshing org.springframework.boot.context.embedded.AnnotationConfigEmbeddedWebApplicationContext@55b699ef: startup date [Mon Oct 25 16:31:40 IST 2021]; root of context hierarchy
25-10-2021 16:31:40.792 [background-preinit] INFO  o.h.validator.internal.util.Version.<clinit> - HV000001: Hibernate Validator 5.3.6.Final
25-10-2021 16:31:41.595 [main] INFO  o.s.c.s.PostProcessorRegistrationDelegate$BeanPostProcessorChecker.postProcessAfterInitialization - Bean 'org.apache.camel.spring.boot.CamelAutoConfiguration' of type [org.apache.camel.spring.boot.CamelAutoConfiguration$$EnhancerBySpringCGLIB$$dde2e9e2] is not eligible for getting processed by all BeanPostProcessors (for example: not eligible for auto-proxying)
25-10-2021 16:31:41.884 [main] INFO  o.s.b.c.e.t.TomcatEmbeddedServletContainer.initialize - Tomcat initialized with port(s): 8080 (http)
25-10-2021 16:31:41.892 [main] INFO  o.a.catalina.core.StandardService.log - Starting service [Tomcat]
25-10-2021 16:31:41.893 [main] INFO  o.a.catalina.core.StandardEngine.log - Starting Servlet Engine: Apache Tomcat/8.5.23
25-10-2021 16:31:41.971 [localhost-startStop-1] INFO  o.a.c.c.C.[Tomcat].[localhost].[/].log - Initializing Spring embedded WebApplicationContext
25-10-2021 16:31:41.972 [localhost-startStop-1] INFO  o.s.web.context.ContextLoader.prepareEmbeddedWebApplicationContext - Root WebApplicationContext: initialization completed in 1316 ms
25-10-2021 16:31:42.100 [localhost-startStop-1] INFO  o.s.b.w.s.ServletRegistrationBean.onStartup - Mapping servlet: 'dispatcherServlet' to [/]
25-10-2021 16:31:42.104 [localhost-startStop-1] INFO  o.s.b.w.s.FilterRegistrationBean.configure - Mapping filter: 'characterEncodingFilter' to: [/*]
25-10-2021 16:31:42.105 [localhost-startStop-1] INFO  o.s.b.w.s.FilterRegistrationBean.configure - Mapping filter: 'hiddenHttpMethodFilter' to: [/*]
25-10-2021 16:31:42.105 [localhost-startStop-1] INFO  o.s.b.w.s.FilterRegistrationBean.configure - Mapping filter: 'httpPutFormContentFilter' to: [/*]
25-10-2021 16:31:42.106 [localhost-startStop-1] INFO  o.s.b.w.s.FilterRegistrationBean.configure - Mapping filter: 'requestContextFilter' to: [/*]
25-10-2021 16:31:42.368 [main] INFO  o.s.w.s.m.m.a.RequestMappingHandlerAdapter.initControllerAdviceCache - Looking for @ControllerAdvice: org.springframework.boot.context.embedded.AnnotationConfigEmbeddedWebApplicationContext@55b699ef: startup date [Mon Oct 25 16:31:40 IST 2021]; root of context hierarchy
25-10-2021 16:31:42.413 [main] INFO  o.s.w.s.m.m.a.RequestMappingHandlerMapping.register - Mapped "{[/error]}" onto public org.springframework.http.ResponseEntity<java.util.Map<java.lang.String, java.lang.Object>> org.springframework.boot.autoconfigure.web.BasicErrorController.error(javax.servlet.http.HttpServletRequest)
25-10-2021 16:31:42.414 [main] INFO  o.s.w.s.m.m.a.RequestMappingHandlerMapping.register - Mapped "{[/error],produces=[text/html]}" onto public org.springframework.web.servlet.ModelAndView org.springframework.boot.autoconfigure.web.BasicErrorController.errorHtml(javax.servlet.http.HttpServletRequest,javax.servlet.http.HttpServletResponse)
25-10-2021 16:31:42.444 [main] INFO  o.s.w.s.h.SimpleUrlHandlerMapping.registerHandler - Mapped URL path [/webjars/**] onto handler of type [class org.springframework.web.servlet.resource.ResourceHttpRequestHandler]
25-10-2021 16:31:42.445 [main] INFO  o.s.w.s.h.SimpleUrlHandlerMapping.registerHandler - Mapped URL path [/**] onto handler of type [class org.springframework.web.servlet.resource.ResourceHttpRequestHandler]
25-10-2021 16:31:42.476 [main] INFO  o.s.w.s.h.SimpleUrlHandlerMapping.registerHandler - Mapped URL path [/**/favicon.ico] onto handler of type [class org.springframework.web.servlet.resource.ResourceHttpRequestHandler]
25-10-2021 16:31:42.678 [main] WARN  o.a.c.i.DefaultCamelBeanPostProcessor.postProcessBeforeInitialization - No CamelContext defined yet so cannot inject into bean: routesHealthCheckRepository
25-10-2021 16:31:42.747 [main] INFO  o.a.c.i.c.DefaultTypeConverter.doStart - Type converters loaded (core: 192, classpath: 1)
25-10-2021 16:31:43.226 [main] INFO  o.s.j.e.a.AnnotationMBeanExporter.afterSingletonsInstantiated - Registering beans for JMX exposure on startup
25-10-2021 16:31:43.236 [main] INFO  c.learncamel.route.SimpleCamelRoute.configure - Starting the Camel Route
25-10-2021 16:31:43.259 [main] INFO  c.learncamel.route.SimpleCamelRoute.configure - Ending the Camel Route
25-10-2021 16:31:43.260 [main] INFO  o.a.c.spring.boot.RoutesCollector.loadXmlRoutes - Loading additional Camel XML routes from: classpath:camel/*.xml
25-10-2021 16:31:43.260 [main] INFO  o.a.c.spring.boot.RoutesCollector.loadXmlRests - Loading additional Camel XML rests from: classpath:camel-rest/*.xml
25-10-2021 16:31:43.267 [main] INFO  o.a.camel.spring.SpringCamelContext.start - Apache Camel 2.20.1 (CamelContext: camel-1) is starting
25-10-2021 16:31:43.268 [main] INFO  o.a.c.m.ManagedManagementStrategy.doStart - JMX is enabled
25-10-2021 16:31:43.476 [main] INFO  o.a.camel.spring.SpringCamelContext.doStartCamel - StreamCaching is not in use. If using streams then its recommended to enable stream caching. See more details at http://camel.apache.org/stream-caching.html
25-10-2021 16:31:43.668 [main] INFO  o.a.camel.spring.SpringCamelContext.doStartOrResumeRouteConsumers - Route: route1 started and consuming from: timer://hello?period=10s
25-10-2021 16:31:43.670 [main] INFO  o.a.camel.spring.SpringCamelContext.start - Total 1 routes, of which 1 are started
25-10-2021 16:31:43.670 [main] INFO  o.a.camel.spring.SpringCamelContext.start - Apache Camel 2.20.1 (CamelContext: camel-1) started in 0.403 seconds
25-10-2021 16:31:43.674 [main] INFO  o.a.coyote.http11.Http11NioProtocol.log - Initializing ProtocolHandler ["http-nio-8080"]
25-10-2021 16:31:43.680 [main] INFO  o.a.coyote.http11.Http11NioProtocol.log - Starting ProtocolHandler ["http-nio-8080"]
25-10-2021 16:31:43.684 [main] ERROR o.a.coyote.http11.Http11NioProtocol.log - Failed to start end point associated with ProtocolHandler ["http-nio-8080"]
java.net.BindException: Address already in use: bind
	at sun.nio.ch.Net.bind0(Native Method)
	at sun.nio.ch.Net.bind(Net.java:433)
	at sun.nio.ch.Net.bind(Net.java:425)
	at sun.nio.ch.ServerSocketChannelImpl.bind(ServerSocketChannelImpl.java:223)
	at sun.nio.ch.ServerSocketAdaptor.bind(ServerSocketAdaptor.java:74)
	at org.apache.tomcat.util.net.NioEndpoint.bind(NioEndpoint.java:210)
	at org.apache.tomcat.util.net.AbstractEndpoint.start(AbstractEndpoint.java:990)
	at org.apache.coyote.AbstractProtocol.start(AbstractProtocol.java:635)
	at org.apache.catalina.connector.Connector.startInternal(Connector.java:1022)
	at org.apache.catalina.util.LifecycleBase.start(LifecycleBase.java:150)
	at org.apache.catalina.core.StandardService.addConnector(StandardService.java:225)
	at org.springframework.boot.context.embedded.tomcat.TomcatEmbeddedServletContainer.addPreviouslyRemovedConnectors(TomcatEmbeddedServletContainer.java:250)
	at org.springframework.boot.context.embedded.tomcat.TomcatEmbeddedServletContainer.start(TomcatEmbeddedServletContainer.java:193)
	at org.springframework.boot.context.embedded.EmbeddedWebApplicationContext.startEmbeddedServletContainer(EmbeddedWebApplicationContext.java:297)
	at org.springframework.boot.context.embedded.EmbeddedWebApplicationContext.finishRefresh(EmbeddedWebApplicationContext.java:145)
	at org.springframework.context.support.AbstractApplicationContext.refresh(AbstractApplicationContext.java:546)
	at org.springframework.boot.context.embedded.EmbeddedWebApplicationContext.refresh(EmbeddedWebApplicationContext.java:122)
	at org.springframework.boot.SpringApplication.refresh(SpringApplication.java:693)
	at org.springframework.boot.SpringApplication.refreshContext(SpringApplication.java:360)
	at org.springframework.boot.SpringApplication.run(SpringApplication.java:303)
	at org.springframework.boot.SpringApplication.run(SpringApplication.java:1118)
	at org.springframework.boot.SpringApplication.run(SpringApplication.java:1107)
	at com.learncamel.LearncamelSpringBootApplication.main(LearncamelSpringBootApplication.java:10)
25-10-2021 16:31:43.685 [main] ERROR o.a.catalina.core.StandardService.log - Failed to start connector [Connector[HTTP/1.1-8080]]
org.apache.catalina.LifecycleException: Failed to start component [Connector[HTTP/1.1-8080]]
	at org.apache.catalina.util.LifecycleBase.start(LifecycleBase.java:167)
	at org.apache.catalina.core.StandardService.addConnector(StandardService.java:225)
	at org.springframework.boot.context.embedded.tomcat.TomcatEmbeddedServletContainer.addPreviouslyRemovedConnectors(TomcatEmbeddedServletContainer.java:250)
	at org.springframework.boot.context.embedded.tomcat.TomcatEmbeddedServletContainer.start(TomcatEmbeddedServletContainer.java:193)
	at org.springframework.boot.context.embedded.EmbeddedWebApplicationContext.startEmbeddedServletContainer(EmbeddedWebApplicationContext.java:297)
	at org.springframework.boot.context.embedded.EmbeddedWebApplicationContext.finishRefresh(EmbeddedWebApplicationContext.java:145)
	at org.springframework.context.support.AbstractApplicationContext.refresh(AbstractApplicationContext.java:546)
	at org.springframework.boot.context.embedded.EmbeddedWebApplicationContext.refresh(EmbeddedWebApplicationContext.java:122)
	at org.springframework.boot.SpringApplication.refresh(SpringApplication.java:693)
	at org.springframework.boot.SpringApplication.refreshContext(SpringApplication.java:360)
	at org.springframework.boot.SpringApplication.run(SpringApplication.java:303)
	at org.springframework.boot.SpringApplication.run(SpringApplication.java:1118)
	at org.springframework.boot.SpringApplication.run(SpringApplication.java:1107)
	at com.learncamel.LearncamelSpringBootApplication.main(LearncamelSpringBootApplication.java:10)
Caused by: org.apache.catalina.LifecycleException: service.getName(): "Tomcat";  Protocol handler start failed
	at org.apache.catalina.connector.Connector.startInternal(Connector.java:1031)
	at org.apache.catalina.util.LifecycleBase.start(LifecycleBase.java:150)
	... 13 common frames omitted
Caused by: java.net.BindException: Address already in use: bind
	at sun.nio.ch.Net.bind0(Native Method)
	at sun.nio.ch.Net.bind(Net.java:433)
	at sun.nio.ch.Net.bind(Net.java:425)
	at sun.nio.ch.ServerSocketChannelImpl.bind(ServerSocketChannelImpl.java:223)
	at sun.nio.ch.ServerSocketAdaptor.bind(ServerSocketAdaptor.java:74)
	at org.apache.tomcat.util.net.NioEndpoint.bind(NioEndpoint.java:210)
	at org.apache.tomcat.util.net.AbstractEndpoint.start(AbstractEndpoint.java:990)
	at org.apache.coyote.AbstractProtocol.start(AbstractProtocol.java:635)
	at org.apache.catalina.connector.Connector.startInternal(Connector.java:1022)
	... 14 common frames omitted
25-10-2021 16:31:43.690 [main] INFO  o.a.coyote.http11.Http11NioProtocol.log - Pausing ProtocolHandler ["http-nio-8080"]
25-10-2021 16:31:43.690 [main] INFO  o.a.catalina.core.StandardService.log - Stopping service [Tomcat]
25-10-2021 16:31:43.697 [main] INFO  o.apache.catalina.util.LifecycleBase.log - The stop() method was called on component [StandardServer[-1]] after stop() had already been called. The second call will be ignored.
25-10-2021 16:31:43.697 [main] INFO  o.a.coyote.http11.Http11NioProtocol.log - Stopping ProtocolHandler ["http-nio-8080"]
25-10-2021 16:31:43.697 [main] INFO  o.a.coyote.http11.Http11NioProtocol.log - Destroying ProtocolHandler ["http-nio-8080"]
25-10-2021 16:31:43.700 [main] INFO  o.s.b.a.l.AutoConfigurationReportLoggingInitializer.logAutoConfigurationReport - 

Error starting ApplicationContext. To display the auto-configuration report re-run your application with 'debug' enabled.
25-10-2021 16:31:43.703 [main] ERROR o.s.b.d.LoggingFailureAnalysisReporter.report - 

***************************
APPLICATION FAILED TO START
***************************

Description:

The Tomcat connector configured to listen on port 8080 failed to start. The port may already be in use or the connector may be misconfigured.

Action:

Verify the connector's configuration, identify and stop any process that's listening on port 8080, or configure this application to listen on another port.

25-10-2021 16:31:43.704 [main] INFO  o.s.b.c.e.AnnotationConfigEmbeddedWebApplicationContext.doClose - Closing org.springframework.boot.context.embedded.AnnotationConfigEmbeddedWebApplicationContext@55b699ef: startup date [Mon Oct 25 16:31:40 IST 2021]; root of context hierarchy
25-10-2021 16:31:43.707 [main] INFO  o.s.c.s.DefaultLifecycleProcessor.stop - Stopping beans in phase 2147483647
25-10-2021 16:31:43.707 [main] INFO  o.a.camel.spring.SpringCamelContext.doStop - Apache Camel 2.20.1 (CamelContext: camel-1) is shutting down
25-10-2021 16:31:43.707 [main] INFO  o.a.c.impl.DefaultShutdownStrategy.doShutdown - Starting to graceful shutdown 1 routes (timeout 2 seconds)
25-10-2021 16:31:43.711 [Camel (camel-1) thread #2 - ShutdownTask] INFO  o.a.c.impl.DefaultShutdownStrategy.run - Route: route1 shutdown complete, was consuming from: timer://hello?period=10s
25-10-2021 16:31:43.712 [main] INFO  o.a.c.impl.DefaultShutdownStrategy.doShutdown - Graceful shutdown of 1 routes completed in 0 seconds
25-10-2021 16:31:43.724 [main] INFO  o.a.camel.spring.SpringCamelContext.doStop - Apache Camel 2.20.1 (CamelContext: camel-1) uptime 0.457 seconds
25-10-2021 16:31:43.724 [main] INFO  o.a.camel.spring.SpringCamelContext.doStop - Apache Camel 2.20.1 (CamelContext: camel-1) is shutdown in 0.017 seconds
25-10-2021 16:31:43.725 [main] INFO  o.s.j.e.a.AnnotationMBeanExporter.destroy - Unregistering JMX-exposed beans on shutdown
25-10-2021 16:32:04.371 [main] INFO  c.l.LearncamelSpringBootApplication.logStarting - Starting LearncamelSpringBootApplication on DESKTOP-AH2VL3Q with PID 2664 (H:\camel-bindly-parse-csv-file\learncamel-spring-boot-bindy\target\classes started by lenovo in H:\camel-bindly-parse-csv-file\learncamel-spring-boot-bindy)
25-10-2021 16:32:04.374 [main] INFO  c.l.LearncamelSpringBootApplication.logStartupProfileInfo - The following profiles are active: dev
25-10-2021 16:32:04.415 [main] INFO  o.s.b.c.e.AnnotationConfigEmbeddedWebApplicationContext.prepareRefresh - Refreshing org.springframework.boot.context.embedded.AnnotationConfigEmbeddedWebApplicationContext@55b699ef: startup date [Mon Oct 25 16:32:04 IST 2021]; root of context hierarchy
25-10-2021 16:32:04.559 [background-preinit] INFO  o.h.validator.internal.util.Version.<clinit> - HV000001: Hibernate Validator 5.3.6.Final
25-10-2021 16:32:05.366 [main] INFO  o.s.c.s.PostProcessorRegistrationDelegate$BeanPostProcessorChecker.postProcessAfterInitialization - Bean 'org.apache.camel.spring.boot.CamelAutoConfiguration' of type [org.apache.camel.spring.boot.CamelAutoConfiguration$$EnhancerBySpringCGLIB$$dde2e9e2] is not eligible for getting processed by all BeanPostProcessors (for example: not eligible for auto-proxying)
25-10-2021 16:32:05.650 [main] INFO  o.s.b.c.e.t.TomcatEmbeddedServletContainer.initialize - Tomcat initialized with port(s): 8080 (http)
25-10-2021 16:32:05.658 [main] INFO  o.a.catalina.core.StandardService.log - Starting service [Tomcat]
25-10-2021 16:32:05.659 [main] INFO  o.a.catalina.core.StandardEngine.log - Starting Servlet Engine: Apache Tomcat/8.5.23
25-10-2021 16:32:05.734 [localhost-startStop-1] INFO  o.a.c.c.C.[Tomcat].[localhost].[/].log - Initializing Spring embedded WebApplicationContext
25-10-2021 16:32:05.735 [localhost-startStop-1] INFO  o.s.web.context.ContextLoader.prepareEmbeddedWebApplicationContext - Root WebApplicationContext: initialization completed in 1320 ms
25-10-2021 16:32:05.858 [localhost-startStop-1] INFO  o.s.b.w.s.ServletRegistrationBean.onStartup - Mapping servlet: 'dispatcherServlet' to [/]
25-10-2021 16:32:05.862 [localhost-startStop-1] INFO  o.s.b.w.s.FilterRegistrationBean.configure - Mapping filter: 'characterEncodingFilter' to: [/*]
25-10-2021 16:32:05.862 [localhost-startStop-1] INFO  o.s.b.w.s.FilterRegistrationBean.configure - Mapping filter: 'hiddenHttpMethodFilter' to: [/*]
25-10-2021 16:32:05.863 [localhost-startStop-1] INFO  o.s.b.w.s.FilterRegistrationBean.configure - Mapping filter: 'httpPutFormContentFilter' to: [/*]
25-10-2021 16:32:05.863 [localhost-startStop-1] INFO  o.s.b.w.s.FilterRegistrationBean.configure - Mapping filter: 'requestContextFilter' to: [/*]
25-10-2021 16:32:06.126 [main] INFO  o.s.w.s.m.m.a.RequestMappingHandlerAdapter.initControllerAdviceCache - Looking for @ControllerAdvice: org.springframework.boot.context.embedded.AnnotationConfigEmbeddedWebApplicationContext@55b699ef: startup date [Mon Oct 25 16:32:04 IST 2021]; root of context hierarchy
25-10-2021 16:32:06.172 [main] INFO  o.s.w.s.m.m.a.RequestMappingHandlerMapping.register - Mapped "{[/error]}" onto public org.springframework.http.ResponseEntity<java.util.Map<java.lang.String, java.lang.Object>> org.springframework.boot.autoconfigure.web.BasicErrorController.error(javax.servlet.http.HttpServletRequest)
25-10-2021 16:32:06.173 [main] INFO  o.s.w.s.m.m.a.RequestMappingHandlerMapping.register - Mapped "{[/error],produces=[text/html]}" onto public org.springframework.web.servlet.ModelAndView org.springframework.boot.autoconfigure.web.BasicErrorController.errorHtml(javax.servlet.http.HttpServletRequest,javax.servlet.http.HttpServletResponse)
25-10-2021 16:32:06.205 [main] INFO  o.s.w.s.h.SimpleUrlHandlerMapping.registerHandler - Mapped URL path [/webjars/**] onto handler of type [class org.springframework.web.servlet.resource.ResourceHttpRequestHandler]
25-10-2021 16:32:06.205 [main] INFO  o.s.w.s.h.SimpleUrlHandlerMapping.registerHandler - Mapped URL path [/**] onto handler of type [class org.springframework.web.servlet.resource.ResourceHttpRequestHandler]
25-10-2021 16:32:06.237 [main] INFO  o.s.w.s.h.SimpleUrlHandlerMapping.registerHandler - Mapped URL path [/**/favicon.ico] onto handler of type [class org.springframework.web.servlet.resource.ResourceHttpRequestHandler]
25-10-2021 16:32:06.438 [main] WARN  o.a.c.i.DefaultCamelBeanPostProcessor.postProcessBeforeInitialization - No CamelContext defined yet so cannot inject into bean: routesHealthCheckRepository
25-10-2021 16:32:06.502 [main] INFO  o.a.c.i.c.DefaultTypeConverter.doStart - Type converters loaded (core: 192, classpath: 1)
25-10-2021 16:32:07.047 [main] INFO  o.s.j.e.a.AnnotationMBeanExporter.afterSingletonsInstantiated - Registering beans for JMX exposure on startup
25-10-2021 16:32:07.058 [main] INFO  c.learncamel.route.SimpleCamelRoute.configure - Starting the Camel Route
25-10-2021 16:32:07.084 [main] INFO  c.learncamel.route.SimpleCamelRoute.configure - Ending the Camel Route
25-10-2021 16:32:07.085 [main] INFO  o.a.c.spring.boot.RoutesCollector.loadXmlRoutes - Loading additional Camel XML routes from: classpath:camel/*.xml
25-10-2021 16:32:07.085 [main] INFO  o.a.c.spring.boot.RoutesCollector.loadXmlRests - Loading additional Camel XML rests from: classpath:camel-rest/*.xml
25-10-2021 16:32:07.093 [main] INFO  o.a.camel.spring.SpringCamelContext.start - Apache Camel 2.20.1 (CamelContext: camel-1) is starting
25-10-2021 16:32:07.095 [main] INFO  o.a.c.m.ManagedManagementStrategy.doStart - JMX is enabled
25-10-2021 16:32:07.303 [main] INFO  o.a.camel.spring.SpringCamelContext.doStartCamel - StreamCaching is not in use. If using streams then its recommended to enable stream caching. See more details at http://camel.apache.org/stream-caching.html
25-10-2021 16:32:07.486 [main] INFO  o.a.camel.spring.SpringCamelContext.doStartOrResumeRouteConsumers - Route: route1 started and consuming from: timer://hello?period=10s
25-10-2021 16:32:07.487 [main] INFO  o.a.camel.spring.SpringCamelContext.start - Total 1 routes, of which 1 are started
25-10-2021 16:32:07.488 [main] INFO  o.a.camel.spring.SpringCamelContext.start - Apache Camel 2.20.1 (CamelContext: camel-1) started in 0.394 seconds
25-10-2021 16:32:07.491 [main] INFO  o.a.coyote.http11.Http11NioProtocol.log - Initializing ProtocolHandler ["http-nio-8080"]
25-10-2021 16:32:07.497 [main] INFO  o.a.coyote.http11.Http11NioProtocol.log - Starting ProtocolHandler ["http-nio-8080"]
25-10-2021 16:32:07.507 [main] INFO  o.a.tomcat.util.net.NioSelectorPool.log - Using a shared selector for servlet write/read
25-10-2021 16:32:07.519 [main] INFO  o.s.b.c.e.t.TomcatEmbeddedServletContainer.start - Tomcat started on port(s): 8080 (http)
25-10-2021 16:32:07.523 [main] INFO  c.l.LearncamelSpringBootApplication.logStarted - Started LearncamelSpringBootApplication in 3.399 seconds (JVM running for 4.219)
25-10-2021 16:32:08.525 [Camel (camel-1) thread #1 - timer://hello] INFO  route1.log - Timer Invoked and the bodyDEV Environment
25-10-2021 16:32:09.632 [Camel (camel-1) thread #1 - timer://hello] INFO  route1.log - The unmarshaled object is [Item{transactionType='ADD', sku='100', itemDescription='Samsung TV', price=500.00}, Item{transactionType='ADD', sku='101', itemDescription='LG TV', price=500.00}]
25-10-2021 16:32:18.516 [Camel (camel-1) thread #1 - timer://hello] INFO  route1.log - Timer Invoked and the bodyDEV Environment
25-10-2021 17:03:14.182 [RMI TCP Connection(2)-127.0.0.1] INFO  o.s.b.a.SpringApplicationAdminMXBeanRegistrar$SpringApplicationAdmin.shutdown - Application shutdown requested.
25-10-2021 17:03:14.183 [RMI TCP Connection(2)-127.0.0.1] INFO  o.s.b.c.e.AnnotationConfigEmbeddedWebApplicationContext.doClose - Closing org.springframework.boot.context.embedded.AnnotationConfigEmbeddedWebApplicationContext@55b699ef: startup date [Mon Oct 25 16:32:04 IST 2021]; root of context hierarchy
25-10-2021 17:03:14.186 [RMI TCP Connection(2)-127.0.0.1] INFO  o.s.c.s.DefaultLifecycleProcessor.stop - Stopping beans in phase 2147483647
25-10-2021 17:03:14.186 [RMI TCP Connection(2)-127.0.0.1] INFO  o.a.camel.spring.SpringCamelContext.doStop - Apache Camel 2.20.1 (CamelContext: camel-1) is shutting down
25-10-2021 17:03:14.187 [RMI TCP Connection(2)-127.0.0.1] INFO  o.a.c.impl.DefaultShutdownStrategy.doShutdown - Starting to graceful shutdown 1 routes (timeout 2 seconds)
25-10-2021 17:03:14.189 [Camel (camel-1) thread #3 - ShutdownTask] INFO  o.a.c.impl.DefaultShutdownStrategy.run - Waiting as there are still 1 inflight and pending exchanges to complete, timeout in 2 seconds. Inflights per route: [route1 = 1]
25-10-2021 17:03:14.196 [Camel (camel-1) thread #3 - ShutdownTask] INFO  o.a.c.impl.DefaultShutdownStrategy.logInflightExchanges - There are 1 inflight exchanges:
	InflightExchange: [exchangeId=ID-DESKTOP-AH2VL3Q-1635159726379-0-3, fromRouteId=route1, routeId=route1, nodeId=pollEnrich1, elapsed=0, duration=1855680]
25-10-2021 17:03:15.119 [RMI TCP Connection(3)-127.0.0.1] INFO  o.s.b.a.SpringApplicationAdminMXBeanRegistrar$SpringApplicationAdmin.shutdown - Application shutdown requested.
25-10-2021 17:03:15.208 [Camel (camel-1) thread #3 - ShutdownTask] INFO  o.a.c.impl.DefaultShutdownStrategy.run - Waiting as there are still 1 inflight and pending exchanges to complete, timeout in 1 seconds. Inflights per route: [route1 = 1]
25-10-2021 17:03:15.208 [Camel (camel-1) thread #3 - ShutdownTask] INFO  o.a.c.impl.DefaultShutdownStrategy.logInflightExchanges - There are 1 inflight exchanges:
	InflightExchange: [exchangeId=ID-DESKTOP-AH2VL3Q-1635159726379-0-3, fromRouteId=route1, routeId=route1, nodeId=pollEnrich1, elapsed=0, duration=1856692]
25-10-2021 17:03:16.203 [RMI TCP Connection(2)-127.0.0.1] WARN  o.a.c.impl.DefaultShutdownStrategy.doShutdown - Timeout occurred during graceful shutdown. Forcing the routes to be shutdown now. Notice: some resources may still be running as graceful shutdown did not complete successfully.
25-10-2021 17:03:16.204 [Camel (camel-1) thread #3 - ShutdownTask] WARN  o.a.c.impl.DefaultShutdownStrategy.run - Interrupted while waiting during graceful shutdown, will force shutdown now.
25-10-2021 17:03:16.205 [RMI TCP Connection(2)-127.0.0.1] INFO  o.a.c.impl.DefaultShutdownStrategy.logInflightExchanges - There are 1 inflight exchanges:
	InflightExchange: [exchangeId=ID-DESKTOP-AH2VL3Q-1635159726379-0-3, fromRouteId=route1, routeId=route1, nodeId=pollEnrich1, elapsed=0, duration=1857689]
25-10-2021 17:03:16.207 [RMI TCP Connection(2)-127.0.0.1] INFO  o.a.c.impl.DefaultShutdownStrategy.doShutdown - Graceful shutdown of 1 routes completed in 2 seconds
25-10-2021 17:03:16.220 [Camel (camel-1) thread #3 - ShutdownTask] INFO  o.a.c.impl.DefaultShutdownStrategy.run - Route: route1 shutdown complete, was consuming from: timer://hello?period=10s
25-10-2021 17:03:16.225 [RMI TCP Connection(2)-127.0.0.1] WARN  o.a.c.impl.DefaultInflightRepository.doStop - Shutting down while there are still 1 inflight exchanges.
25-10-2021 17:03:16.234 [RMI TCP Connection(2)-127.0.0.1] INFO  o.a.camel.spring.SpringCamelContext.doStop - Apache Camel 2.20.1 (CamelContext: camel-1) uptime 31 minutes
25-10-2021 17:03:16.236 [RMI TCP Connection(2)-127.0.0.1] INFO  o.a.camel.spring.SpringCamelContext.doStop - Apache Camel 2.20.1 (CamelContext: camel-1) is shutdown in 2.049 seconds
25-10-2021 17:03:16.239 [RMI TCP Connection(2)-127.0.0.1] INFO  o.s.j.e.a.AnnotationMBeanExporter.destroy - Unregistering JMX-exposed beans on shutdown
25-10-2021 19:32:08.650 [main] INFO  o.s.b.t.c.SpringBootTestContextBootstrapper.buildDefaultMergedContextConfiguration - Neither @ContextConfiguration nor @ContextHierarchy found for test class [com.learncamel.route.SimpleCamelRouteMockTest], using SpringBootContextLoader
25-10-2021 19:32:08.690 [main] INFO  o.s.t.c.s.AbstractContextLoader.generateDefaultLocations - Could not detect default resource locations for test class [com.learncamel.route.SimpleCamelRouteMockTest]: no resource found for suffixes {-context.xml, Context.groovy}.
25-10-2021 19:32:08.698 [main] INFO  o.s.t.c.s.AnnotationConfigContextLoaderUtils.detectDefaultConfigurationClasses - Could not detect default configuration classes for test class [com.learncamel.route.SimpleCamelRouteMockTest]: SimpleCamelRouteMockTest does not declare any static, non-private, non-final, nested classes annotated with @Configuration.
25-10-2021 19:32:09.006 [main] INFO  o.s.b.t.c.SpringBootTestContextBootstrapper.getOrFindConfigurationClasses - Found @SpringBootConfiguration com.learncamel.LearncamelSpringBootApplication for test class com.learncamel.route.SimpleCamelRouteMockTest
25-10-2021 19:32:09.035 [main] INFO  o.s.b.t.c.SpringBootTestContextBootstrapper.getDefaultTestExecutionListenerClassNames - Loaded default TestExecutionListener class names from location [META-INF/spring.factories]: [org.springframework.boot.test.mock.mockito.MockitoTestExecutionListener, org.springframework.boot.test.mock.mockito.ResetMocksTestExecutionListener, org.springframework.boot.test.autoconfigure.restdocs.RestDocsTestExecutionListener, org.springframework.boot.test.autoconfigure.web.client.MockRestServiceServerResetTestExecutionListener, org.springframework.boot.test.autoconfigure.web.servlet.MockMvcPrintOnlyOnFailureTestExecutionListener, org.springframework.boot.test.autoconfigure.web.servlet.WebDriverTestExecutionListener, org.springframework.test.context.web.ServletTestExecutionListener, org.springframework.test.context.support.DirtiesContextBeforeModesTestExecutionListener, org.springframework.test.context.support.DependencyInjectionTestExecutionListener, org.springframework.test.context.support.DirtiesContextTestExecutionListener, org.springframework.test.context.transaction.TransactionalTestExecutionListener, org.springframework.test.context.jdbc.SqlScriptsTestExecutionListener]
25-10-2021 19:32:09.072 [main] INFO  o.s.b.t.c.SpringBootTestContextBootstrapper.getTestExecutionListeners - Using TestExecutionListeners: [org.springframework.test.context.web.ServletTestExecutionListener@1725dc0f, org.springframework.test.context.support.DirtiesContextBeforeModesTestExecutionListener@3911c2a7, org.springframework.boot.test.autoconfigure.SpringBootDependencyInjectionTestExecutionListener@4ac3c60d, org.springframework.test.context.support.DirtiesContextTestExecutionListener@4facf68f, org.springframework.test.context.transaction.TransactionalTestExecutionListener@76508ed1, org.springframework.test.context.jdbc.SqlScriptsTestExecutionListener@41e36e46, org.springframework.boot.test.autoconfigure.web.servlet.MockMvcPrintOnlyOnFailureTestExecutionListener@15c43bd9, org.springframework.boot.test.autoconfigure.restdocs.RestDocsTestExecutionListener@3d74bf60, org.springframework.boot.test.mock.mockito.MockitoTestExecutionListener@4f209819, org.springframework.boot.test.mock.mockito.ResetMocksTestExecutionListener@15eb5ee5, org.springframework.boot.test.autoconfigure.web.client.MockRestServiceServerResetTestExecutionListener@2145b572, org.springframework.boot.test.autoconfigure.web.servlet.WebDriverTestExecutionListener@39529185]
25-10-2021 19:32:09.088 [main] INFO  o.s.b.t.c.SpringBootTestContextBootstrapper.buildDefaultMergedContextConfiguration - Neither @ContextConfiguration nor @ContextHierarchy found for test class [com.learncamel.route.SimpleCamelRouteTest], using SpringBootContextLoader
25-10-2021 19:32:09.092 [main] INFO  o.s.t.c.s.AbstractContextLoader.generateDefaultLocations - Could not detect default resource locations for test class [com.learncamel.route.SimpleCamelRouteTest]: no resource found for suffixes {-context.xml, Context.groovy}.
25-10-2021 19:32:09.094 [main] INFO  o.s.t.c.s.AnnotationConfigContextLoaderUtils.detectDefaultConfigurationClasses - Could not detect default configuration classes for test class [com.learncamel.route.SimpleCamelRouteTest]: SimpleCamelRouteTest does not declare any static, non-private, non-final, nested classes annotated with @Configuration.
25-10-2021 19:32:09.109 [main] INFO  o.s.b.t.c.SpringBootTestContextBootstrapper.getOrFindConfigurationClasses - Found @SpringBootConfiguration com.learncamel.LearncamelSpringBootApplication for test class com.learncamel.route.SimpleCamelRouteTest
25-10-2021 19:32:09.119 [main] INFO  o.s.b.t.c.SpringBootTestContextBootstrapper.getDefaultTestExecutionListenerClassNames - Loaded default TestExecutionListener class names from location [META-INF/spring.factories]: [org.springframework.boot.test.mock.mockito.MockitoTestExecutionListener, org.springframework.boot.test.mock.mockito.ResetMocksTestExecutionListener, org.springframework.boot.test.autoconfigure.restdocs.RestDocsTestExecutionListener, org.springframework.boot.test.autoconfigure.web.client.MockRestServiceServerResetTestExecutionListener, org.springframework.boot.test.autoconfigure.web.servlet.MockMvcPrintOnlyOnFailureTestExecutionListener, org.springframework.boot.test.autoconfigure.web.servlet.WebDriverTestExecutionListener, org.springframework.test.context.web.ServletTestExecutionListener, org.springframework.test.context.support.DirtiesContextBeforeModesTestExecutionListener, org.springframework.test.context.support.DependencyInjectionTestExecutionListener, org.springframework.test.context.support.DirtiesContextTestExecutionListener, org.springframework.test.context.transaction.TransactionalTestExecutionListener, org.springframework.test.context.jdbc.SqlScriptsTestExecutionListener]
25-10-2021 19:32:09.128 [main] INFO  o.s.b.t.c.SpringBootTestContextBootstrapper.getTestExecutionListeners - Using TestExecutionListeners: [org.springframework.test.context.web.ServletTestExecutionListener@661972b0, org.springframework.test.context.support.DirtiesContextBeforeModesTestExecutionListener@5af3afd9, org.springframework.boot.test.autoconfigure.SpringBootDependencyInjectionTestExecutionListener@323b36e0, org.springframework.test.context.support.DirtiesContextTestExecutionListener@44ebcd03, org.springframework.test.context.transaction.TransactionalTestExecutionListener@694abbdc, org.springframework.test.context.jdbc.SqlScriptsTestExecutionListener@2e005c4b, org.springframework.boot.test.autoconfigure.web.servlet.MockMvcPrintOnlyOnFailureTestExecutionListener@4567f35d, org.springframework.boot.test.autoconfigure.restdocs.RestDocsTestExecutionListener@5ffead27, org.springframework.boot.test.mock.mockito.MockitoTestExecutionListener@6356695f, org.springframework.boot.test.mock.mockito.ResetMocksTestExecutionListener@4f18837a, org.springframework.boot.test.autoconfigure.web.client.MockRestServiceServerResetTestExecutionListener@359f7cdf, org.springframework.boot.test.autoconfigure.web.servlet.WebDriverTestExecutionListener@1fa268de]
25-10-2021 19:32:09.143 [main] INFO  o.s.b.t.c.SpringBootTestContextBootstrapper.buildDefaultMergedContextConfiguration - Neither @ContextConfiguration nor @ContextHierarchy found for test class [com.learncamel.route.SimpleCamelRouteMockTest], using SpringBootContextLoader
25-10-2021 19:32:09.145 [main] INFO  o.s.t.c.s.AbstractContextLoader.generateDefaultLocations - Could not detect default resource locations for test class [com.learncamel.route.SimpleCamelRouteMockTest]: no resource found for suffixes {-context.xml, Context.groovy}.
25-10-2021 19:32:09.146 [main] INFO  o.s.t.c.s.AnnotationConfigContextLoaderUtils.detectDefaultConfigurationClasses - Could not detect default configuration classes for test class [com.learncamel.route.SimpleCamelRouteMockTest]: SimpleCamelRouteMockTest does not declare any static, non-private, non-final, nested classes annotated with @Configuration.
25-10-2021 19:32:09.159 [main] INFO  o.s.b.t.c.SpringBootTestContextBootstrapper.getOrFindConfigurationClasses - Found @SpringBootConfiguration com.learncamel.LearncamelSpringBootApplication for test class com.learncamel.route.SimpleCamelRouteMockTest
25-10-2021 19:32:09.182 [main] INFO  o.s.b.t.c.SpringBootTestContextBootstrapper.getDefaultTestExecutionListenerClassNames - Loaded default TestExecutionListener class names from location [META-INF/spring.factories]: [org.springframework.boot.test.mock.mockito.MockitoTestExecutionListener, org.springframework.boot.test.mock.mockito.ResetMocksTestExecutionListener, org.springframework.boot.test.autoconfigure.restdocs.RestDocsTestExecutionListener, org.springframework.boot.test.autoconfigure.web.client.MockRestServiceServerResetTestExecutionListener, org.springframework.boot.test.autoconfigure.web.servlet.MockMvcPrintOnlyOnFailureTestExecutionListener, org.springframework.boot.test.autoconfigure.web.servlet.WebDriverTestExecutionListener, org.springframework.test.context.web.ServletTestExecutionListener, org.springframework.test.context.support.DirtiesContextBeforeModesTestExecutionListener, org.springframework.test.context.support.DependencyInjectionTestExecutionListener, org.springframework.test.context.support.DirtiesContextTestExecutionListener, org.springframework.test.context.transaction.TransactionalTestExecutionListener, org.springframework.test.context.jdbc.SqlScriptsTestExecutionListener]
25-10-2021 19:32:09.196 [main] INFO  o.s.b.t.c.SpringBootTestContextBootstrapper.getTestExecutionListeners - Using TestExecutionListeners: [org.springframework.test.context.web.ServletTestExecutionListener@293a5bf6, org.springframework.test.context.support.DirtiesContextBeforeModesTestExecutionListener@6aeb35e6, org.springframework.boot.test.autoconfigure.SpringBootDependencyInjectionTestExecutionListener@1283bb96, org.springframework.test.context.support.DirtiesContextTestExecutionListener@74f0ea28, org.springframework.test.context.transaction.TransactionalTestExecutionListener@f6efaab, org.springframework.test.context.jdbc.SqlScriptsTestExecutionListener@3c19aaa5, org.springframework.boot.test.autoconfigure.web.servlet.MockMvcPrintOnlyOnFailureTestExecutionListener@3349e9bb, org.springframework.boot.test.autoconfigure.restdocs.RestDocsTestExecutionListener@409bf450, org.springframework.boot.test.mock.mockito.MockitoTestExecutionListener@38d8f54a, org.springframework.boot.test.mock.mockito.ResetMocksTestExecutionListener@49e53c76, org.springframework.boot.test.autoconfigure.web.client.MockRestServiceServerResetTestExecutionListener@351d00c0, org.springframework.boot.test.autoconfigure.web.servlet.WebDriverTestExecutionListener@2a3b5b47]
25-10-2021 19:32:09.207 [main] INFO  o.a.c.t.s.CamelSpringBootExecutionListener.prepareTestInstance - @RunWith(CamelSpringBootJUnit4ClassRunner.class) preparing: class com.learncamel.route.SimpleCamelRouteMockTest
25-10-2021 19:32:10.596 [main] INFO  c.l.route.SimpleCamelRouteMockTest.logStarting - Starting SimpleCamelRouteMockTest on DESKTOP-AH2VL3Q with PID 13828 (started by lenovo in H:\camel-bindly-parse-csv-file\learncamel-spring-boot-bindy)
25-10-2021 19:32:10.598 [main] INFO  c.l.route.SimpleCamelRouteMockTest.logStartupProfileInfo - The following profiles are active: mock
25-10-2021 19:32:10.754 [main] INFO  o.s.w.c.s.GenericWebApplicationContext.prepareRefresh - Refreshing org.springframework.web.context.support.GenericWebApplicationContext@53b7f657: startup date [Mon Oct 25 19:32:10 IST 2021]; root of context hierarchy
25-10-2021 19:32:11.667 [background-preinit] INFO  o.h.validator.internal.util.Version.<clinit> - HV000001: Hibernate Validator 5.3.6.Final
25-10-2021 19:32:14.378 [main] INFO  o.s.c.s.PostProcessorRegistrationDelegate$BeanPostProcessorChecker.postProcessAfterInitialization - Bean 'org.apache.camel.spring.boot.CamelAutoConfiguration' of type [org.apache.camel.spring.boot.CamelAutoConfiguration$$EnhancerBySpringCGLIB$$10472ac9] is not eligible for getting processed by all BeanPostProcessors (for example: not eligible for auto-proxying)
25-10-2021 19:32:16.294 [main] INFO  o.s.w.s.m.m.a.RequestMappingHandlerAdapter.initControllerAdviceCache - Looking for @ControllerAdvice: org.springframework.web.context.support.GenericWebApplicationContext@53b7f657: startup date [Mon Oct 25 19:32:10 IST 2021]; root of context hierarchy
25-10-2021 19:32:16.507 [main] INFO  o.s.w.s.m.m.a.RequestMappingHandlerMapping.register - Mapped "{[/error]}" onto public org.springframework.http.ResponseEntity<java.util.Map<java.lang.String, java.lang.Object>> org.springframework.boot.autoconfigure.web.BasicErrorController.error(javax.servlet.http.HttpServletRequest)
25-10-2021 19:32:16.509 [main] INFO  o.s.w.s.m.m.a.RequestMappingHandlerMapping.register - Mapped "{[/error],produces=[text/html]}" onto public org.springframework.web.servlet.ModelAndView org.springframework.boot.autoconfigure.web.BasicErrorController.errorHtml(javax.servlet.http.HttpServletRequest,javax.servlet.http.HttpServletResponse)
25-10-2021 19:32:16.668 [main] INFO  o.s.w.s.h.SimpleUrlHandlerMapping.registerHandler - Mapped URL path [/webjars/**] onto handler of type [class org.springframework.web.servlet.resource.ResourceHttpRequestHandler]
25-10-2021 19:32:16.672 [main] INFO  o.s.w.s.h.SimpleUrlHandlerMapping.registerHandler - Mapped URL path [/**] onto handler of type [class org.springframework.web.servlet.resource.ResourceHttpRequestHandler]
25-10-2021 19:32:16.796 [main] INFO  o.s.w.s.h.SimpleUrlHandlerMapping.registerHandler - Mapped URL path [/**/favicon.ico] onto handler of type [class org.springframework.web.servlet.resource.ResourceHttpRequestHandler]
25-10-2021 19:32:17.711 [main] WARN  o.a.c.i.DefaultCamelBeanPostProcessor.postProcessBeforeInitialization - No CamelContext defined yet so cannot inject into bean: routesHealthCheckRepository
25-10-2021 19:32:18.472 [main] INFO  o.a.c.i.c.DefaultTypeConverter.doStart - Type converters loaded (core: 192, classpath: 1)
25-10-2021 19:32:20.500 [main] INFO  c.learncamel.route.SimpleCamelRoute.configure - Starting the Camel Route
25-10-2021 19:32:20.757 [main] INFO  c.learncamel.route.SimpleCamelRoute.configure - Ending the Camel Route
25-10-2021 19:32:20.760 [main] INFO  o.a.c.spring.boot.RoutesCollector.loadXmlRoutes - Loading additional Camel XML routes from: classpath:camel/*.xml
25-10-2021 19:32:20.761 [main] INFO  o.a.c.spring.boot.RoutesCollector.loadXmlRests - Loading additional Camel XML rests from: classpath:camel-rest/*.xml
25-10-2021 19:32:20.879 [main] INFO  c.l.route.SimpleCamelRouteMockTest.logStarted - Started SimpleCamelRouteMockTest in 11.265 seconds (JVM running for 13.436)
25-10-2021 19:32:20.919 [main] INFO  o.a.c.t.s.CamelAnnotationsHandler.execute - Setting shutdown timeout to [10 SECONDS] on CamelContext with name [camelContext].
25-10-2021 19:32:20.972 [main] WARN  o.s.b.f.a.AutowiredAnnotationBeanPostProcessor.doWith - Autowired annotation should only be used on methods with parameters: protected org.apache.camel.CamelContext com.learncamel.route.SimpleCamelRouteMockTest.createCamelContext()
25-10-2021 19:32:21.102 [main] INFO  o.a.c.t.s.CamelSpringBootExecutionListener.beforeTestMethod - @RunWith(CamelSpringBootJUnit4ClassRunner.class) before: class com.learncamel.route.SimpleCamelRouteMockTest.testMoveFileMock
25-10-2021 19:32:21.103 [main] INFO  o.a.c.t.s.CamelSpringBootExecutionListener.beforeTestMethod - Initialized CamelSpringBootJUnit4ClassRunner now ready to start CamelContext
25-10-2021 19:32:21.126 [main] INFO  o.a.c.t.s.CamelAnnotationsHandler.execute - Starting CamelContext with name [camelContext].
25-10-2021 19:32:21.127 [main] INFO  o.a.camel.spring.SpringCamelContext.start - Apache Camel 2.20.1 (CamelContext: camel-1) is starting
25-10-2021 19:32:21.130 [main] INFO  o.a.c.m.ManagedManagementStrategy.doStart - JMX is enabled
25-10-2021 19:32:22.215 [main] INFO  o.a.camel.spring.SpringCamelContext.doStartCamel - StreamCaching is not in use. If using streams then its recommended to enable stream caching. See more details at http://camel.apache.org/stream-caching.html
25-10-2021 19:32:22.451 [main] INFO  o.a.camel.spring.SpringCamelContext.doStartOrResumeRouteConsumers - Route: route1 started and consuming from: direct://input
25-10-2021 19:32:22.452 [main] INFO  o.a.camel.spring.SpringCamelContext.start - Total 1 routes, of which 1 are started
25-10-2021 19:32:22.463 [main] INFO  o.a.camel.spring.SpringCamelContext.start - Apache Camel 2.20.1 (CamelContext: camel-1) started in 1.335 seconds
25-10-2021 19:32:22.605 [main] INFO  c.l.route.SimpleCamelRouteMockTest.setUp - ********************************************************************************
25-10-2021 19:32:22.606 [main] INFO  c.l.route.SimpleCamelRouteMockTest.setUp - Testing: testMoveFileMock(com.learncamel.route.SimpleCamelRouteMockTest)
25-10-2021 19:32:22.607 [main] INFO  c.l.route.SimpleCamelRouteMockTest.setUp - ********************************************************************************
25-10-2021 19:32:22.738 [main] INFO  route1.log - Timer Invoked and the bodyDEV Environment
25-10-2021 19:32:22.781 [main] INFO  route1.log - mock env flow and the body is type,sku#,itemdescription,price
ADD,100,Samsung TV,500
ADD,101,LG TV,500
25-10-2021 19:32:22.957 [main] INFO  route1.log - The unmarshaled object is [Item{transactionType='ADD', sku='100', itemDescription='Samsung TV', price=500.00}, Item{transactionType='ADD', sku='101', itemDescription='LG TV', price=500.00}]
25-10-2021 19:32:22.959 [main] INFO  o.a.c.component.mock.MockEndpoint.assertIsSatisfied - Asserting: mock://output is satisfied
25-10-2021 19:32:22.960 [main] INFO  c.l.route.SimpleCamelRouteMockTest.tearDown - ********************************************************************************
25-10-2021 19:32:22.961 [main] INFO  c.l.route.SimpleCamelRouteMockTest.tearDown - Testing done: testMoveFileMock(com.learncamel.route.SimpleCamelRouteMockTest)
25-10-2021 19:32:22.963 [main] INFO  c.l.route.SimpleCamelRouteMockTest.tearDown - Took: 0.254 seconds (254 millis)
25-10-2021 19:32:22.966 [main] INFO  c.l.route.SimpleCamelRouteMockTest.tearDown - ********************************************************************************
25-10-2021 19:32:22.976 [main] INFO  o.a.camel.spring.SpringCamelContext.doStop - Apache Camel 2.20.1 (CamelContext: camel-1) is shutting down
25-10-2021 19:32:22.982 [main] INFO  o.a.c.impl.DefaultShutdownStrategy.doShutdown - Starting to graceful shutdown 1 routes (timeout 10 seconds)
25-10-2021 19:32:23.007 [Camel (camel-1) thread #1 - ShutdownTask] INFO  o.a.c.impl.DefaultShutdownStrategy.run - Route: route1 shutdown complete, was consuming from: direct://input
25-10-2021 19:32:23.017 [main] INFO  o.a.c.impl.DefaultShutdownStrategy.doShutdown - Graceful shutdown of 1 routes completed in 0 seconds
25-10-2021 19:32:23.064 [main] INFO  o.a.camel.spring.SpringCamelContext.doStop - Apache Camel 2.20.1 (CamelContext: camel-1) uptime 1.937 seconds
25-10-2021 19:32:23.065 [main] INFO  o.a.camel.spring.SpringCamelContext.doStop - Apache Camel 2.20.1 (CamelContext: camel-1) is shutdown in 0.089 seconds
25-10-2021 19:32:23.095 [main] INFO  o.s.w.c.s.GenericWebApplicationContext.doClose - Closing org.springframework.web.context.support.GenericWebApplicationContext@53b7f657: startup date [Mon Oct 25 19:32:10 IST 2021]; root of context hierarchy
25-10-2021 19:32:23.127 [main] INFO  o.s.c.s.DefaultLifecycleProcessor.stop - Stopping beans in phase 2147483647
25-10-2021 19:32:23.140 [main] INFO  c.l.route.SimpleCamelRouteMockTest.afterTestMethod - ********************************************************************************
25-10-2021 19:32:23.142 [main] INFO  c.l.route.SimpleCamelRouteMockTest.afterTestMethod - Testing done: testMoveFileMock(com.learncamel.route.SimpleCamelRouteMockTest)
25-10-2021 19:32:23.143 [main] INFO  c.l.route.SimpleCamelRouteMockTest.afterTestMethod - Took: 0.673 seconds (673 millis)
25-10-2021 19:32:23.144 [main] INFO  c.l.route.SimpleCamelRouteMockTest.afterTestMethod - ********************************************************************************
25-10-2021 19:32:23.154 [main] INFO  o.s.b.t.c.SpringBootTestContextBootstrapper.buildDefaultMergedContextConfiguration - Neither @ContextConfiguration nor @ContextHierarchy found for test class [com.learncamel.route.SimpleCamelRouteTest], using SpringBootContextLoader
25-10-2021 19:32:23.297 [main] INFO  o.s.t.c.s.AbstractContextLoader.generateDefaultLocations - Could not detect default resource locations for test class [com.learncamel.route.SimpleCamelRouteTest]: no resource found for suffixes {-context.xml, Context.groovy}.
25-10-2021 19:32:23.299 [main] INFO  o.s.t.c.s.AnnotationConfigContextLoaderUtils.detectDefaultConfigurationClasses - Could not detect default configuration classes for test class [com.learncamel.route.SimpleCamelRouteTest]: SimpleCamelRouteTest does not declare any static, non-private, non-final, nested classes annotated with @Configuration.
25-10-2021 19:32:23.307 [main] INFO  o.s.b.t.c.SpringBootTestContextBootstrapper.getOrFindConfigurationClasses - Found @SpringBootConfiguration com.learncamel.LearncamelSpringBootApplication for test class com.learncamel.route.SimpleCamelRouteTest
25-10-2021 19:32:23.331 [main] INFO  o.s.b.t.c.SpringBootTestContextBootstrapper.getDefaultTestExecutionListenerClassNames - Loaded default TestExecutionListener class names from location [META-INF/spring.factories]: [org.springframework.boot.test.mock.mockito.MockitoTestExecutionListener, org.springframework.boot.test.mock.mockito.ResetMocksTestExecutionListener, org.springframework.boot.test.autoconfigure.restdocs.RestDocsTestExecutionListener, org.springframework.boot.test.autoconfigure.web.client.MockRestServiceServerResetTestExecutionListener, org.springframework.boot.test.autoconfigure.web.servlet.MockMvcPrintOnlyOnFailureTestExecutionListener, org.springframework.boot.test.autoconfigure.web.servlet.WebDriverTestExecutionListener, org.springframework.test.context.web.ServletTestExecutionListener, org.springframework.test.context.support.DirtiesContextBeforeModesTestExecutionListener, org.springframework.test.context.support.DependencyInjectionTestExecutionListener, org.springframework.test.context.support.DirtiesContextTestExecutionListener, org.springframework.test.context.transaction.TransactionalTestExecutionListener, org.springframework.test.context.jdbc.SqlScriptsTestExecutionListener]
25-10-2021 19:32:23.337 [main] INFO  o.s.b.t.c.SpringBootTestContextBootstrapper.getTestExecutionListeners - Using TestExecutionListeners: [org.springframework.test.context.web.ServletTestExecutionListener@6b0325d0, org.springframework.test.context.support.DirtiesContextBeforeModesTestExecutionListener@70439c3, org.springframework.boot.test.autoconfigure.SpringBootDependencyInjectionTestExecutionListener@72a33316, org.springframework.test.context.support.DirtiesContextTestExecutionListener@57fce8b, org.springframework.test.context.transaction.TransactionalTestExecutionListener@77204651, org.springframework.test.context.jdbc.SqlScriptsTestExecutionListener@51cca357, org.springframework.boot.test.autoconfigure.web.servlet.MockMvcPrintOnlyOnFailureTestExecutionListener@3a9c11fb, org.springframework.boot.test.autoconfigure.restdocs.RestDocsTestExecutionListener@416c8bb5, org.springframework.boot.test.mock.mockito.MockitoTestExecutionListener@340b4f07, org.springframework.boot.test.mock.mockito.ResetMocksTestExecutionListener@e994ca, org.springframework.boot.test.autoconfigure.web.client.MockRestServiceServerResetTestExecutionListener@5a205ee5, org.springframework.boot.test.autoconfigure.web.servlet.WebDriverTestExecutionListener@7fb44737]
25-10-2021 19:32:23.350 [main] INFO  o.a.c.t.s.CamelSpringBootExecutionListener.prepareTestInstance - @RunWith(CamelSpringBootJUnit4ClassRunner.class) preparing: class com.learncamel.route.SimpleCamelRouteTest
25-10-2021 19:32:23.665 [main] INFO  c.l.route.SimpleCamelRouteTest.logStarting - Starting SimpleCamelRouteTest on DESKTOP-AH2VL3Q with PID 13828 (started by lenovo in H:\camel-bindly-parse-csv-file\learncamel-spring-boot-bindy)
25-10-2021 19:32:23.667 [main] INFO  c.l.route.SimpleCamelRouteTest.logStartupProfileInfo - The following profiles are active: dev
25-10-2021 19:32:23.675 [main] INFO  o.s.w.c.s.GenericWebApplicationContext.prepareRefresh - Refreshing org.springframework.web.context.support.GenericWebApplicationContext@6aaa678d: startup date [Mon Oct 25 19:32:23 IST 2021]; root of context hierarchy
25-10-2021 19:32:25.439 [main] INFO  o.s.c.s.PostProcessorRegistrationDelegate$BeanPostProcessorChecker.postProcessAfterInitialization - Bean 'org.apache.camel.spring.boot.CamelAutoConfiguration' of type [org.apache.camel.spring.boot.CamelAutoConfiguration$$EnhancerBySpringCGLIB$$10472ac9] is not eligible for getting processed by all BeanPostProcessors (for example: not eligible for auto-proxying)
25-10-2021 19:32:26.253 [main] INFO  o.s.w.s.m.m.a.RequestMappingHandlerAdapter.initControllerAdviceCache - Looking for @ControllerAdvice: org.springframework.web.context.support.GenericWebApplicationContext@6aaa678d: startup date [Mon Oct 25 19:32:23 IST 2021]; root of context hierarchy
25-10-2021 19:32:26.299 [main] INFO  o.s.w.s.m.m.a.RequestMappingHandlerMapping.register - Mapped "{[/error]}" onto public org.springframework.http.ResponseEntity<java.util.Map<java.lang.String, java.lang.Object>> org.springframework.boot.autoconfigure.web.BasicErrorController.error(javax.servlet.http.HttpServletRequest)
25-10-2021 19:32:26.302 [main] INFO  o.s.w.s.m.m.a.RequestMappingHandlerMapping.register - Mapped "{[/error],produces=[text/html]}" onto public org.springframework.web.servlet.ModelAndView org.springframework.boot.autoconfigure.web.BasicErrorController.errorHtml(javax.servlet.http.HttpServletRequest,javax.servlet.http.HttpServletResponse)
25-10-2021 19:32:26.382 [main] INFO  o.s.w.s.h.SimpleUrlHandlerMapping.registerHandler - Mapped URL path [/webjars/**] onto handler of type [class org.springframework.web.servlet.resource.ResourceHttpRequestHandler]
25-10-2021 19:32:26.384 [main] INFO  o.s.w.s.h.SimpleUrlHandlerMapping.registerHandler - Mapped URL path [/**] onto handler of type [class org.springframework.web.servlet.resource.ResourceHttpRequestHandler]
25-10-2021 19:32:26.482 [main] INFO  o.s.w.s.h.SimpleUrlHandlerMapping.registerHandler - Mapped URL path [/**/favicon.ico] onto handler of type [class org.springframework.web.servlet.resource.ResourceHttpRequestHandler]
25-10-2021 19:32:26.845 [main] WARN  o.a.c.i.DefaultCamelBeanPostProcessor.postProcessBeforeInitialization - No CamelContext defined yet so cannot inject into bean: routesHealthCheckRepository
25-10-2021 19:32:26.938 [main] INFO  o.a.c.i.c.DefaultTypeConverter.doStart - Type converters loaded (core: 192, classpath: 1)
25-10-2021 19:32:28.728 [main] INFO  c.learncamel.route.SimpleCamelRoute.configure - Starting the Camel Route
25-10-2021 19:32:28.730 [main] INFO  c.learncamel.route.SimpleCamelRoute.configure - Ending the Camel Route
25-10-2021 19:32:28.731 [main] INFO  o.a.c.spring.boot.RoutesCollector.loadXmlRoutes - Loading additional Camel XML routes from: classpath:camel/*.xml
25-10-2021 19:32:28.732 [main] INFO  o.a.c.spring.boot.RoutesCollector.loadXmlRests - Loading additional Camel XML rests from: classpath:camel-rest/*.xml
25-10-2021 19:32:28.746 [main] INFO  c.l.route.SimpleCamelRouteTest.logStarted - Started SimpleCamelRouteTest in 5.369 seconds (JVM running for 21.303)
25-10-2021 19:32:28.751 [main] INFO  o.a.c.t.s.CamelAnnotationsHandler.execute - Setting shutdown timeout to [10 SECONDS] on CamelContext with name [camelContext].
25-10-2021 19:32:28.774 [main] INFO  o.a.c.t.s.CamelSpringBootExecutionListener.beforeTestMethod - @RunWith(CamelSpringBootJUnit4ClassRunner.class) before: class com.learncamel.route.SimpleCamelRouteTest.testMoveFile
25-10-2021 19:32:28.775 [main] INFO  o.a.c.t.s.CamelSpringBootExecutionListener.beforeTestMethod - Initialized CamelSpringBootJUnit4ClassRunner now ready to start CamelContext
25-10-2021 19:32:28.777 [main] INFO  o.a.c.t.s.CamelAnnotationsHandler.execute - Starting CamelContext with name [camelContext].
25-10-2021 19:32:28.785 [main] INFO  o.a.camel.spring.SpringCamelContext.start - Apache Camel 2.20.1 (CamelContext: camel-2) is starting
25-10-2021 19:32:28.786 [main] INFO  o.a.c.m.ManagedManagementStrategy.doStart - JMX is enabled
25-10-2021 19:32:29.105 [main] INFO  o.a.camel.spring.SpringCamelContext.doStartCamel - StreamCaching is not in use. If using streams then its recommended to enable stream caching. See more details at http://camel.apache.org/stream-caching.html
25-10-2021 19:32:29.169 [main] INFO  o.a.camel.spring.SpringCamelContext.doStartOrResumeRouteConsumers - Route: route2 started and consuming from: timer://hello?period=10s
25-10-2021 19:32:29.173 [main] INFO  o.a.camel.spring.SpringCamelContext.start - Total 1 routes, of which 1 are started
25-10-2021 19:32:29.174 [main] INFO  o.a.camel.spring.SpringCamelContext.start - Apache Camel 2.20.1 (CamelContext: camel-2) started in 0.396 seconds
25-10-2021 19:32:30.183 [Camel (camel-2) thread #2 - timer://hello] INFO  route2.log - Timer Invoked and the bodyDEV Environment
25-10-2021 19:32:31.255 [Camel (camel-2) thread #2 - timer://hello] INFO  route2.log - The unmarshaled object is [Item{transactionType='ADD', sku='100', itemDescription='Samsung TV', price=500.00}, Item{transactionType='ADD', sku='101', itemDescription='LG TV', price=500.00}]
25-10-2021 19:32:32.245 [main] INFO  o.s.w.c.s.GenericWebApplicationContext.doClose - Closing org.springframework.web.context.support.GenericWebApplicationContext@6aaa678d: startup date [Mon Oct 25 19:32:23 IST 2021]; root of context hierarchy
25-10-2021 19:32:32.247 [main] INFO  o.s.c.s.DefaultLifecycleProcessor.stop - Stopping beans in phase 2147483647
25-10-2021 19:32:32.247 [main] INFO  o.a.camel.spring.SpringCamelContext.doStop - Apache Camel 2.20.1 (CamelContext: camel-2) is shutting down
25-10-2021 19:32:32.248 [main] INFO  o.a.c.impl.DefaultShutdownStrategy.doShutdown - Starting to graceful shutdown 1 routes (timeout 10 seconds)
25-10-2021 19:32:32.258 [Camel (camel-2) thread #4 - ShutdownTask] INFO  o.a.c.impl.DefaultShutdownStrategy.run - Route: route2 shutdown complete, was consuming from: timer://hello?period=10s
25-10-2021 19:32:32.260 [main] INFO  o.a.c.impl.DefaultShutdownStrategy.doShutdown - Graceful shutdown of 1 routes completed in 0 seconds
25-10-2021 19:32:32.277 [main] INFO  o.a.camel.spring.SpringCamelContext.doStop - Apache Camel 2.20.1 (CamelContext: camel-2) uptime 3.499 seconds
25-10-2021 19:32:32.278 [main] INFO  o.a.camel.spring.SpringCamelContext.doStop - Apache Camel 2.20.1 (CamelContext: camel-2) is shutdown in 0.031 seconds
25-10-2021 19:32:32.280 [main] INFO  c.l.route.SimpleCamelRouteTest.afterTestMethod - ********************************************************************************
25-10-2021 19:32:32.281 [main] INFO  c.l.route.SimpleCamelRouteTest.afterTestMethod - Testing done: testMoveFile(com.learncamel.route.SimpleCamelRouteTest)
25-10-2021 19:32:32.282 [main] INFO  c.l.route.SimpleCamelRouteTest.afterTestMethod - Took: 3.104 seconds (3104 millis)
25-10-2021 19:32:32.282 [main] INFO  c.l.route.SimpleCamelRouteTest.afterTestMethod - ********************************************************************************
25-10-2021 19:32:48.001 [main] INFO  c.l.LearncamelSpringBootApplication.logStarting - Starting LearncamelSpringBootApplication on DESKTOP-AH2VL3Q with PID 15560 (H:\camel-bindly-parse-csv-file\learncamel-spring-boot-bindy\target\classes started by lenovo in H:\camel-bindly-parse-csv-file\learncamel-spring-boot-bindy)
25-10-2021 19:32:48.005 [main] INFO  c.l.LearncamelSpringBootApplication.logStartupProfileInfo - The following profiles are active: dev
25-10-2021 19:32:48.078 [main] INFO  o.s.b.c.e.AnnotationConfigEmbeddedWebApplicationContext.prepareRefresh - Refreshing org.springframework.boot.context.embedded.AnnotationConfigEmbeddedWebApplicationContext@55b699ef: startup date [Mon Oct 25 19:32:48 IST 2021]; root of context hierarchy
25-10-2021 19:32:48.280 [background-preinit] INFO  o.h.validator.internal.util.Version.<clinit> - HV000001: Hibernate Validator 5.3.6.Final
25-10-2021 19:32:49.998 [main] INFO  o.s.c.s.PostProcessorRegistrationDelegate$BeanPostProcessorChecker.postProcessAfterInitialization - Bean 'org.apache.camel.spring.boot.CamelAutoConfiguration' of type [org.apache.camel.spring.boot.CamelAutoConfiguration$$EnhancerBySpringCGLIB$$cea62a00] is not eligible for getting processed by all BeanPostProcessors (for example: not eligible for auto-proxying)
25-10-2021 19:32:50.600 [main] INFO  o.s.b.c.e.t.TomcatEmbeddedServletContainer.initialize - Tomcat initialized with port(s): 8080 (http)
25-10-2021 19:32:50.617 [main] INFO  o.a.catalina.core.StandardService.log - Starting service [Tomcat]
25-10-2021 19:32:50.619 [main] INFO  o.a.catalina.core.StandardEngine.log - Starting Servlet Engine: Apache Tomcat/8.5.23
25-10-2021 19:32:50.771 [localhost-startStop-1] INFO  o.a.c.c.C.[Tomcat].[localhost].[/].log - Initializing Spring embedded WebApplicationContext
25-10-2021 19:32:50.772 [localhost-startStop-1] INFO  o.s.web.context.ContextLoader.prepareEmbeddedWebApplicationContext - Root WebApplicationContext: initialization completed in 2694 ms
25-10-2021 19:32:51.078 [localhost-startStop-1] INFO  o.s.b.w.s.ServletRegistrationBean.onStartup - Mapping servlet: 'dispatcherServlet' to [/]
25-10-2021 19:32:51.083 [localhost-startStop-1] INFO  o.s.b.w.s.FilterRegistrationBean.configure - Mapping filter: 'characterEncodingFilter' to: [/*]
25-10-2021 19:32:51.085 [localhost-startStop-1] INFO  o.s.b.w.s.FilterRegistrationBean.configure - Mapping filter: 'hiddenHttpMethodFilter' to: [/*]
25-10-2021 19:32:51.085 [localhost-startStop-1] INFO  o.s.b.w.s.FilterRegistrationBean.configure - Mapping filter: 'httpPutFormContentFilter' to: [/*]
25-10-2021 19:32:51.085 [localhost-startStop-1] INFO  o.s.b.w.s.FilterRegistrationBean.configure - Mapping filter: 'requestContextFilter' to: [/*]
25-10-2021 19:32:51.654 [main] INFO  o.s.w.s.m.m.a.RequestMappingHandlerAdapter.initControllerAdviceCache - Looking for @ControllerAdvice: org.springframework.boot.context.embedded.AnnotationConfigEmbeddedWebApplicationContext@55b699ef: startup date [Mon Oct 25 19:32:48 IST 2021]; root of context hierarchy
25-10-2021 19:32:51.747 [main] INFO  o.s.w.s.m.m.a.RequestMappingHandlerMapping.register - Mapped "{[/error]}" onto public org.springframework.http.ResponseEntity<java.util.Map<java.lang.String, java.lang.Object>> org.springframework.boot.autoconfigure.web.BasicErrorController.error(javax.servlet.http.HttpServletRequest)
25-10-2021 19:32:51.748 [main] INFO  o.s.w.s.m.m.a.RequestMappingHandlerMapping.register - Mapped "{[/error],produces=[text/html]}" onto public org.springframework.web.servlet.ModelAndView org.springframework.boot.autoconfigure.web.BasicErrorController.errorHtml(javax.servlet.http.HttpServletRequest,javax.servlet.http.HttpServletResponse)
25-10-2021 19:32:51.837 [main] INFO  o.s.w.s.h.SimpleUrlHandlerMapping.registerHandler - Mapped URL path [/webjars/**] onto handler of type [class org.springframework.web.servlet.resource.ResourceHttpRequestHandler]
25-10-2021 19:32:51.837 [main] INFO  o.s.w.s.h.SimpleUrlHandlerMapping.registerHandler - Mapped URL path [/**] onto handler of type [class org.springframework.web.servlet.resource.ResourceHttpRequestHandler]
25-10-2021 19:32:51.911 [main] INFO  o.s.w.s.h.SimpleUrlHandlerMapping.registerHandler - Mapped URL path [/**/favicon.ico] onto handler of type [class org.springframework.web.servlet.resource.ResourceHttpRequestHandler]
25-10-2021 19:32:52.484 [main] WARN  o.a.c.i.DefaultCamelBeanPostProcessor.postProcessBeforeInitialization - No CamelContext defined yet so cannot inject into bean: routesHealthCheckRepository
25-10-2021 19:32:52.692 [main] INFO  o.a.c.i.c.DefaultTypeConverter.doStart - Type converters loaded (core: 192, classpath: 1)
25-10-2021 19:32:53.871 [main] INFO  o.s.j.e.a.AnnotationMBeanExporter.afterSingletonsInstantiated - Registering beans for JMX exposure on startup
25-10-2021 19:32:53.919 [main] INFO  c.learncamel.route.SimpleCamelRoute.configure - Starting the Camel Route
25-10-2021 19:32:53.993 [main] INFO  c.learncamel.route.SimpleCamelRoute.configure - Ending the Camel Route
25-10-2021 19:32:53.996 [main] INFO  o.a.c.spring.boot.RoutesCollector.loadXmlRoutes - Loading additional Camel XML routes from: classpath:camel/*.xml
25-10-2021 19:32:53.997 [main] INFO  o.a.c.spring.boot.RoutesCollector.loadXmlRests - Loading additional Camel XML rests from: classpath:camel-rest/*.xml
25-10-2021 19:32:54.010 [main] INFO  o.a.camel.spring.SpringCamelContext.start - Apache Camel 2.20.1 (CamelContext: camel-1) is starting
25-10-2021 19:32:54.012 [main] INFO  o.a.c.m.ManagedManagementStrategy.doStart - JMX is enabled
25-10-2021 19:32:54.442 [main] INFO  o.a.camel.spring.SpringCamelContext.doStartCamel - StreamCaching is not in use. If using streams then its recommended to enable stream caching. See more details at http://camel.apache.org/stream-caching.html
25-10-2021 19:32:54.543 [main] INFO  o.a.camel.spring.SpringCamelContext.doStartOrResumeRouteConsumers - Route: route1 started and consuming from: timer://hello?period=10s
25-10-2021 19:32:54.547 [main] INFO  o.a.camel.spring.SpringCamelContext.start - Total 1 routes, of which 1 are started
25-10-2021 19:32:54.549 [main] INFO  o.a.camel.spring.SpringCamelContext.start - Apache Camel 2.20.1 (CamelContext: camel-1) started in 0.538 seconds
25-10-2021 19:32:54.556 [main] INFO  o.a.coyote.http11.Http11NioProtocol.log - Initializing ProtocolHandler ["http-nio-8080"]
25-10-2021 19:32:54.850 [main] INFO  o.a.coyote.http11.Http11NioProtocol.log - Starting ProtocolHandler ["http-nio-8080"]
25-10-2021 19:32:54.864 [main] INFO  o.a.tomcat.util.net.NioSelectorPool.log - Using a shared selector for servlet write/read
25-10-2021 19:32:54.880 [main] INFO  o.s.b.c.e.t.TomcatEmbeddedServletContainer.start - Tomcat started on port(s): 8080 (http)
25-10-2021 19:32:54.884 [main] INFO  c.l.LearncamelSpringBootApplication.logStarted - Started LearncamelSpringBootApplication in 7.317 seconds (JVM running for 8.839)
25-10-2021 19:32:55.565 [Camel (camel-1) thread #1 - timer://hello] INFO  route1.log - Timer Invoked and the bodyDEV Environment
25-10-2021 19:33:29.675 [Camel (camel-1) thread #1 - timer://hello] INFO  route1.log - The unmarshaled object is [Item{transactionType='ADD', sku='100', itemDescription='Samsung TV', price=500.00}, Item{transactionType='ADD', sku='101', itemDescription='LG TV', price=500.00}]
25-10-2021 19:33:29.679 [Camel (camel-1) thread #1 - timer://hello] INFO  route1.log - Timer Invoked and the bodyDEV Environment
25-10-2021 20:01:56.177 [RMI TCP Connection(2)-127.0.0.1] INFO  o.s.b.a.SpringApplicationAdminMXBeanRegistrar$SpringApplicationAdmin.shutdown - Application shutdown requested.
25-10-2021 20:01:56.180 [RMI TCP Connection(2)-127.0.0.1] INFO  o.s.b.c.e.AnnotationConfigEmbeddedWebApplicationContext.doClose - Closing org.springframework.boot.context.embedded.AnnotationConfigEmbeddedWebApplicationContext@55b699ef: startup date [Mon Oct 25 19:32:48 IST 2021]; root of context hierarchy
25-10-2021 20:01:56.195 [RMI TCP Connection(2)-127.0.0.1] INFO  o.s.c.s.DefaultLifecycleProcessor.stop - Stopping beans in phase 2147483647
25-10-2021 20:01:56.196 [RMI TCP Connection(2)-127.0.0.1] INFO  o.a.camel.spring.SpringCamelContext.doStop - Apache Camel 2.20.1 (CamelContext: camel-1) is shutting down
25-10-2021 20:01:56.199 [RMI TCP Connection(2)-127.0.0.1] INFO  o.a.c.impl.DefaultShutdownStrategy.doShutdown - Starting to graceful shutdown 1 routes (timeout 2 seconds)
25-10-2021 20:01:56.208 [Camel (camel-1) thread #3 - ShutdownTask] INFO  o.a.c.impl.DefaultShutdownStrategy.run - Waiting as there are still 1 inflight and pending exchanges to complete, timeout in 2 seconds. Inflights per route: [route1 = 1]
25-10-2021 20:01:56.226 [Camel (camel-1) thread #3 - ShutdownTask] INFO  o.a.c.impl.DefaultShutdownStrategy.logInflightExchanges - There are 1 inflight exchanges:
	InflightExchange: [exchangeId=ID-DESKTOP-AH2VL3Q-1635170572269-0-3, fromRouteId=route1, routeId=route1, nodeId=pollEnrich1, elapsed=0, duration=1706547]
25-10-2021 20:01:57.157 [RMI TCP Connection(3)-127.0.0.1] INFO  o.s.b.a.SpringApplicationAdminMXBeanRegistrar$SpringApplicationAdmin.shutdown - Application shutdown requested.
25-10-2021 20:01:57.236 [Camel (camel-1) thread #3 - ShutdownTask] INFO  o.a.c.impl.DefaultShutdownStrategy.run - Waiting as there are still 1 inflight and pending exchanges to complete, timeout in 1 seconds. Inflights per route: [route1 = 1]
25-10-2021 20:01:57.237 [Camel (camel-1) thread #3 - ShutdownTask] INFO  o.a.c.impl.DefaultShutdownStrategy.logInflightExchanges - There are 1 inflight exchanges:
	InflightExchange: [exchangeId=ID-DESKTOP-AH2VL3Q-1635170572269-0-3, fromRouteId=route1, routeId=route1, nodeId=pollEnrich1, elapsed=0, duration=1707558]
25-10-2021 20:01:58.218 [RMI TCP Connection(2)-127.0.0.1] WARN  o.a.c.impl.DefaultShutdownStrategy.doShutdown - Timeout occurred during graceful shutdown. Forcing the routes to be shutdown now. Notice: some resources may still be running as graceful shutdown did not complete successfully.
25-10-2021 20:01:58.218 [Camel (camel-1) thread #3 - ShutdownTask] WARN  o.a.c.impl.DefaultShutdownStrategy.run - Interrupted while waiting during graceful shutdown, will force shutdown now.
25-10-2021 20:01:58.219 [RMI TCP Connection(2)-127.0.0.1] INFO  o.a.c.impl.DefaultShutdownStrategy.logInflightExchanges - There are 1 inflight exchanges:
	InflightExchange: [exchangeId=ID-DESKTOP-AH2VL3Q-1635170572269-0-3, fromRouteId=route1, routeId=route1, nodeId=pollEnrich1, elapsed=0, duration=1708540]
25-10-2021 20:01:58.220 [RMI TCP Connection(2)-127.0.0.1] INFO  o.a.c.impl.DefaultShutdownStrategy.doShutdown - Graceful shutdown of 1 routes completed in 2 seconds
25-10-2021 20:01:58.226 [Camel (camel-1) thread #3 - ShutdownTask] INFO  o.a.c.impl.DefaultShutdownStrategy.run - Route: route1 shutdown complete, was consuming from: timer://hello?period=10s
25-10-2021 20:01:58.236 [RMI TCP Connection(2)-127.0.0.1] WARN  o.a.c.impl.DefaultInflightRepository.doStop - Shutting down while there are still 1 inflight exchanges.
25-10-2021 20:01:58.242 [RMI TCP Connection(2)-127.0.0.1] INFO  o.a.camel.spring.SpringCamelContext.doStop - Apache Camel 2.20.1 (CamelContext: camel-1) uptime 29 minutes
25-10-2021 20:01:58.243 [RMI TCP Connection(2)-127.0.0.1] INFO  o.a.camel.spring.SpringCamelContext.doStop - Apache Camel 2.20.1 (CamelContext: camel-1) is shutdown in 2.047 seconds
25-10-2021 20:01:58.248 [RMI TCP Connection(2)-127.0.0.1] INFO  o.s.j.e.a.AnnotationMBeanExporter.destroy - Unregistering JMX-exposed beans on shutdown
