28-10-2021 10:32:33.538 [main] INFO  c.l.LearncamelSpringBootApplication.logStarting - Starting LearncamelSpringBootApplication on DESKTOP-AH2VL3Q with PID 11432 (H:\camelexceotion\learncamel-spring-boot-dotry-catch-lab1\target\classes started by lenovo in H:\camelexceotion\learncamel-spring-boot-dotry-catch-lab1)
28-10-2021 10:32:33.558 [main] INFO  c.l.LearncamelSpringBootApplication.logStartupProfileInfo - The following profiles are active: dev
28-10-2021 10:32:33.606 [main] INFO  o.s.b.c.e.AnnotationConfigEmbeddedWebApplicationContext.prepareRefresh - Refreshing org.springframework.boot.context.embedded.AnnotationConfigEmbeddedWebApplicationContext@1165b38: startup date [Thu Oct 28 10:32:33 IST 2021]; root of context hierarchy
28-10-2021 10:32:33.750 [background-preinit] INFO  o.h.validator.internal.util.Version.<clinit> - HV000001: Hibernate Validator 5.3.6.Final
28-10-2021 10:32:34.787 [main] INFO  o.s.c.s.PostProcessorRegistrationDelegate$BeanPostProcessorChecker.postProcessAfterInitialization - Bean 'org.apache.camel.spring.boot.CamelAutoConfiguration' of type [org.apache.camel.spring.boot.CamelAutoConfiguration$$EnhancerBySpringCGLIB$$c3df097d] is not eligible for getting processed by all BeanPostProcessors (for example: not eligible for auto-proxying)
28-10-2021 10:32:34.797 [main] INFO  o.s.c.s.PostProcessorRegistrationDelegate$BeanPostProcessorChecker.postProcessAfterInitialization - Bean 'org.springframework.transaction.annotation.ProxyTransactionManagementConfiguration' of type [org.springframework.transaction.annotation.ProxyTransactionManagementConfiguration$$EnhancerBySpringCGLIB$$a1b5435e] is not eligible for getting processed by all BeanPostProcessors (for example: not eligible for auto-proxying)
28-10-2021 10:32:35.156 [main] INFO  o.s.b.c.e.t.TomcatEmbeddedServletContainer.initialize - Tomcat initialized with port(s): 8080 (http)
28-10-2021 10:32:35.166 [main] INFO  o.a.catalina.core.StandardService.log - Starting service [Tomcat]
28-10-2021 10:32:35.167 [main] INFO  o.a.catalina.core.StandardEngine.log - Starting Servlet Engine: Apache Tomcat/8.5.23
28-10-2021 10:32:35.266 [localhost-startStop-1] INFO  o.a.c.c.C.[Tomcat].[localhost].[/].log - Initializing Spring embedded WebApplicationContext
28-10-2021 10:32:35.266 [localhost-startStop-1] INFO  o.s.web.context.ContextLoader.prepareEmbeddedWebApplicationContext - Root WebApplicationContext: initialization completed in 1660 ms
28-10-2021 10:32:35.436 [localhost-startStop-1] INFO  o.s.b.w.s.ServletRegistrationBean.onStartup - Mapping servlet: 'dispatcherServlet' to [/]
28-10-2021 10:32:35.440 [localhost-startStop-1] INFO  o.s.b.w.s.FilterRegistrationBean.configure - Mapping filter: 'characterEncodingFilter' to: [/*]
28-10-2021 10:32:35.441 [localhost-startStop-1] INFO  o.s.b.w.s.FilterRegistrationBean.configure - Mapping filter: 'hiddenHttpMethodFilter' to: [/*]
28-10-2021 10:32:35.442 [localhost-startStop-1] INFO  o.s.b.w.s.FilterRegistrationBean.configure - Mapping filter: 'httpPutFormContentFilter' to: [/*]
28-10-2021 10:32:35.442 [localhost-startStop-1] INFO  o.s.b.w.s.FilterRegistrationBean.configure - Mapping filter: 'requestContextFilter' to: [/*]
28-10-2021 10:32:35.798 [main] INFO  o.s.w.s.m.m.a.RequestMappingHandlerAdapter.initControllerAdviceCache - Looking for @ControllerAdvice: org.springframework.boot.context.embedded.AnnotationConfigEmbeddedWebApplicationContext@1165b38: startup date [Thu Oct 28 10:32:33 IST 2021]; root of context hierarchy
28-10-2021 10:32:35.854 [main] INFO  o.s.w.s.m.m.a.RequestMappingHandlerMapping.register - Mapped "{[/error]}" onto public org.springframework.http.ResponseEntity<java.util.Map<java.lang.String, java.lang.Object>> org.springframework.boot.autoconfigure.web.BasicErrorController.error(javax.servlet.http.HttpServletRequest)
28-10-2021 10:32:35.855 [main] INFO  o.s.w.s.m.m.a.RequestMappingHandlerMapping.register - Mapped "{[/error],produces=[text/html]}" onto public org.springframework.web.servlet.ModelAndView org.springframework.boot.autoconfigure.web.BasicErrorController.errorHtml(javax.servlet.http.HttpServletRequest,javax.servlet.http.HttpServletResponse)
28-10-2021 10:32:35.890 [main] INFO  o.s.w.s.h.SimpleUrlHandlerMapping.registerHandler - Mapped URL path [/webjars/**] onto handler of type [class org.springframework.web.servlet.resource.ResourceHttpRequestHandler]
28-10-2021 10:32:35.891 [main] INFO  o.s.w.s.h.SimpleUrlHandlerMapping.registerHandler - Mapped URL path [/**] onto handler of type [class org.springframework.web.servlet.resource.ResourceHttpRequestHandler]
28-10-2021 10:32:35.943 [main] INFO  o.s.w.s.h.SimpleUrlHandlerMapping.registerHandler - Mapped URL path [/**/favicon.ico] onto handler of type [class org.springframework.web.servlet.resource.ResourceHttpRequestHandler]
28-10-2021 10:32:36.162 [main] WARN  o.a.c.i.DefaultCamelBeanPostProcessor.postProcessBeforeInitialization - No CamelContext defined yet so cannot inject into bean: routesHealthCheckRepository
28-10-2021 10:32:36.252 [main] INFO  o.a.c.i.c.DefaultTypeConverter.doStart - Type converters loaded (core: 192, classpath: 1)
28-10-2021 10:32:37.083 [main] INFO  o.s.j.e.a.AnnotationMBeanExporter.afterSingletonsInstantiated - Registering beans for JMX exposure on startup
28-10-2021 10:32:37.110 [main] INFO  o.a.c.spring.boot.RoutesCollector.loadXmlRoutes - Loading additional Camel XML routes from: classpath:camel/*.xml
28-10-2021 10:32:37.110 [main] INFO  o.a.c.spring.boot.RoutesCollector.loadXmlRests - Loading additional Camel XML rests from: classpath:camel-rest/*.xml
28-10-2021 10:32:37.118 [main] INFO  o.a.camel.spring.SpringCamelContext.start - Apache Camel 2.20.1 (CamelContext: camel-1) is starting
28-10-2021 10:32:37.119 [main] INFO  o.a.c.m.ManagedManagementStrategy.doStart - JMX is enabled
28-10-2021 10:32:37.449 [main] INFO  o.a.camel.spring.SpringCamelContext.doStartCamel - StreamCaching is not in use. If using streams then its recommended to enable stream caching. See more details at http://camel.apache.org/stream-caching.html
28-10-2021 10:32:37.451 [main] INFO  o.a.c.component.file.FileEndpoint.createConsumer - Endpoint is configured with noop=true so forcing endpoint to be idempotent as well
28-10-2021 10:32:37.452 [main] INFO  o.a.c.component.file.FileEndpoint.createConsumer - Using default memory based idempotent repository with cache max size: 1000
28-10-2021 10:32:37.547 [main] INFO  o.a.camel.spring.SpringCamelContext.doStartOrResumeRouteConsumers - Route: route1 started and consuming from: file://data/input?noop=true
28-10-2021 10:32:37.547 [main] INFO  o.a.camel.spring.SpringCamelContext.start - Total 1 routes, of which 1 are started
28-10-2021 10:32:37.548 [main] INFO  o.a.camel.spring.SpringCamelContext.start - Apache Camel 2.20.1 (CamelContext: camel-1) started in 0.429 seconds
28-10-2021 10:32:37.552 [main] INFO  o.a.coyote.http11.Http11NioProtocol.log - Initializing ProtocolHandler ["http-nio-8080"]
28-10-2021 10:32:37.559 [main] INFO  o.a.coyote.http11.Http11NioProtocol.log - Starting ProtocolHandler ["http-nio-8080"]
28-10-2021 10:32:37.583 [main] ERROR o.a.coyote.http11.Http11NioProtocol.log - Failed to start end point associated with ProtocolHandler ["http-nio-8080"]
java.net.BindException: Address already in use: bind
	at sun.nio.ch.Net.bind0(Native Method)
	at sun.nio.ch.Net.bind(Net.java:433)
	at sun.nio.ch.Net.bind(Net.java:425)
	at sun.nio.ch.ServerSocketChannelImpl.bind(ServerSocketChannelImpl.java:223)
	at sun.nio.ch.ServerSocketAdaptor.bind(ServerSocketAdaptor.java:74)
	at org.apache.tomcat.util.net.NioEndpoint.bind(NioEndpoint.java:210)
	at org.apache.tomcat.util.net.AbstractEndpoint.start(AbstractEndpoint.java:990)
	at org.apache.coyote.AbstractProtocol.start(AbstractProtocol.java:635)
	at org.apache.catalina.connector.Connector.startInternal(Connector.java:1022)
	at org.apache.catalina.util.LifecycleBase.start(LifecycleBase.java:150)
	at org.apache.catalina.core.StandardService.addConnector(StandardService.java:225)
	at org.springframework.boot.context.embedded.tomcat.TomcatEmbeddedServletContainer.addPreviouslyRemovedConnectors(TomcatEmbeddedServletContainer.java:250)
	at org.springframework.boot.context.embedded.tomcat.TomcatEmbeddedServletContainer.start(TomcatEmbeddedServletContainer.java:193)
	at org.springframework.boot.context.embedded.EmbeddedWebApplicationContext.startEmbeddedServletContainer(EmbeddedWebApplicationContext.java:297)
	at org.springframework.boot.context.embedded.EmbeddedWebApplicationContext.finishRefresh(EmbeddedWebApplicationContext.java:145)
	at org.springframework.context.support.AbstractApplicationContext.refresh(AbstractApplicationContext.java:546)
	at org.springframework.boot.context.embedded.EmbeddedWebApplicationContext.refresh(EmbeddedWebApplicationContext.java:122)
	at org.springframework.boot.SpringApplication.refresh(SpringApplication.java:693)
	at org.springframework.boot.SpringApplication.refreshContext(SpringApplication.java:360)
	at org.springframework.boot.SpringApplication.run(SpringApplication.java:303)
	at org.springframework.boot.SpringApplication.run(SpringApplication.java:1118)
	at org.springframework.boot.SpringApplication.run(SpringApplication.java:1107)
	at com.learncamel.LearncamelSpringBootApplication.main(LearncamelSpringBootApplication.java:10)
28-10-2021 10:32:37.583 [main] ERROR o.a.catalina.core.StandardService.log - Failed to start connector [Connector[HTTP/1.1-8080]]
org.apache.catalina.LifecycleException: Failed to start component [Connector[HTTP/1.1-8080]]
	at org.apache.catalina.util.LifecycleBase.start(LifecycleBase.java:167)
	at org.apache.catalina.core.StandardService.addConnector(StandardService.java:225)
	at org.springframework.boot.context.embedded.tomcat.TomcatEmbeddedServletContainer.addPreviouslyRemovedConnectors(TomcatEmbeddedServletContainer.java:250)
	at org.springframework.boot.context.embedded.tomcat.TomcatEmbeddedServletContainer.start(TomcatEmbeddedServletContainer.java:193)
	at org.springframework.boot.context.embedded.EmbeddedWebApplicationContext.startEmbeddedServletContainer(EmbeddedWebApplicationContext.java:297)
	at org.springframework.boot.context.embedded.EmbeddedWebApplicationContext.finishRefresh(EmbeddedWebApplicationContext.java:145)
	at org.springframework.context.support.AbstractApplicationContext.refresh(AbstractApplicationContext.java:546)
	at org.springframework.boot.context.embedded.EmbeddedWebApplicationContext.refresh(EmbeddedWebApplicationContext.java:122)
	at org.springframework.boot.SpringApplication.refresh(SpringApplication.java:693)
	at org.springframework.boot.SpringApplication.refreshContext(SpringApplication.java:360)
	at org.springframework.boot.SpringApplication.run(SpringApplication.java:303)
	at org.springframework.boot.SpringApplication.run(SpringApplication.java:1118)
	at org.springframework.boot.SpringApplication.run(SpringApplication.java:1107)
	at com.learncamel.LearncamelSpringBootApplication.main(LearncamelSpringBootApplication.java:10)
Caused by: org.apache.catalina.LifecycleException: service.getName(): "Tomcat";  Protocol handler start failed
	at org.apache.catalina.connector.Connector.startInternal(Connector.java:1031)
	at org.apache.catalina.util.LifecycleBase.start(LifecycleBase.java:150)
	... 13 common frames omitted
Caused by: java.net.BindException: Address already in use: bind
	at sun.nio.ch.Net.bind0(Native Method)
	at sun.nio.ch.Net.bind(Net.java:433)
	at sun.nio.ch.Net.bind(Net.java:425)
	at sun.nio.ch.ServerSocketChannelImpl.bind(ServerSocketChannelImpl.java:223)
	at sun.nio.ch.ServerSocketAdaptor.bind(ServerSocketAdaptor.java:74)
	at org.apache.tomcat.util.net.NioEndpoint.bind(NioEndpoint.java:210)
	at org.apache.tomcat.util.net.AbstractEndpoint.start(AbstractEndpoint.java:990)
	at org.apache.coyote.AbstractProtocol.start(AbstractProtocol.java:635)
	at org.apache.catalina.connector.Connector.startInternal(Connector.java:1022)
	... 14 common frames omitted
28-10-2021 10:32:37.588 [main] INFO  o.a.coyote.http11.Http11NioProtocol.log - Pausing ProtocolHandler ["http-nio-8080"]
28-10-2021 10:32:37.588 [main] INFO  o.a.catalina.core.StandardService.log - Stopping service [Tomcat]
28-10-2021 10:32:37.597 [main] INFO  o.apache.catalina.util.LifecycleBase.log - The stop() method was called on component [StandardServer[-1]] after stop() had already been called. The second call will be ignored.
28-10-2021 10:32:37.598 [main] INFO  o.a.coyote.http11.Http11NioProtocol.log - Stopping ProtocolHandler ["http-nio-8080"]
28-10-2021 10:32:37.598 [main] INFO  o.a.coyote.http11.Http11NioProtocol.log - Destroying ProtocolHandler ["http-nio-8080"]
28-10-2021 10:32:37.601 [main] INFO  o.s.b.a.l.AutoConfigurationReportLoggingInitializer.logAutoConfigurationReport - 

Error starting ApplicationContext. To display the auto-configuration report re-run your application with 'debug' enabled.
28-10-2021 10:32:37.605 [main] ERROR o.s.b.d.LoggingFailureAnalysisReporter.report - 

***************************
APPLICATION FAILED TO START
***************************

Description:

The Tomcat connector configured to listen on port 8080 failed to start. The port may already be in use or the connector may be misconfigured.

Action:

Verify the connector's configuration, identify and stop any process that's listening on port 8080, or configure this application to listen on another port.

28-10-2021 10:32:37.607 [main] INFO  o.s.b.c.e.AnnotationConfigEmbeddedWebApplicationContext.doClose - Closing org.springframework.boot.context.embedded.AnnotationConfigEmbeddedWebApplicationContext@1165b38: startup date [Thu Oct 28 10:32:33 IST 2021]; root of context hierarchy
28-10-2021 10:32:37.611 [main] INFO  o.s.c.s.DefaultLifecycleProcessor.stop - Stopping beans in phase 2147483647
28-10-2021 10:32:37.611 [main] INFO  o.a.camel.spring.SpringCamelContext.doStop - Apache Camel 2.20.1 (CamelContext: camel-1) is shutting down
28-10-2021 10:32:37.612 [main] INFO  o.a.c.impl.DefaultShutdownStrategy.doShutdown - Starting to graceful shutdown 1 routes (timeout 2 seconds)
28-10-2021 10:32:37.615 [Camel (camel-1) thread #2 - ShutdownTask] INFO  o.a.c.impl.DefaultShutdownStrategy.run - Route: route1 shutdown complete, was consuming from: file://data/input?noop=true
28-10-2021 10:32:37.616 [main] INFO  o.a.c.impl.DefaultShutdownStrategy.doShutdown - Graceful shutdown of 1 routes completed in 0 seconds
28-10-2021 10:32:37.634 [main] INFO  o.a.camel.spring.SpringCamelContext.doStop - Apache Camel 2.20.1 (CamelContext: camel-1) uptime 0.515 seconds
28-10-2021 10:32:37.634 [main] INFO  o.a.camel.spring.SpringCamelContext.doStop - Apache Camel 2.20.1 (CamelContext: camel-1) is shutdown in 0.023 seconds
28-10-2021 10:32:37.635 [main] INFO  o.s.j.e.a.AnnotationMBeanExporter.destroy - Unregistering JMX-exposed beans on shutdown
28-10-2021 10:33:55.379 [main] INFO  c.l.LearncamelSpringBootApplication.logStarting - Starting LearncamelSpringBootApplication on DESKTOP-AH2VL3Q with PID 13316 (H:\camelexceotion\learncamel-spring-boot-dotry-catch-lab1\target\classes started by lenovo in H:\camelexceotion\learncamel-spring-boot-dotry-catch-lab1)
28-10-2021 10:33:55.381 [main] INFO  c.l.LearncamelSpringBootApplication.logStartupProfileInfo - The following profiles are active: dev
28-10-2021 10:33:55.427 [main] INFO  o.s.b.c.e.AnnotationConfigEmbeddedWebApplicationContext.prepareRefresh - Refreshing org.springframework.boot.context.embedded.AnnotationConfigEmbeddedWebApplicationContext@1165b38: startup date [Thu Oct 28 10:33:55 IST 2021]; root of context hierarchy
28-10-2021 10:33:55.579 [background-preinit] INFO  o.h.validator.internal.util.Version.<clinit> - HV000001: Hibernate Validator 5.3.6.Final
28-10-2021 10:33:56.578 [main] INFO  o.s.c.s.PostProcessorRegistrationDelegate$BeanPostProcessorChecker.postProcessAfterInitialization - Bean 'org.apache.camel.spring.boot.CamelAutoConfiguration' of type [org.apache.camel.spring.boot.CamelAutoConfiguration$$EnhancerBySpringCGLIB$$71c5869d] is not eligible for getting processed by all BeanPostProcessors (for example: not eligible for auto-proxying)
28-10-2021 10:33:56.587 [main] INFO  o.s.c.s.PostProcessorRegistrationDelegate$BeanPostProcessorChecker.postProcessAfterInitialization - Bean 'org.springframework.transaction.annotation.ProxyTransactionManagementConfiguration' of type [org.springframework.transaction.annotation.ProxyTransactionManagementConfiguration$$EnhancerBySpringCGLIB$$4f9bc07e] is not eligible for getting processed by all BeanPostProcessors (for example: not eligible for auto-proxying)
28-10-2021 10:33:56.945 [main] INFO  o.s.b.c.e.t.TomcatEmbeddedServletContainer.initialize - Tomcat initialized with port(s): 8080 (http)
28-10-2021 10:33:56.953 [main] INFO  o.a.catalina.core.StandardService.log - Starting service [Tomcat]
28-10-2021 10:33:56.954 [main] INFO  o.a.catalina.core.StandardEngine.log - Starting Servlet Engine: Apache Tomcat/8.5.23
28-10-2021 10:33:57.050 [localhost-startStop-1] INFO  o.a.c.c.C.[Tomcat].[localhost].[/].log - Initializing Spring embedded WebApplicationContext
28-10-2021 10:33:57.050 [localhost-startStop-1] INFO  o.s.web.context.ContextLoader.prepareEmbeddedWebApplicationContext - Root WebApplicationContext: initialization completed in 1623 ms
28-10-2021 10:33:57.209 [localhost-startStop-1] INFO  o.s.b.w.s.ServletRegistrationBean.onStartup - Mapping servlet: 'dispatcherServlet' to [/]
28-10-2021 10:33:57.213 [localhost-startStop-1] INFO  o.s.b.w.s.FilterRegistrationBean.configure - Mapping filter: 'characterEncodingFilter' to: [/*]
28-10-2021 10:33:57.213 [localhost-startStop-1] INFO  o.s.b.w.s.FilterRegistrationBean.configure - Mapping filter: 'hiddenHttpMethodFilter' to: [/*]
28-10-2021 10:33:57.214 [localhost-startStop-1] INFO  o.s.b.w.s.FilterRegistrationBean.configure - Mapping filter: 'httpPutFormContentFilter' to: [/*]
28-10-2021 10:33:57.214 [localhost-startStop-1] INFO  o.s.b.w.s.FilterRegistrationBean.configure - Mapping filter: 'requestContextFilter' to: [/*]
28-10-2021 10:33:57.528 [main] INFO  o.s.w.s.m.m.a.RequestMappingHandlerAdapter.initControllerAdviceCache - Looking for @ControllerAdvice: org.springframework.boot.context.embedded.AnnotationConfigEmbeddedWebApplicationContext@1165b38: startup date [Thu Oct 28 10:33:55 IST 2021]; root of context hierarchy
28-10-2021 10:33:57.585 [main] INFO  o.s.w.s.m.m.a.RequestMappingHandlerMapping.register - Mapped "{[/error]}" onto public org.springframework.http.ResponseEntity<java.util.Map<java.lang.String, java.lang.Object>> org.springframework.boot.autoconfigure.web.BasicErrorController.error(javax.servlet.http.HttpServletRequest)
28-10-2021 10:33:57.587 [main] INFO  o.s.w.s.m.m.a.RequestMappingHandlerMapping.register - Mapped "{[/error],produces=[text/html]}" onto public org.springframework.web.servlet.ModelAndView org.springframework.boot.autoconfigure.web.BasicErrorController.errorHtml(javax.servlet.http.HttpServletRequest,javax.servlet.http.HttpServletResponse)
28-10-2021 10:33:57.616 [main] INFO  o.s.w.s.h.SimpleUrlHandlerMapping.registerHandler - Mapped URL path [/webjars/**] onto handler of type [class org.springframework.web.servlet.resource.ResourceHttpRequestHandler]
28-10-2021 10:33:57.616 [main] INFO  o.s.w.s.h.SimpleUrlHandlerMapping.registerHandler - Mapped URL path [/**] onto handler of type [class org.springframework.web.servlet.resource.ResourceHttpRequestHandler]
28-10-2021 10:33:57.678 [main] INFO  o.s.w.s.h.SimpleUrlHandlerMapping.registerHandler - Mapped URL path [/**/favicon.ico] onto handler of type [class org.springframework.web.servlet.resource.ResourceHttpRequestHandler]
28-10-2021 10:33:57.888 [main] WARN  o.a.c.i.DefaultCamelBeanPostProcessor.postProcessBeforeInitialization - No CamelContext defined yet so cannot inject into bean: routesHealthCheckRepository
28-10-2021 10:33:57.959 [main] INFO  o.a.c.i.c.DefaultTypeConverter.doStart - Type converters loaded (core: 192, classpath: 1)
28-10-2021 10:33:58.696 [main] INFO  o.s.j.e.a.AnnotationMBeanExporter.afterSingletonsInstantiated - Registering beans for JMX exposure on startup
28-10-2021 10:33:58.722 [main] INFO  o.a.c.spring.boot.RoutesCollector.loadXmlRoutes - Loading additional Camel XML routes from: classpath:camel/*.xml
28-10-2021 10:33:58.722 [main] INFO  o.a.c.spring.boot.RoutesCollector.loadXmlRests - Loading additional Camel XML rests from: classpath:camel-rest/*.xml
28-10-2021 10:33:58.731 [main] INFO  o.a.camel.spring.SpringCamelContext.start - Apache Camel 2.20.1 (CamelContext: camel-1) is starting
28-10-2021 10:33:58.732 [main] INFO  o.a.c.m.ManagedManagementStrategy.doStart - JMX is enabled
28-10-2021 10:33:59.049 [main] INFO  o.a.camel.spring.SpringCamelContext.doStartCamel - StreamCaching is not in use. If using streams then its recommended to enable stream caching. See more details at http://camel.apache.org/stream-caching.html
28-10-2021 10:33:59.053 [main] INFO  o.a.c.component.file.FileEndpoint.createConsumer - Endpoint is configured with noop=true so forcing endpoint to be idempotent as well
28-10-2021 10:33:59.053 [main] INFO  o.a.c.component.file.FileEndpoint.createConsumer - Using default memory based idempotent repository with cache max size: 1000
28-10-2021 10:33:59.112 [main] INFO  o.a.camel.spring.SpringCamelContext.doStartOrResumeRouteConsumers - Route: route1 started and consuming from: file://data/input?noop=true
28-10-2021 10:33:59.113 [main] INFO  o.a.camel.spring.SpringCamelContext.start - Total 1 routes, of which 1 are started
28-10-2021 10:33:59.113 [main] INFO  o.a.camel.spring.SpringCamelContext.start - Apache Camel 2.20.1 (CamelContext: camel-1) started in 0.383 seconds
28-10-2021 10:33:59.117 [main] INFO  o.a.coyote.http11.Http11NioProtocol.log - Initializing ProtocolHandler ["http-nio-8080"]
28-10-2021 10:33:59.127 [main] INFO  o.a.coyote.http11.Http11NioProtocol.log - Starting ProtocolHandler ["http-nio-8080"]
28-10-2021 10:33:59.140 [main] INFO  o.a.tomcat.util.net.NioSelectorPool.log - Using a shared selector for servlet write/read
28-10-2021 10:33:59.154 [main] INFO  o.s.b.c.e.t.TomcatEmbeddedServletContainer.start - Tomcat started on port(s): 8080 (http)
28-10-2021 10:33:59.159 [main] INFO  c.l.LearncamelSpringBootApplication.logStarted - Started LearncamelSpringBootApplication in 4.091 seconds (JVM running for 5.111)
28-10-2021 10:40:59.300 [Camel (camel-1) thread #1 - file://data/input] INFO  route1.log - Received body 
28-10-2021 10:49:45.664 [RMI TCP Connection(2)-127.0.0.1] INFO  o.s.b.a.SpringApplicationAdminMXBeanRegistrar$SpringApplicationAdmin.shutdown - Application shutdown requested.
28-10-2021 10:49:45.665 [RMI TCP Connection(2)-127.0.0.1] INFO  o.s.b.c.e.AnnotationConfigEmbeddedWebApplicationContext.doClose - Closing org.springframework.boot.context.embedded.AnnotationConfigEmbeddedWebApplicationContext@1165b38: startup date [Thu Oct 28 10:33:55 IST 2021]; root of context hierarchy
28-10-2021 10:49:45.668 [RMI TCP Connection(2)-127.0.0.1] INFO  o.s.c.s.DefaultLifecycleProcessor.stop - Stopping beans in phase 2147483647
28-10-2021 10:49:45.668 [RMI TCP Connection(2)-127.0.0.1] INFO  o.a.camel.spring.SpringCamelContext.doStop - Apache Camel 2.20.1 (CamelContext: camel-1) is shutting down
28-10-2021 10:49:45.669 [RMI TCP Connection(2)-127.0.0.1] INFO  o.a.c.impl.DefaultShutdownStrategy.doShutdown - Starting to graceful shutdown 1 routes (timeout 2 seconds)
28-10-2021 10:49:45.673 [Camel (camel-1) thread #2 - ShutdownTask] INFO  o.a.c.impl.DefaultShutdownStrategy.run - Route: route1 shutdown complete, was consuming from: file://data/input?noop=true
28-10-2021 10:49:45.673 [RMI TCP Connection(2)-127.0.0.1] INFO  o.a.c.impl.DefaultShutdownStrategy.doShutdown - Graceful shutdown of 1 routes completed in 0 seconds
28-10-2021 10:49:45.693 [RMI TCP Connection(2)-127.0.0.1] INFO  o.a.camel.spring.SpringCamelContext.doStop - Apache Camel 2.20.1 (CamelContext: camel-1) uptime 15 minutes
28-10-2021 10:49:45.694 [RMI TCP Connection(2)-127.0.0.1] INFO  o.a.camel.spring.SpringCamelContext.doStop - Apache Camel 2.20.1 (CamelContext: camel-1) is shutdown in 0.026 seconds
28-10-2021 10:49:45.695 [RMI TCP Connection(2)-127.0.0.1] INFO  o.s.j.e.a.AnnotationMBeanExporter.destroy - Unregistering JMX-exposed beans on shutdown
