02-02-2018 05:37:23.915 [main] INFO  o.s.b.t.c.SpringBootTestContextBootstrapper.buildDefaultMergedContextConfiguration - Neither @ContextConfiguration nor @ContextHierarchy found for test class [com.learncamel.route.SimpleCamelRouteTest], using SpringBootContextLoader
02-02-2018 05:37:23.936 [main] INFO  o.s.t.c.s.AbstractContextLoader.generateDefaultLocations - Could not detect default resource locations for test class [com.learncamel.route.SimpleCamelRouteTest]: no resource found for suffixes {-context.xml, Context.groovy}.
02-02-2018 05:37:23.937 [main] INFO  o.s.t.c.s.AnnotationConfigContextLoaderUtils.detectDefaultConfigurationClasses - Could not detect default configuration classes for test class [com.learncamel.route.SimpleCamelRouteTest]: SimpleCamelRouteTest does not declare any static, non-private, non-final, nested classes annotated with @Configuration.
02-02-2018 05:37:24.190 [main] INFO  o.s.b.t.c.SpringBootTestContextBootstrapper.getOrFindConfigurationClasses - Found @SpringBootConfiguration com.learncamel.LearncamelSpringBootApplication for test class com.learncamel.route.SimpleCamelRouteTest
02-02-2018 05:37:24.206 [main] INFO  o.s.b.t.c.SpringBootTestContextBootstrapper.getDefaultTestExecutionListenerClassNames - Loaded default TestExecutionListener class names from location [META-INF/spring.factories]: [org.springframework.boot.test.mock.mockito.MockitoTestExecutionListener, org.springframework.boot.test.mock.mockito.ResetMocksTestExecutionListener, org.springframework.boot.test.autoconfigure.restdocs.RestDocsTestExecutionListener, org.springframework.boot.test.autoconfigure.web.client.MockRestServiceServerResetTestExecutionListener, org.springframework.boot.test.autoconfigure.web.servlet.MockMvcPrintOnlyOnFailureTestExecutionListener, org.springframework.boot.test.autoconfigure.web.servlet.WebDriverTestExecutionListener, org.springframework.test.context.web.ServletTestExecutionListener, org.springframework.test.context.support.DirtiesContextBeforeModesTestExecutionListener, org.springframework.test.context.support.DependencyInjectionTestExecutionListener, org.springframework.test.context.support.DirtiesContextTestExecutionListener, org.springframework.test.context.transaction.TransactionalTestExecutionListener, org.springframework.test.context.jdbc.SqlScriptsTestExecutionListener]
02-02-2018 05:37:24.253 [main] INFO  o.s.b.t.c.SpringBootTestContextBootstrapper.getTestExecutionListeners - Using TestExecutionListeners: [org.springframework.test.context.web.ServletTestExecutionListener@3c9d0b9d, org.springframework.test.context.support.DirtiesContextBeforeModesTestExecutionListener@43301423, org.springframework.boot.test.autoconfigure.SpringBootDependencyInjectionTestExecutionListener@2f112965, org.springframework.test.context.support.DirtiesContextTestExecutionListener@1a04f701, org.springframework.test.context.transaction.TransactionalTestExecutionListener@4e91d63f, org.springframework.test.context.jdbc.SqlScriptsTestExecutionListener@d4342c2, org.springframework.boot.test.autoconfigure.restdocs.RestDocsTestExecutionListener@2bbf180e, org.springframework.boot.test.mock.mockito.MockitoTestExecutionListener@163e4e87, org.springframework.boot.test.autoconfigure.web.client.MockRestServiceServerResetTestExecutionListener@56de5251, org.springframework.boot.test.mock.mockito.ResetMocksTestExecutionListener@419c5f1a, org.springframework.boot.test.autoconfigure.web.servlet.MockMvcPrintOnlyOnFailureTestExecutionListener@12b0404f, org.springframework.boot.test.autoconfigure.web.servlet.WebDriverTestExecutionListener@769e7ee8]
02-02-2018 05:37:24.283 [main] INFO  o.a.c.t.s.CamelSpringBootExecutionListener.prepareTestInstance - @RunWith(CamelSpringBootJUnit4ClassRunner.class) preparing: class com.learncamel.route.SimpleCamelRouteTest
02-02-2018 05:37:25.021 [main] INFO  c.l.route.SimpleCamelRouteTest.logStarting - Starting SimpleCamelRouteTest on 6c4008c0f7fa with PID 44440 (started by z001qgd in /Dilip/Study/ApacheCamel/TeachApacheCamel-Spring-Boot/session-codebase/learncamel-spring-boot)
02-02-2018 05:37:25.022 [main] INFO  c.l.route.SimpleCamelRouteTest.logStartupProfileInfo - The following profiles are active: dev
02-02-2018 05:37:25.130 [main] INFO  o.s.w.c.s.GenericWebApplicationContext.prepareRefresh - Refreshing org.springframework.web.context.support.GenericWebApplicationContext@24105dc5: startup date [Fri Feb 02 05:37:25 CST 2018]; root of context hierarchy
02-02-2018 05:37:25.694 [background-preinit] INFO  o.h.validator.internal.util.Version.<clinit> - HV000001: Hibernate Validator 5.3.6.Final
02-02-2018 05:37:27.231 [main] INFO  o.s.c.s.PostProcessorRegistrationDelegate$BeanPostProcessorChecker.postProcessAfterInitialization - Bean 'org.apache.camel.spring.boot.CamelAutoConfiguration' of type [org.apache.camel.spring.boot.CamelAutoConfiguration$$EnhancerBySpringCGLIB$$96228e4c] is not eligible for getting processed by all BeanPostProcessors (for example: not eligible for auto-proxying)
02-02-2018 05:37:28.155 [main] INFO  o.s.w.s.m.m.a.RequestMappingHandlerAdapter.initControllerAdviceCache - Looking for @ControllerAdvice: org.springframework.web.context.support.GenericWebApplicationContext@24105dc5: startup date [Fri Feb 02 05:37:25 CST 2018]; root of context hierarchy
02-02-2018 05:37:28.270 [main] INFO  o.s.w.s.m.m.a.RequestMappingHandlerMapping.register - Mapped "{[/error]}" onto public org.springframework.http.ResponseEntity<java.util.Map<java.lang.String, java.lang.Object>> org.springframework.boot.autoconfigure.web.BasicErrorController.error(javax.servlet.http.HttpServletRequest)
02-02-2018 05:37:28.272 [main] INFO  o.s.w.s.m.m.a.RequestMappingHandlerMapping.register - Mapped "{[/error],produces=[text/html]}" onto public org.springframework.web.servlet.ModelAndView org.springframework.boot.autoconfigure.web.BasicErrorController.errorHtml(javax.servlet.http.HttpServletRequest,javax.servlet.http.HttpServletResponse)
02-02-2018 05:37:28.325 [main] INFO  o.s.w.s.h.SimpleUrlHandlerMapping.registerHandler - Mapped URL path [/webjars/**] onto handler of type [class org.springframework.web.servlet.resource.ResourceHttpRequestHandler]
02-02-2018 05:37:28.325 [main] INFO  o.s.w.s.h.SimpleUrlHandlerMapping.registerHandler - Mapped URL path [/**] onto handler of type [class org.springframework.web.servlet.resource.ResourceHttpRequestHandler]
02-02-2018 05:37:28.379 [main] INFO  o.s.w.s.h.SimpleUrlHandlerMapping.registerHandler - Mapped URL path [/**/favicon.ico] onto handler of type [class org.springframework.web.servlet.resource.ResourceHttpRequestHandler]
02-02-2018 05:37:28.812 [main] WARN  o.a.c.i.DefaultCamelBeanPostProcessor.postProcessBeforeInitialization - No CamelContext defined yet so cannot inject into bean: routesHealthCheckRepository
02-02-2018 05:37:29.018 [main] INFO  o.a.c.i.c.DefaultTypeConverter.doStart - Type converters loaded (core: 192, classpath: 1)
02-02-2018 05:37:30.026 [main] INFO  c.learncamel.route.SimpleCamelRoute.configure - Starting the Camel Route
02-02-2018 05:37:30.113 [main] INFO  c.learncamel.route.SimpleCamelRoute.configure - Ending the Camel Route
02-02-2018 05:37:30.114 [main] INFO  o.a.c.spring.boot.RoutesCollector.loadXmlRoutes - Loading additional Camel XML routes from: classpath:camel/*.xml
02-02-2018 05:37:30.114 [main] INFO  o.a.c.spring.boot.RoutesCollector.loadXmlRests - Loading additional Camel XML rests from: classpath:camel-rest/*.xml
02-02-2018 05:37:30.133 [main] INFO  c.l.route.SimpleCamelRouteTest.logStarted - Started SimpleCamelRouteTest in 5.666 seconds (JVM running for 6.998)
02-02-2018 05:37:30.139 [main] INFO  o.a.c.t.s.CamelAnnotationsHandler.execute - Setting shutdown timeout to [10 SECONDS] on CamelContext with name [camelContext].
02-02-2018 05:37:30.180 [main] INFO  o.a.c.t.s.CamelSpringBootExecutionListener.beforeTestMethod - @RunWith(CamelSpringBootJUnit4ClassRunner.class) before: class com.learncamel.route.SimpleCamelRouteTest.testMoveFile
02-02-2018 05:37:30.181 [main] INFO  o.a.c.t.s.CamelSpringBootExecutionListener.beforeTestMethod - Initialized CamelSpringBootJUnit4ClassRunner now ready to start CamelContext
02-02-2018 05:37:30.182 [main] INFO  o.a.c.t.s.CamelAnnotationsHandler.execute - Starting CamelContext with name [camelContext].
02-02-2018 05:37:30.183 [main] INFO  o.a.camel.spring.SpringCamelContext.start - Apache Camel 2.20.1 (CamelContext: camel-1) is starting
02-02-2018 05:37:30.184 [main] INFO  o.a.c.m.ManagedManagementStrategy.doStart - JMX is enabled
02-02-2018 05:37:30.530 [main] INFO  o.a.camel.spring.SpringCamelContext.doStartCamel - StreamCaching is not in use. If using streams then its recommended to enable stream caching. See more details at http://camel.apache.org/stream-caching.html
02-02-2018 05:37:30.617 [main] INFO  o.a.camel.spring.SpringCamelContext.doStartOrResumeRouteConsumers - Route: route1 started and consuming from: timer://hello?period=10s
02-02-2018 05:37:30.619 [main] INFO  o.a.camel.spring.SpringCamelContext.start - Total 1 routes, of which 1 are started
02-02-2018 05:37:30.620 [main] INFO  o.a.camel.spring.SpringCamelContext.start - Apache Camel 2.20.1 (CamelContext: camel-1) started in 0.436 seconds
02-02-2018 05:37:31.627 [Camel (camel-1) thread #1 - timer://hello] INFO  route1.log - Timer Invoked and the bodyDEV Environment
02-02-2018 05:37:32.711 [Camel (camel-1) thread #1 - timer://hello] INFO  route1.log - The unmarshaled object is [Item{transactionType='ADD', sku='100', itemDescription='Samsung TV', price=500.00}, Item{transactionType='ADD', sku='101', itemDescription='LG TV', price=500.00}]
02-02-2018 05:37:32.716 [Camel (camel-1) thread #1 - timer://hello] INFO  route1.log - Record is Item{transactionType='ADD', sku='100', itemDescription='Samsung TV', price=500.00}
02-02-2018 05:37:32.717 [Camel (camel-1) thread #1 - timer://hello] INFO  route1.log - Record is Item{transactionType='ADD', sku='101', itemDescription='LG TV', price=500.00}
02-02-2018 05:37:33.720 [main] INFO  o.s.w.c.s.GenericWebApplicationContext.doClose - Closing org.springframework.web.context.support.GenericWebApplicationContext@24105dc5: startup date [Fri Feb 02 05:37:25 CST 2018]; root of context hierarchy
02-02-2018 05:37:33.723 [main] INFO  o.s.c.s.DefaultLifecycleProcessor.stop - Stopping beans in phase 2147483647
02-02-2018 05:37:33.723 [main] INFO  o.a.camel.spring.SpringCamelContext.doStop - Apache Camel 2.20.1 (CamelContext: camel-1) is shutting down
02-02-2018 05:37:33.724 [main] INFO  o.a.c.impl.DefaultShutdownStrategy.doShutdown - Starting to graceful shutdown 1 routes (timeout 10 seconds)
02-02-2018 05:37:33.734 [Camel (camel-1) thread #3 - ShutdownTask] INFO  o.a.c.impl.DefaultShutdownStrategy.run - Route: route1 shutdown complete, was consuming from: timer://hello?period=10s
02-02-2018 05:37:33.734 [main] INFO  o.a.c.impl.DefaultShutdownStrategy.doShutdown - Graceful shutdown of 1 routes completed in 0 seconds
02-02-2018 05:37:33.755 [main] INFO  o.a.camel.spring.SpringCamelContext.doStop - Apache Camel 2.20.1 (CamelContext: camel-1) uptime 3.572 seconds
02-02-2018 05:37:33.755 [main] INFO  o.a.camel.spring.SpringCamelContext.doStop - Apache Camel 2.20.1 (CamelContext: camel-1) is shutdown in 0.032 seconds
02-02-2018 05:37:33.762 [main] INFO  c.l.route.SimpleCamelRouteTest.afterTestMethod - ********************************************************************************
02-02-2018 05:37:33.763 [main] INFO  c.l.route.SimpleCamelRouteTest.afterTestMethod - Testing done: testMoveFile(com.learncamel.route.SimpleCamelRouteTest)
02-02-2018 05:37:33.763 [main] INFO  c.l.route.SimpleCamelRouteTest.afterTestMethod - Took: 3.142 seconds (3142 millis)
02-02-2018 05:37:33.763 [main] INFO  c.l.route.SimpleCamelRouteTest.afterTestMethod - ********************************************************************************
