01-02-2018 05:42:50.800 [main] INFO  o.s.b.t.c.SpringBootTestContextBootstrapper.buildDefaultMergedContextConfiguration - Neither @ContextConfiguration nor @ContextHierarchy found for test class [com.learncamel.route.SimpleCamelRouteTest], using SpringBootContextLoader
01-02-2018 05:42:50.819 [main] INFO  o.s.t.c.s.AbstractContextLoader.generateDefaultLocations - Could not detect default resource locations for test class [com.learncamel.route.SimpleCamelRouteTest]: no resource found for suffixes {-context.xml, Context.groovy}.
01-02-2018 05:42:50.820 [main] INFO  o.s.t.c.s.AnnotationConfigContextLoaderUtils.detectDefaultConfigurationClasses - Could not detect default configuration classes for test class [com.learncamel.route.SimpleCamelRouteTest]: SimpleCamelRouteTest does not declare any static, non-private, non-final, nested classes annotated with @Configuration.
01-02-2018 05:42:50.963 [main] INFO  o.s.b.t.c.SpringBootTestContextBootstrapper.getOrFindConfigurationClasses - Found @SpringBootConfiguration com.learncamel.LearncamelSpringBootApplication for test class com.learncamel.route.SimpleCamelRouteTest
01-02-2018 05:42:50.973 [main] INFO  o.s.b.t.c.SpringBootTestContextBootstrapper.getDefaultTestExecutionListenerClassNames - Loaded default TestExecutionListener class names from location [META-INF/spring.factories]: [org.springframework.boot.test.mock.mockito.MockitoTestExecutionListener, org.springframework.boot.test.mock.mockito.ResetMocksTestExecutionListener, org.springframework.boot.test.autoconfigure.restdocs.RestDocsTestExecutionListener, org.springframework.boot.test.autoconfigure.web.client.MockRestServiceServerResetTestExecutionListener, org.springframework.boot.test.autoconfigure.web.servlet.MockMvcPrintOnlyOnFailureTestExecutionListener, org.springframework.boot.test.autoconfigure.web.servlet.WebDriverTestExecutionListener, org.springframework.test.context.web.ServletTestExecutionListener, org.springframework.test.context.support.DirtiesContextBeforeModesTestExecutionListener, org.springframework.test.context.support.DependencyInjectionTestExecutionListener, org.springframework.test.context.support.DirtiesContextTestExecutionListener, org.springframework.test.context.transaction.TransactionalTestExecutionListener, org.springframework.test.context.jdbc.SqlScriptsTestExecutionListener]
01-02-2018 05:42:50.997 [main] INFO  o.s.b.t.c.SpringBootTestContextBootstrapper.getTestExecutionListeners - Using TestExecutionListeners: [org.springframework.test.context.web.ServletTestExecutionListener@3c9d0b9d, org.springframework.test.context.support.DirtiesContextBeforeModesTestExecutionListener@43301423, org.springframework.boot.test.autoconfigure.SpringBootDependencyInjectionTestExecutionListener@2f112965, org.springframework.test.context.support.DirtiesContextTestExecutionListener@1a04f701, org.springframework.test.context.transaction.TransactionalTestExecutionListener@4e91d63f, org.springframework.test.context.jdbc.SqlScriptsTestExecutionListener@d4342c2, org.springframework.boot.test.autoconfigure.restdocs.RestDocsTestExecutionListener@2bbf180e, org.springframework.boot.test.mock.mockito.MockitoTestExecutionListener@163e4e87, org.springframework.boot.test.autoconfigure.web.client.MockRestServiceServerResetTestExecutionListener@56de5251, org.springframework.boot.test.mock.mockito.ResetMocksTestExecutionListener@419c5f1a, org.springframework.boot.test.autoconfigure.web.servlet.MockMvcPrintOnlyOnFailureTestExecutionListener@12b0404f, org.springframework.boot.test.autoconfigure.web.servlet.WebDriverTestExecutionListener@769e7ee8]
01-02-2018 05:42:51.034 [main] INFO  o.a.c.t.s.CamelSpringBootExecutionListener.prepareTestInstance - @RunWith(CamelSpringBootJUnit4ClassRunner.class) preparing: class com.learncamel.route.SimpleCamelRouteTest
01-02-2018 05:42:51.940 [main] INFO  c.l.route.SimpleCamelRouteTest.logStarting - Starting SimpleCamelRouteTest on 6c4008c0f7fa with PID 20995 (started by z001qgd in /Dilip/Study/ApacheCamel/TeachApacheCamel-Spring-Boot/session-codebase/learncamel-spring-boot)
01-02-2018 05:42:51.941 [main] INFO  c.l.route.SimpleCamelRouteTest.logStartupProfileInfo - The following profiles are active: dev
01-02-2018 05:42:52.054 [main] INFO  o.s.w.c.s.GenericWebApplicationContext.prepareRefresh - Refreshing org.springframework.web.context.support.GenericWebApplicationContext@24105dc5: startup date [Thu Feb 01 05:42:52 CST 2018]; root of context hierarchy
01-02-2018 05:42:52.591 [background-preinit] INFO  o.h.validator.internal.util.Version.<clinit> - HV000001: Hibernate Validator 5.3.6.Final
01-02-2018 05:42:54.067 [main] INFO  o.s.c.s.PostProcessorRegistrationDelegate$BeanPostProcessorChecker.postProcessAfterInitialization - Bean 'org.apache.camel.spring.boot.CamelAutoConfiguration' of type [org.apache.camel.spring.boot.CamelAutoConfiguration$$EnhancerBySpringCGLIB$$6e6a95cf] is not eligible for getting processed by all BeanPostProcessors (for example: not eligible for auto-proxying)
01-02-2018 05:42:55.101 [main] INFO  o.s.w.s.m.m.a.RequestMappingHandlerAdapter.initControllerAdviceCache - Looking for @ControllerAdvice: org.springframework.web.context.support.GenericWebApplicationContext@24105dc5: startup date [Thu Feb 01 05:42:52 CST 2018]; root of context hierarchy
01-02-2018 05:42:55.210 [main] INFO  o.s.w.s.m.m.a.RequestMappingHandlerMapping.register - Mapped "{[/error]}" onto public org.springframework.http.ResponseEntity<java.util.Map<java.lang.String, java.lang.Object>> org.springframework.boot.autoconfigure.web.BasicErrorController.error(javax.servlet.http.HttpServletRequest)
01-02-2018 05:42:55.212 [main] INFO  o.s.w.s.m.m.a.RequestMappingHandlerMapping.register - Mapped "{[/error],produces=[text/html]}" onto public org.springframework.web.servlet.ModelAndView org.springframework.boot.autoconfigure.web.BasicErrorController.errorHtml(javax.servlet.http.HttpServletRequest,javax.servlet.http.HttpServletResponse)
01-02-2018 05:42:55.289 [main] INFO  o.s.w.s.h.SimpleUrlHandlerMapping.registerHandler - Mapped URL path [/webjars/**] onto handler of type [class org.springframework.web.servlet.resource.ResourceHttpRequestHandler]
01-02-2018 05:42:55.290 [main] INFO  o.s.w.s.h.SimpleUrlHandlerMapping.registerHandler - Mapped URL path [/**] onto handler of type [class org.springframework.web.servlet.resource.ResourceHttpRequestHandler]
01-02-2018 05:42:55.362 [main] INFO  o.s.w.s.h.SimpleUrlHandlerMapping.registerHandler - Mapped URL path [/**/favicon.ico] onto handler of type [class org.springframework.web.servlet.resource.ResourceHttpRequestHandler]
01-02-2018 05:42:55.792 [main] WARN  o.a.c.i.DefaultCamelBeanPostProcessor.postProcessBeforeInitialization - No CamelContext defined yet so cannot inject into bean: routesHealthCheckRepository
01-02-2018 05:42:55.982 [main] INFO  o.a.c.i.c.DefaultTypeConverter.doStart - Type converters loaded (core: 192, classpath: 1)
01-02-2018 05:42:57.014 [main] INFO  c.learncamel.route.SimpleCamelRoute.configure - Starting the Camel Route
01-02-2018 05:42:57.079 [main] INFO  c.learncamel.route.SimpleCamelRoute.configure - Ending the Camel Route
01-02-2018 05:42:57.080 [main] INFO  o.a.c.spring.boot.RoutesCollector.loadXmlRoutes - Loading additional Camel XML routes from: classpath:camel/*.xml
01-02-2018 05:42:57.081 [main] INFO  o.a.c.spring.boot.RoutesCollector.loadXmlRests - Loading additional Camel XML rests from: classpath:camel-rest/*.xml
01-02-2018 05:42:57.103 [main] INFO  c.l.route.SimpleCamelRouteTest.logStarted - Started SimpleCamelRouteTest in 5.887 seconds (JVM running for 7.046)
01-02-2018 05:42:57.110 [main] INFO  o.a.c.t.s.CamelAnnotationsHandler.execute - Setting shutdown timeout to [10 SECONDS] on CamelContext with name [camelContext].
01-02-2018 05:42:57.147 [main] INFO  o.a.c.t.s.CamelSpringBootExecutionListener.beforeTestMethod - @RunWith(CamelSpringBootJUnit4ClassRunner.class) before: class com.learncamel.route.SimpleCamelRouteTest.testMoveFile
01-02-2018 05:42:57.148 [main] INFO  o.a.c.t.s.CamelSpringBootExecutionListener.beforeTestMethod - Initialized CamelSpringBootJUnit4ClassRunner now ready to start CamelContext
01-02-2018 05:42:57.149 [main] INFO  o.a.c.t.s.CamelAnnotationsHandler.execute - Starting CamelContext with name [camelContext].
01-02-2018 05:42:57.150 [main] INFO  o.a.camel.spring.SpringCamelContext.start - Apache Camel 2.20.1 (CamelContext: camel-1) is starting
01-02-2018 05:42:57.151 [main] INFO  o.a.c.m.ManagedManagementStrategy.doStart - JMX is enabled
01-02-2018 05:42:57.553 [main] INFO  o.a.camel.spring.SpringCamelContext.doStartCamel - StreamCaching is not in use. If using streams then its recommended to enable stream caching. See more details at http://camel.apache.org/stream-caching.html
01-02-2018 05:42:57.645 [main] INFO  o.a.camel.spring.SpringCamelContext.doStartOrResumeRouteConsumers - Route: route1 started and consuming from: timer://hello?period=10s
01-02-2018 05:42:57.648 [main] INFO  o.a.camel.spring.SpringCamelContext.start - Total 1 routes, of which 1 are started
01-02-2018 05:42:57.649 [main] INFO  o.a.camel.spring.SpringCamelContext.start - Apache Camel 2.20.1 (CamelContext: camel-1) started in 0.498 seconds
01-02-2018 05:42:58.655 [Camel (camel-1) thread #1 - timer://hello] INFO  route1.log - Timer Invoked and the bodyDEV Environment
01-02-2018 05:42:59.736 [Camel (camel-1) thread #1 - timer://hello] INFO  route1.log - The unmarshaled object is [Item{transactionType='ADD', sku='100', itemDescription='Samsung TV', price=500}, Item{transactionType='ADD', sku='101', itemDescription='LG TV', price=500}]
01-02-2018 05:43:00.743 [main] INFO  o.s.w.c.s.GenericWebApplicationContext.doClose - Closing org.springframework.web.context.support.GenericWebApplicationContext@24105dc5: startup date [Thu Feb 01 05:42:52 CST 2018]; root of context hierarchy
01-02-2018 05:43:00.747 [main] INFO  o.s.c.s.DefaultLifecycleProcessor.stop - Stopping beans in phase 2147483647
01-02-2018 05:43:00.747 [main] INFO  o.a.camel.spring.SpringCamelContext.doStop - Apache Camel 2.20.1 (CamelContext: camel-1) is shutting down
01-02-2018 05:43:00.748 [main] INFO  o.a.c.impl.DefaultShutdownStrategy.doShutdown - Starting to graceful shutdown 1 routes (timeout 10 seconds)
01-02-2018 05:43:00.756 [Camel (camel-1) thread #3 - ShutdownTask] INFO  o.a.c.impl.DefaultShutdownStrategy.run - Route: route1 shutdown complete, was consuming from: timer://hello?period=10s
01-02-2018 05:43:00.757 [main] INFO  o.a.c.impl.DefaultShutdownStrategy.doShutdown - Graceful shutdown of 1 routes completed in 0 seconds
01-02-2018 05:43:00.778 [main] INFO  o.a.camel.spring.SpringCamelContext.doStop - Apache Camel 2.20.1 (CamelContext: camel-1) uptime 3.628 seconds
01-02-2018 05:43:00.778 [main] INFO  o.a.camel.spring.SpringCamelContext.doStop - Apache Camel 2.20.1 (CamelContext: camel-1) is shutdown in 0.031 seconds
01-02-2018 05:43:00.783 [main] INFO  c.l.route.SimpleCamelRouteTest.afterTestMethod - ********************************************************************************
01-02-2018 05:43:00.784 [main] INFO  c.l.route.SimpleCamelRouteTest.afterTestMethod - Testing done: testMoveFile(com.learncamel.route.SimpleCamelRouteTest)
01-02-2018 05:43:00.784 [main] INFO  c.l.route.SimpleCamelRouteTest.afterTestMethod - Took: 3.134 seconds (3134 millis)
01-02-2018 05:43:00.784 [main] INFO  c.l.route.SimpleCamelRouteTest.afterTestMethod - ********************************************************************************
01-02-2018 05:43:58.876 [main] INFO  o.s.b.t.c.SpringBootTestContextBootstrapper.buildDefaultMergedContextConfiguration - Neither @ContextConfiguration nor @ContextHierarchy found for test class [com.learncamel.route.SimpleCamelRouteTest], using SpringBootContextLoader
01-02-2018 05:43:58.884 [main] INFO  o.s.t.c.s.AbstractContextLoader.generateDefaultLocations - Could not detect default resource locations for test class [com.learncamel.route.SimpleCamelRouteTest]: no resource found for suffixes {-context.xml, Context.groovy}.
01-02-2018 05:43:58.887 [main] INFO  o.s.t.c.s.AnnotationConfigContextLoaderUtils.detectDefaultConfigurationClasses - Could not detect default configuration classes for test class [com.learncamel.route.SimpleCamelRouteTest]: SimpleCamelRouteTest does not declare any static, non-private, non-final, nested classes annotated with @Configuration.
01-02-2018 05:43:59.045 [main] INFO  o.s.b.t.c.SpringBootTestContextBootstrapper.getOrFindConfigurationClasses - Found @SpringBootConfiguration com.learncamel.LearncamelSpringBootApplication for test class com.learncamel.route.SimpleCamelRouteTest
01-02-2018 05:43:59.057 [main] INFO  o.s.b.t.c.SpringBootTestContextBootstrapper.getDefaultTestExecutionListenerClassNames - Loaded default TestExecutionListener class names from location [META-INF/spring.factories]: [org.springframework.boot.test.mock.mockito.MockitoTestExecutionListener, org.springframework.boot.test.mock.mockito.ResetMocksTestExecutionListener, org.springframework.boot.test.autoconfigure.restdocs.RestDocsTestExecutionListener, org.springframework.boot.test.autoconfigure.web.client.MockRestServiceServerResetTestExecutionListener, org.springframework.boot.test.autoconfigure.web.servlet.MockMvcPrintOnlyOnFailureTestExecutionListener, org.springframework.boot.test.autoconfigure.web.servlet.WebDriverTestExecutionListener, org.springframework.test.context.web.ServletTestExecutionListener, org.springframework.test.context.support.DirtiesContextBeforeModesTestExecutionListener, org.springframework.test.context.support.DependencyInjectionTestExecutionListener, org.springframework.test.context.support.DirtiesContextTestExecutionListener, org.springframework.test.context.transaction.TransactionalTestExecutionListener, org.springframework.test.context.jdbc.SqlScriptsTestExecutionListener]
01-02-2018 05:43:59.080 [main] INFO  o.s.b.t.c.SpringBootTestContextBootstrapper.getTestExecutionListeners - Using TestExecutionListeners: [org.springframework.test.context.web.ServletTestExecutionListener@45b9a632, org.springframework.test.context.support.DirtiesContextBeforeModesTestExecutionListener@25d250c6, org.springframework.boot.test.autoconfigure.SpringBootDependencyInjectionTestExecutionListener@4df50bcc, org.springframework.test.context.support.DirtiesContextTestExecutionListener@6b26e945, org.springframework.test.context.transaction.TransactionalTestExecutionListener@63a65a25, org.springframework.test.context.jdbc.SqlScriptsTestExecutionListener@54c562f7, org.springframework.boot.test.autoconfigure.restdocs.RestDocsTestExecutionListener@318ba8c8, org.springframework.boot.test.autoconfigure.web.client.MockRestServiceServerResetTestExecutionListener@6dbb137d, org.springframework.boot.test.mock.mockito.ResetMocksTestExecutionListener@3c9d0b9d, org.springframework.boot.test.autoconfigure.web.servlet.WebDriverTestExecutionListener@43301423, org.springframework.boot.test.mock.mockito.MockitoTestExecutionListener@2f112965, org.springframework.boot.test.autoconfigure.web.servlet.MockMvcPrintOnlyOnFailureTestExecutionListener@1a04f701]
01-02-2018 05:43:59.127 [main] INFO  o.a.c.t.s.CamelSpringBootExecutionListener.prepareTestInstance - @RunWith(CamelSpringBootJUnit4ClassRunner.class) preparing: class com.learncamel.route.SimpleCamelRouteTest
01-02-2018 05:43:59.899 [main] INFO  c.l.route.SimpleCamelRouteTest.logStarting - Starting SimpleCamelRouteTest on 6c4008c0f7fa with PID 21011 (started by z001qgd in /Dilip/Study/ApacheCamel/TeachApacheCamel-Spring-Boot/session-codebase/learncamel-spring-boot)
01-02-2018 05:43:59.900 [main] INFO  c.l.route.SimpleCamelRouteTest.logStartupProfileInfo - The following profiles are active: dev
01-02-2018 05:43:59.936 [main] INFO  o.s.w.c.s.GenericWebApplicationContext.prepareRefresh - Refreshing org.springframework.web.context.support.GenericWebApplicationContext@1a5a4e19: startup date [Thu Feb 01 05:43:59 CST 2018]; root of context hierarchy
01-02-2018 05:44:00.383 [background-preinit] INFO  o.h.validator.internal.util.Version.<clinit> - HV000001: Hibernate Validator 5.3.6.Final
01-02-2018 05:44:01.601 [main] INFO  o.s.c.s.PostProcessorRegistrationDelegate$BeanPostProcessorChecker.postProcessAfterInitialization - Bean 'org.apache.camel.spring.boot.CamelAutoConfiguration' of type [org.apache.camel.spring.boot.CamelAutoConfiguration$$EnhancerBySpringCGLIB$$7555bf1a] is not eligible for getting processed by all BeanPostProcessors (for example: not eligible for auto-proxying)
01-02-2018 05:44:02.348 [main] INFO  o.s.w.s.m.m.a.RequestMappingHandlerAdapter.initControllerAdviceCache - Looking for @ControllerAdvice: org.springframework.web.context.support.GenericWebApplicationContext@1a5a4e19: startup date [Thu Feb 01 05:43:59 CST 2018]; root of context hierarchy
01-02-2018 05:44:02.492 [main] INFO  o.s.w.s.m.m.a.RequestMappingHandlerMapping.register - Mapped "{[/error]}" onto public org.springframework.http.ResponseEntity<java.util.Map<java.lang.String, java.lang.Object>> org.springframework.boot.autoconfigure.web.BasicErrorController.error(javax.servlet.http.HttpServletRequest)
01-02-2018 05:44:02.495 [main] INFO  o.s.w.s.m.m.a.RequestMappingHandlerMapping.register - Mapped "{[/error],produces=[text/html]}" onto public org.springframework.web.servlet.ModelAndView org.springframework.boot.autoconfigure.web.BasicErrorController.errorHtml(javax.servlet.http.HttpServletRequest,javax.servlet.http.HttpServletResponse)
01-02-2018 05:44:02.547 [main] INFO  o.s.w.s.h.SimpleUrlHandlerMapping.registerHandler - Mapped URL path [/webjars/**] onto handler of type [class org.springframework.web.servlet.resource.ResourceHttpRequestHandler]
01-02-2018 05:44:02.548 [main] INFO  o.s.w.s.h.SimpleUrlHandlerMapping.registerHandler - Mapped URL path [/**] onto handler of type [class org.springframework.web.servlet.resource.ResourceHttpRequestHandler]
01-02-2018 05:44:02.618 [main] INFO  o.s.w.s.h.SimpleUrlHandlerMapping.registerHandler - Mapped URL path [/**/favicon.ico] onto handler of type [class org.springframework.web.servlet.resource.ResourceHttpRequestHandler]
01-02-2018 05:44:03.015 [main] WARN  o.a.c.i.DefaultCamelBeanPostProcessor.postProcessBeforeInitialization - No CamelContext defined yet so cannot inject into bean: routesHealthCheckRepository
01-02-2018 05:44:03.177 [main] INFO  o.a.c.i.c.DefaultTypeConverter.doStart - Type converters loaded (core: 192, classpath: 1)
01-02-2018 05:44:04.321 [main] INFO  c.learncamel.route.SimpleCamelRoute.configure - Starting the Camel Route
01-02-2018 05:44:04.406 [main] INFO  c.learncamel.route.SimpleCamelRoute.configure - Ending the Camel Route
01-02-2018 05:44:04.407 [main] INFO  o.a.c.spring.boot.RoutesCollector.loadXmlRoutes - Loading additional Camel XML routes from: classpath:camel/*.xml
01-02-2018 05:44:04.408 [main] INFO  o.a.c.spring.boot.RoutesCollector.loadXmlRests - Loading additional Camel XML rests from: classpath:camel-rest/*.xml
01-02-2018 05:44:04.427 [main] INFO  c.l.route.SimpleCamelRouteTest.logStarted - Started SimpleCamelRouteTest in 5.083 seconds (JVM running for 6.279)
01-02-2018 05:44:04.438 [main] INFO  o.a.c.t.s.CamelAnnotationsHandler.execute - Setting shutdown timeout to [10 SECONDS] on CamelContext with name [camelContext].
01-02-2018 05:44:04.479 [main] INFO  o.a.c.t.s.CamelSpringBootExecutionListener.beforeTestMethod - @RunWith(CamelSpringBootJUnit4ClassRunner.class) before: class com.learncamel.route.SimpleCamelRouteTest.testMoveFile
01-02-2018 05:44:04.481 [main] INFO  o.a.c.t.s.CamelSpringBootExecutionListener.beforeTestMethod - Initialized CamelSpringBootJUnit4ClassRunner now ready to start CamelContext
01-02-2018 05:44:04.484 [main] INFO  o.a.c.t.s.CamelAnnotationsHandler.execute - Starting CamelContext with name [camelContext].
01-02-2018 05:44:04.487 [main] INFO  o.a.camel.spring.SpringCamelContext.start - Apache Camel 2.20.1 (CamelContext: camel-1) is starting
01-02-2018 05:44:04.490 [main] INFO  o.a.c.m.ManagedManagementStrategy.doStart - JMX is enabled
01-02-2018 05:44:04.820 [main] INFO  o.a.camel.spring.SpringCamelContext.doStartCamel - StreamCaching is not in use. If using streams then its recommended to enable stream caching. See more details at http://camel.apache.org/stream-caching.html
01-02-2018 05:44:04.912 [main] INFO  o.a.camel.spring.SpringCamelContext.doStartOrResumeRouteConsumers - Route: route1 started and consuming from: timer://hello?period=10s
01-02-2018 05:44:04.920 [main] INFO  o.a.camel.spring.SpringCamelContext.start - Total 1 routes, of which 1 are started
01-02-2018 05:44:04.923 [main] INFO  o.a.camel.spring.SpringCamelContext.start - Apache Camel 2.20.1 (CamelContext: camel-1) started in 0.435 seconds
01-02-2018 05:44:05.919 [Camel (camel-1) thread #1 - timer://hello] INFO  route1.log - Timer Invoked and the bodyDEV Environment
01-02-2018 05:44:06.992 [Camel (camel-1) thread #1 - timer://hello] INFO  route1.log - The unmarshaled object is [Item{transactionType='ADD', sku='100', itemDescription='Samsung TV', price=500.00}, Item{transactionType='ADD', sku='101', itemDescription='LG TV', price=500.00}]
01-02-2018 05:44:08.045 [main] INFO  o.s.w.c.s.GenericWebApplicationContext.doClose - Closing org.springframework.web.context.support.GenericWebApplicationContext@1a5a4e19: startup date [Thu Feb 01 05:43:59 CST 2018]; root of context hierarchy
01-02-2018 05:44:08.048 [main] INFO  o.s.c.s.DefaultLifecycleProcessor.stop - Stopping beans in phase 2147483647
01-02-2018 05:44:08.049 [main] INFO  o.a.camel.spring.SpringCamelContext.doStop - Apache Camel 2.20.1 (CamelContext: camel-1) is shutting down
01-02-2018 05:44:08.049 [main] INFO  o.a.c.impl.DefaultShutdownStrategy.doShutdown - Starting to graceful shutdown 1 routes (timeout 10 seconds)
01-02-2018 05:44:08.056 [Camel (camel-1) thread #3 - ShutdownTask] INFO  o.a.c.impl.DefaultShutdownStrategy.run - Route: route1 shutdown complete, was consuming from: timer://hello?period=10s
01-02-2018 05:44:08.057 [main] INFO  o.a.c.impl.DefaultShutdownStrategy.doShutdown - Graceful shutdown of 1 routes completed in 0 seconds
01-02-2018 05:44:08.070 [main] INFO  o.a.camel.spring.SpringCamelContext.doStop - Apache Camel 2.20.1 (CamelContext: camel-1) uptime 3.584 seconds
01-02-2018 05:44:08.071 [main] INFO  o.a.camel.spring.SpringCamelContext.doStop - Apache Camel 2.20.1 (CamelContext: camel-1) is shutdown in 0.022 seconds
01-02-2018 05:44:08.075 [main] INFO  c.l.route.SimpleCamelRouteTest.afterTestMethod - ********************************************************************************
01-02-2018 05:44:08.075 [main] INFO  c.l.route.SimpleCamelRouteTest.afterTestMethod - Testing done: testMoveFile(com.learncamel.route.SimpleCamelRouteTest)
01-02-2018 05:44:08.076 [main] INFO  c.l.route.SimpleCamelRouteTest.afterTestMethod - Took: 3.152 seconds (3152 millis)
01-02-2018 05:44:08.076 [main] INFO  c.l.route.SimpleCamelRouteTest.afterTestMethod - ********************************************************************************
