29-10-2021 10:41:21.300 [main] INFO  o.s.b.t.c.SpringBootTestContextBootstrapper.buildDefaultMergedContextConfiguration - Neither @ContextConfiguration nor @ContextHierarchy found for test class [com.learncamel.route.SimpleCamelRouteMockTest], using SpringBootContextLoader
29-10-2021 10:41:21.318 [main] INFO  o.s.t.c.s.AbstractContextLoader.generateDefaultLocations - Could not detect default resource locations for test class [com.learncamel.route.SimpleCamelRouteMockTest]: no resource found for suffixes {-context.xml, Context.groovy}.
29-10-2021 10:41:21.320 [main] INFO  o.s.t.c.s.AnnotationConfigContextLoaderUtils.detectDefaultConfigurationClasses - Could not detect default configuration classes for test class [com.learncamel.route.SimpleCamelRouteMockTest]: SimpleCamelRouteMockTest does not declare any static, non-private, non-final, nested classes annotated with @Configuration.
29-10-2021 10:41:21.501 [main] INFO  o.s.b.t.c.SpringBootTestContextBootstrapper.getOrFindConfigurationClasses - Found @SpringBootConfiguration com.learncamel.LearncamelSpringBootApplication for test class com.learncamel.route.SimpleCamelRouteMockTest
29-10-2021 10:41:21.510 [main] INFO  o.s.b.t.c.SpringBootTestContextBootstrapper.getDefaultTestExecutionListenerClassNames - Loaded default TestExecutionListener class names from location [META-INF/spring.factories]: [org.springframework.boot.test.mock.mockito.MockitoTestExecutionListener, org.springframework.boot.test.mock.mockito.ResetMocksTestExecutionListener, org.springframework.boot.test.autoconfigure.restdocs.RestDocsTestExecutionListener, org.springframework.boot.test.autoconfigure.web.client.MockRestServiceServerResetTestExecutionListener, org.springframework.boot.test.autoconfigure.web.servlet.MockMvcPrintOnlyOnFailureTestExecutionListener, org.springframework.boot.test.autoconfigure.web.servlet.WebDriverTestExecutionListener, org.springframework.test.context.web.ServletTestExecutionListener, org.springframework.test.context.support.DirtiesContextBeforeModesTestExecutionListener, org.springframework.test.context.support.DependencyInjectionTestExecutionListener, org.springframework.test.context.support.DirtiesContextTestExecutionListener, org.springframework.test.context.transaction.TransactionalTestExecutionListener, org.springframework.test.context.jdbc.SqlScriptsTestExecutionListener]
29-10-2021 10:41:21.535 [main] INFO  o.s.b.t.c.SpringBootTestContextBootstrapper.getTestExecutionListeners - Using TestExecutionListeners: [org.springframework.test.context.web.ServletTestExecutionListener@4f209819, org.springframework.test.context.support.DirtiesContextBeforeModesTestExecutionListener@15eb5ee5, org.springframework.boot.test.autoconfigure.SpringBootDependencyInjectionTestExecutionListener@2145b572, org.springframework.test.context.support.DirtiesContextTestExecutionListener@39529185, org.springframework.test.context.transaction.TransactionalTestExecutionListener@72f926e6, org.springframework.test.context.jdbc.SqlScriptsTestExecutionListener@3daa422a, org.springframework.boot.test.autoconfigure.web.servlet.WebDriverTestExecutionListener@31c88ec8, org.springframework.boot.test.mock.mockito.MockitoTestExecutionListener@1cbbffcd, org.springframework.boot.test.autoconfigure.web.client.MockRestServiceServerResetTestExecutionListener@27ce24aa, org.springframework.boot.test.autoconfigure.restdocs.RestDocsTestExecutionListener@481a996b, org.springframework.boot.test.autoconfigure.web.servlet.MockMvcPrintOnlyOnFailureTestExecutionListener@3d51f06e, org.springframework.boot.test.mock.mockito.ResetMocksTestExecutionListener@7ed7259e]
29-10-2021 10:41:21.540 [main] INFO  o.s.b.t.c.SpringBootTestContextBootstrapper.buildDefaultMergedContextConfiguration - Neither @ContextConfiguration nor @ContextHierarchy found for test class [com.learncamel.route.SimpleCamelRouteTest], using SpringBootContextLoader
29-10-2021 10:41:21.542 [main] INFO  o.s.t.c.s.AbstractContextLoader.generateDefaultLocations - Could not detect default resource locations for test class [com.learncamel.route.SimpleCamelRouteTest]: no resource found for suffixes {-context.xml, Context.groovy}.
29-10-2021 10:41:21.542 [main] INFO  o.s.t.c.s.AnnotationConfigContextLoaderUtils.detectDefaultConfigurationClasses - Could not detect default configuration classes for test class [com.learncamel.route.SimpleCamelRouteTest]: SimpleCamelRouteTest does not declare any static, non-private, non-final, nested classes annotated with @Configuration.
29-10-2021 10:41:21.552 [main] INFO  o.s.b.t.c.SpringBootTestContextBootstrapper.getOrFindConfigurationClasses - Found @SpringBootConfiguration com.learncamel.LearncamelSpringBootApplication for test class com.learncamel.route.SimpleCamelRouteTest
29-10-2021 10:41:21.564 [main] INFO  o.s.b.t.c.SpringBootTestContextBootstrapper.getDefaultTestExecutionListenerClassNames - Loaded default TestExecutionListener class names from location [META-INF/spring.factories]: [org.springframework.boot.test.mock.mockito.MockitoTestExecutionListener, org.springframework.boot.test.mock.mockito.ResetMocksTestExecutionListener, org.springframework.boot.test.autoconfigure.restdocs.RestDocsTestExecutionListener, org.springframework.boot.test.autoconfigure.web.client.MockRestServiceServerResetTestExecutionListener, org.springframework.boot.test.autoconfigure.web.servlet.MockMvcPrintOnlyOnFailureTestExecutionListener, org.springframework.boot.test.autoconfigure.web.servlet.WebDriverTestExecutionListener, org.springframework.test.context.web.ServletTestExecutionListener, org.springframework.test.context.support.DirtiesContextBeforeModesTestExecutionListener, org.springframework.test.context.support.DependencyInjectionTestExecutionListener, org.springframework.test.context.support.DirtiesContextTestExecutionListener, org.springframework.test.context.transaction.TransactionalTestExecutionListener, org.springframework.test.context.jdbc.SqlScriptsTestExecutionListener]
29-10-2021 10:41:21.573 [main] INFO  o.s.b.t.c.SpringBootTestContextBootstrapper.getTestExecutionListeners - Using TestExecutionListeners: [org.springframework.test.context.web.ServletTestExecutionListener@6356695f, org.springframework.test.context.support.DirtiesContextBeforeModesTestExecutionListener@4f18837a, org.springframework.boot.test.autoconfigure.SpringBootDependencyInjectionTestExecutionListener@359f7cdf, org.springframework.test.context.support.DirtiesContextTestExecutionListener@1fa268de, org.springframework.test.context.transaction.TransactionalTestExecutionListener@4f6ee6e4, org.springframework.test.context.jdbc.SqlScriptsTestExecutionListener@4466af20, org.springframework.boot.test.autoconfigure.web.servlet.WebDriverTestExecutionListener@a514af7, org.springframework.boot.test.mock.mockito.MockitoTestExecutionListener@6b927fb, org.springframework.boot.test.autoconfigure.web.client.MockRestServiceServerResetTestExecutionListener@3e58a80e, org.springframework.boot.test.autoconfigure.restdocs.RestDocsTestExecutionListener@4fb61f4a, org.springframework.boot.test.autoconfigure.web.servlet.MockMvcPrintOnlyOnFailureTestExecutionListener@4fb0f2b9, org.springframework.boot.test.mock.mockito.ResetMocksTestExecutionListener@79924b]
29-10-2021 10:41:21.601 [main] INFO  o.s.b.t.c.SpringBootTestContextBootstrapper.buildDefaultMergedContextConfiguration - Neither @ContextConfiguration nor @ContextHierarchy found for test class [com.learncamel.route.SimpleCamelRouteMockTest], using SpringBootContextLoader
29-10-2021 10:41:21.603 [main] INFO  o.s.t.c.s.AbstractContextLoader.generateDefaultLocations - Could not detect default resource locations for test class [com.learncamel.route.SimpleCamelRouteMockTest]: no resource found for suffixes {-context.xml, Context.groovy}.
29-10-2021 10:41:21.604 [main] INFO  o.s.t.c.s.AnnotationConfigContextLoaderUtils.detectDefaultConfigurationClasses - Could not detect default configuration classes for test class [com.learncamel.route.SimpleCamelRouteMockTest]: SimpleCamelRouteMockTest does not declare any static, non-private, non-final, nested classes annotated with @Configuration.
29-10-2021 10:41:21.611 [main] INFO  o.s.b.t.c.SpringBootTestContextBootstrapper.getOrFindConfigurationClasses - Found @SpringBootConfiguration com.learncamel.LearncamelSpringBootApplication for test class com.learncamel.route.SimpleCamelRouteMockTest
29-10-2021 10:41:21.616 [main] INFO  o.s.b.t.c.SpringBootTestContextBootstrapper.getDefaultTestExecutionListenerClassNames - Loaded default TestExecutionListener class names from location [META-INF/spring.factories]: [org.springframework.boot.test.mock.mockito.MockitoTestExecutionListener, org.springframework.boot.test.mock.mockito.ResetMocksTestExecutionListener, org.springframework.boot.test.autoconfigure.restdocs.RestDocsTestExecutionListener, org.springframework.boot.test.autoconfigure.web.client.MockRestServiceServerResetTestExecutionListener, org.springframework.boot.test.autoconfigure.web.servlet.MockMvcPrintOnlyOnFailureTestExecutionListener, org.springframework.boot.test.autoconfigure.web.servlet.WebDriverTestExecutionListener, org.springframework.test.context.web.ServletTestExecutionListener, org.springframework.test.context.support.DirtiesContextBeforeModesTestExecutionListener, org.springframework.test.context.support.DependencyInjectionTestExecutionListener, org.springframework.test.context.support.DirtiesContextTestExecutionListener, org.springframework.test.context.transaction.TransactionalTestExecutionListener, org.springframework.test.context.jdbc.SqlScriptsTestExecutionListener]
29-10-2021 10:41:21.621 [main] INFO  o.s.b.t.c.SpringBootTestContextBootstrapper.getTestExecutionListeners - Using TestExecutionListeners: [org.springframework.test.context.web.ServletTestExecutionListener@38d8f54a, org.springframework.test.context.support.DirtiesContextBeforeModesTestExecutionListener@49e53c76, org.springframework.boot.test.autoconfigure.SpringBootDependencyInjectionTestExecutionListener@351d00c0, org.springframework.test.context.support.DirtiesContextTestExecutionListener@2a3b5b47, org.springframework.test.context.transaction.TransactionalTestExecutionListener@55b699ef, org.springframework.test.context.jdbc.SqlScriptsTestExecutionListener@35d019a3, org.springframework.boot.test.autoconfigure.web.servlet.WebDriverTestExecutionListener@689604d9, org.springframework.boot.test.mock.mockito.MockitoTestExecutionListener@18078bef, org.springframework.boot.test.autoconfigure.web.client.MockRestServiceServerResetTestExecutionListener@799f10e1, org.springframework.boot.test.autoconfigure.restdocs.RestDocsTestExecutionListener@4c371370, org.springframework.boot.test.autoconfigure.web.servlet.MockMvcPrintOnlyOnFailureTestExecutionListener@145f66e3, org.springframework.boot.test.mock.mockito.ResetMocksTestExecutionListener@3023df74]
29-10-2021 10:41:21.626 [main] INFO  o.a.c.t.s.CamelSpringBootExecutionListener.prepareTestInstance - @RunWith(CamelSpringBootJUnit4ClassRunner.class) preparing: class com.learncamel.route.SimpleCamelRouteMockTest
29-10-2021 10:41:22.302 [main] INFO  c.l.route.SimpleCamelRouteMockTest.logStarting - Starting SimpleCamelRouteMockTest on DESKTOP-AH2VL3Q with PID 7916 (started by lenovo in H:\camel-bindly-parse-csv-file\learncamel-spring-boot-bindy)
29-10-2021 10:41:22.303 [main] INFO  c.l.route.SimpleCamelRouteMockTest.logStartupProfileInfo - The following profiles are active: mock
29-10-2021 10:41:22.372 [main] INFO  o.s.w.c.s.GenericWebApplicationContext.prepareRefresh - Refreshing org.springframework.web.context.support.GenericWebApplicationContext@29a5f4e7: startup date [Fri Oct 29 10:41:22 IST 2021]; root of context hierarchy
29-10-2021 10:41:22.982 [background-preinit] INFO  o.h.validator.internal.util.Version.<clinit> - HV000001: Hibernate Validator 5.3.6.Final
29-10-2021 10:41:24.357 [main] INFO  o.s.c.s.PostProcessorRegistrationDelegate$BeanPostProcessorChecker.postProcessAfterInitialization - Bean 'org.apache.camel.spring.boot.CamelAutoConfiguration' of type [org.apache.camel.spring.boot.CamelAutoConfiguration$$EnhancerBySpringCGLIB$$ba3de117] is not eligible for getting processed by all BeanPostProcessors (for example: not eligible for auto-proxying)
29-10-2021 10:41:25.377 [main] INFO  o.s.w.s.m.m.a.RequestMappingHandlerAdapter.initControllerAdviceCache - Looking for @ControllerAdvice: org.springframework.web.context.support.GenericWebApplicationContext@29a5f4e7: startup date [Fri Oct 29 10:41:22 IST 2021]; root of context hierarchy
29-10-2021 10:41:25.522 [main] INFO  o.s.w.s.m.m.a.RequestMappingHandlerMapping.register - Mapped "{[/error]}" onto public org.springframework.http.ResponseEntity<java.util.Map<java.lang.String, java.lang.Object>> org.springframework.boot.autoconfigure.web.BasicErrorController.error(javax.servlet.http.HttpServletRequest)
29-10-2021 10:41:25.524 [main] INFO  o.s.w.s.m.m.a.RequestMappingHandlerMapping.register - Mapped "{[/error],produces=[text/html]}" onto public org.springframework.web.servlet.ModelAndView org.springframework.boot.autoconfigure.web.BasicErrorController.errorHtml(javax.servlet.http.HttpServletRequest,javax.servlet.http.HttpServletResponse)
29-10-2021 10:41:25.582 [main] INFO  o.s.w.s.h.SimpleUrlHandlerMapping.registerHandler - Mapped URL path [/webjars/**] onto handler of type [class org.springframework.web.servlet.resource.ResourceHttpRequestHandler]
29-10-2021 10:41:25.583 [main] INFO  o.s.w.s.h.SimpleUrlHandlerMapping.registerHandler - Mapped URL path [/**] onto handler of type [class org.springframework.web.servlet.resource.ResourceHttpRequestHandler]
29-10-2021 10:41:25.650 [main] INFO  o.s.w.s.h.SimpleUrlHandlerMapping.registerHandler - Mapped URL path [/**/favicon.ico] onto handler of type [class org.springframework.web.servlet.resource.ResourceHttpRequestHandler]
29-10-2021 10:41:26.058 [main] WARN  o.a.c.i.DefaultCamelBeanPostProcessor.postProcessBeforeInitialization - No CamelContext defined yet so cannot inject into bean: routesHealthCheckRepository
29-10-2021 10:41:26.696 [main] INFO  o.a.c.i.c.DefaultTypeConverter.doStart - Type converters loaded (core: 192, classpath: 1)
29-10-2021 10:41:27.840 [main] INFO  c.learncamel.route.SimpleCamelRoute.configure - Starting the Camel Route
29-10-2021 10:41:28.021 [main] INFO  c.learncamel.route.SimpleCamelRoute.configure - Ending the Camel Route
29-10-2021 10:41:28.021 [main] INFO  o.a.c.spring.boot.RoutesCollector.loadXmlRoutes - Loading additional Camel XML routes from: classpath:camel/*.xml
29-10-2021 10:41:28.022 [main] INFO  o.a.c.spring.boot.RoutesCollector.loadXmlRests - Loading additional Camel XML rests from: classpath:camel-rest/*.xml
29-10-2021 10:41:28.048 [main] INFO  c.l.route.SimpleCamelRouteMockTest.logStarted - Started SimpleCamelRouteMockTest in 6.243 seconds (JVM running for 7.654)
29-10-2021 10:41:28.094 [main] INFO  o.a.c.t.s.CamelAnnotationsHandler.execute - Setting shutdown timeout to [10 SECONDS] on CamelContext with name [camelContext].
29-10-2021 10:41:28.140 [main] WARN  o.s.b.f.a.AutowiredAnnotationBeanPostProcessor.doWith - Autowired annotation should only be used on methods with parameters: protected org.apache.camel.CamelContext com.learncamel.route.SimpleCamelRouteMockTest.createCamelContext()
29-10-2021 10:41:28.186 [main] INFO  o.a.c.t.s.CamelSpringBootExecutionListener.beforeTestMethod - @RunWith(CamelSpringBootJUnit4ClassRunner.class) before: class com.learncamel.route.SimpleCamelRouteMockTest.testMoveFileMock
29-10-2021 10:41:28.187 [main] INFO  o.a.c.t.s.CamelSpringBootExecutionListener.beforeTestMethod - Initialized CamelSpringBootJUnit4ClassRunner now ready to start CamelContext
29-10-2021 10:41:28.190 [main] INFO  o.a.c.t.s.CamelAnnotationsHandler.execute - Starting CamelContext with name [camelContext].
29-10-2021 10:41:28.192 [main] INFO  o.a.camel.spring.SpringCamelContext.start - Apache Camel 2.20.1 (CamelContext: camel-1) is starting
29-10-2021 10:41:28.195 [main] INFO  o.a.c.m.ManagedManagementStrategy.doStart - JMX is enabled
29-10-2021 10:41:28.631 [main] INFO  o.a.camel.spring.SpringCamelContext.doStartCamel - StreamCaching is not in use. If using streams then its recommended to enable stream caching. See more details at http://camel.apache.org/stream-caching.html
29-10-2021 10:41:28.815 [main] INFO  o.a.camel.spring.SpringCamelContext.doStartOrResumeRouteConsumers - Route: route1 started and consuming from: direct://input
29-10-2021 10:41:28.816 [main] INFO  o.a.camel.spring.SpringCamelContext.start - Total 1 routes, of which 1 are started
29-10-2021 10:41:28.818 [main] INFO  o.a.camel.spring.SpringCamelContext.start - Apache Camel 2.20.1 (CamelContext: camel-1) started in 0.625 seconds
29-10-2021 10:41:28.919 [main] INFO  c.l.route.SimpleCamelRouteMockTest.setUp - ********************************************************************************
29-10-2021 10:41:28.920 [main] INFO  c.l.route.SimpleCamelRouteMockTest.setUp - Testing: testMoveFileMock(com.learncamel.route.SimpleCamelRouteMockTest)
29-10-2021 10:41:28.920 [main] INFO  c.l.route.SimpleCamelRouteMockTest.setUp - ********************************************************************************
29-10-2021 10:41:28.948 [main] INFO  route1.log - Timer Invoked and the bodyDEV Environment
29-10-2021 10:41:28.976 [main] INFO  route1.log - mock env flow and the body is type,sku#,itemdescription,price
ADD,100,Samsung TV,500
ADD,101,LG TV,500
29-10-2021 10:41:29.052 [main] INFO  route1.log - The unmarshaled object is [Item{transactionType='ADD', sku='100', itemDescription='Samsung TV', price=500.00}, Item{transactionType='ADD', sku='101', itemDescription='LG TV', price=500.00}]
29-10-2021 10:41:29.053 [main] INFO  o.a.c.component.mock.MockEndpoint.assertIsSatisfied - Asserting: mock://output is satisfied
29-10-2021 10:41:29.054 [main] INFO  c.l.route.SimpleCamelRouteMockTest.tearDown - ********************************************************************************
29-10-2021 10:41:29.054 [main] INFO  c.l.route.SimpleCamelRouteMockTest.tearDown - Testing done: testMoveFileMock(com.learncamel.route.SimpleCamelRouteMockTest)
29-10-2021 10:41:29.055 [main] INFO  c.l.route.SimpleCamelRouteMockTest.tearDown - Took: 0.127 seconds (127 millis)
29-10-2021 10:41:29.056 [main] INFO  c.l.route.SimpleCamelRouteMockTest.tearDown - ********************************************************************************
29-10-2021 10:41:29.075 [main] INFO  o.a.camel.spring.SpringCamelContext.doStop - Apache Camel 2.20.1 (CamelContext: camel-1) is shutting down
29-10-2021 10:41:29.076 [main] INFO  o.a.c.impl.DefaultShutdownStrategy.doShutdown - Starting to graceful shutdown 1 routes (timeout 10 seconds)
29-10-2021 10:41:29.095 [Camel (camel-1) thread #1 - ShutdownTask] INFO  o.a.c.impl.DefaultShutdownStrategy.run - Route: route1 shutdown complete, was consuming from: direct://input
29-10-2021 10:41:29.096 [main] INFO  o.a.c.impl.DefaultShutdownStrategy.doShutdown - Graceful shutdown of 1 routes completed in 0 seconds
29-10-2021 10:41:29.135 [main] INFO  o.a.camel.spring.SpringCamelContext.doStop - Apache Camel 2.20.1 (CamelContext: camel-1) uptime 0.943 seconds
29-10-2021 10:41:29.136 [main] INFO  o.a.camel.spring.SpringCamelContext.doStop - Apache Camel 2.20.1 (CamelContext: camel-1) is shutdown in 0.061 seconds
29-10-2021 10:41:29.152 [main] INFO  o.s.w.c.s.GenericWebApplicationContext.doClose - Closing org.springframework.web.context.support.GenericWebApplicationContext@29a5f4e7: startup date [Fri Oct 29 10:41:22 IST 2021]; root of context hierarchy
29-10-2021 10:41:29.162 [main] INFO  o.s.c.s.DefaultLifecycleProcessor.stop - Stopping beans in phase 2147483647
29-10-2021 10:41:29.169 [main] INFO  c.l.route.SimpleCamelRouteMockTest.afterTestMethod - ********************************************************************************
29-10-2021 10:41:29.170 [main] INFO  c.l.route.SimpleCamelRouteMockTest.afterTestMethod - Testing done: testMoveFileMock(com.learncamel.route.SimpleCamelRouteMockTest)
29-10-2021 10:41:29.171 [main] INFO  c.l.route.SimpleCamelRouteMockTest.afterTestMethod - Took: 0.350 seconds (350 millis)
29-10-2021 10:41:29.171 [main] INFO  c.l.route.SimpleCamelRouteMockTest.afterTestMethod - ********************************************************************************
29-10-2021 10:41:29.174 [main] INFO  o.s.b.t.c.SpringBootTestContextBootstrapper.buildDefaultMergedContextConfiguration - Neither @ContextConfiguration nor @ContextHierarchy found for test class [com.learncamel.route.SimpleCamelRouteTest], using SpringBootContextLoader
29-10-2021 10:41:29.176 [main] INFO  o.s.t.c.s.AbstractContextLoader.generateDefaultLocations - Could not detect default resource locations for test class [com.learncamel.route.SimpleCamelRouteTest]: no resource found for suffixes {-context.xml, Context.groovy}.
29-10-2021 10:41:29.177 [main] INFO  o.s.t.c.s.AnnotationConfigContextLoaderUtils.detectDefaultConfigurationClasses - Could not detect default configuration classes for test class [com.learncamel.route.SimpleCamelRouteTest]: SimpleCamelRouteTest does not declare any static, non-private, non-final, nested classes annotated with @Configuration.
29-10-2021 10:41:29.182 [main] INFO  o.s.b.t.c.SpringBootTestContextBootstrapper.getOrFindConfigurationClasses - Found @SpringBootConfiguration com.learncamel.LearncamelSpringBootApplication for test class com.learncamel.route.SimpleCamelRouteTest
29-10-2021 10:41:29.213 [main] INFO  o.s.b.t.c.SpringBootTestContextBootstrapper.getDefaultTestExecutionListenerClassNames - Loaded default TestExecutionListener class names from location [META-INF/spring.factories]: [org.springframework.boot.test.mock.mockito.MockitoTestExecutionListener, org.springframework.boot.test.mock.mockito.ResetMocksTestExecutionListener, org.springframework.boot.test.autoconfigure.restdocs.RestDocsTestExecutionListener, org.springframework.boot.test.autoconfigure.web.client.MockRestServiceServerResetTestExecutionListener, org.springframework.boot.test.autoconfigure.web.servlet.MockMvcPrintOnlyOnFailureTestExecutionListener, org.springframework.boot.test.autoconfigure.web.servlet.WebDriverTestExecutionListener, org.springframework.test.context.web.ServletTestExecutionListener, org.springframework.test.context.support.DirtiesContextBeforeModesTestExecutionListener, org.springframework.test.context.support.DependencyInjectionTestExecutionListener, org.springframework.test.context.support.DirtiesContextTestExecutionListener, org.springframework.test.context.transaction.TransactionalTestExecutionListener, org.springframework.test.context.jdbc.SqlScriptsTestExecutionListener]
29-10-2021 10:41:29.218 [main] INFO  o.s.b.t.c.SpringBootTestContextBootstrapper.getTestExecutionListeners - Using TestExecutionListeners: [org.springframework.test.context.web.ServletTestExecutionListener@4e5364a3, org.springframework.test.context.support.DirtiesContextBeforeModesTestExecutionListener@1a336906, org.springframework.boot.test.autoconfigure.SpringBootDependencyInjectionTestExecutionListener@62054faf, org.springframework.test.context.support.DirtiesContextTestExecutionListener@75d539b9, org.springframework.test.context.transaction.TransactionalTestExecutionListener@20f63ddc, org.springframework.test.context.jdbc.SqlScriptsTestExecutionListener@210c1b9d, org.springframework.boot.test.autoconfigure.web.servlet.WebDriverTestExecutionListener@69bc4024, org.springframework.boot.test.mock.mockito.MockitoTestExecutionListener@3578a45b, org.springframework.boot.test.autoconfigure.web.client.MockRestServiceServerResetTestExecutionListener@24f177f5, org.springframework.boot.test.autoconfigure.restdocs.RestDocsTestExecutionListener@65e05005, org.springframework.boot.test.autoconfigure.web.servlet.MockMvcPrintOnlyOnFailureTestExecutionListener@6ed691fd, org.springframework.boot.test.mock.mockito.ResetMocksTestExecutionListener@1efcba00]
29-10-2021 10:41:29.281 [main] INFO  o.a.c.t.s.CamelSpringBootExecutionListener.prepareTestInstance - @RunWith(CamelSpringBootJUnit4ClassRunner.class) preparing: class com.learncamel.route.SimpleCamelRouteTest
29-10-2021 10:41:29.390 [main] INFO  c.l.route.SimpleCamelRouteTest.logStarting - Starting SimpleCamelRouteTest on DESKTOP-AH2VL3Q with PID 7916 (started by lenovo in H:\camel-bindly-parse-csv-file\learncamel-spring-boot-bindy)
29-10-2021 10:41:29.392 [main] INFO  c.l.route.SimpleCamelRouteTest.logStartupProfileInfo - The following profiles are active: dev
29-10-2021 10:41:29.396 [main] INFO  o.s.w.c.s.GenericWebApplicationContext.prepareRefresh - Refreshing org.springframework.web.context.support.GenericWebApplicationContext@b2da3a5: startup date [Fri Oct 29 10:41:29 IST 2021]; root of context hierarchy
29-10-2021 10:41:30.108 [main] INFO  o.s.c.s.PostProcessorRegistrationDelegate$BeanPostProcessorChecker.postProcessAfterInitialization - Bean 'org.apache.camel.spring.boot.CamelAutoConfiguration' of type [org.apache.camel.spring.boot.CamelAutoConfiguration$$EnhancerBySpringCGLIB$$ba3de117] is not eligible for getting processed by all BeanPostProcessors (for example: not eligible for auto-proxying)
29-10-2021 10:41:30.413 [main] INFO  o.s.w.s.m.m.a.RequestMappingHandlerAdapter.initControllerAdviceCache - Looking for @ControllerAdvice: org.springframework.web.context.support.GenericWebApplicationContext@b2da3a5: startup date [Fri Oct 29 10:41:29 IST 2021]; root of context hierarchy
29-10-2021 10:41:30.434 [main] INFO  o.s.w.s.m.m.a.RequestMappingHandlerMapping.register - Mapped "{[/error]}" onto public org.springframework.http.ResponseEntity<java.util.Map<java.lang.String, java.lang.Object>> org.springframework.boot.autoconfigure.web.BasicErrorController.error(javax.servlet.http.HttpServletRequest)
29-10-2021 10:41:30.435 [main] INFO  o.s.w.s.m.m.a.RequestMappingHandlerMapping.register - Mapped "{[/error],produces=[text/html]}" onto public org.springframework.web.servlet.ModelAndView org.springframework.boot.autoconfigure.web.BasicErrorController.errorHtml(javax.servlet.http.HttpServletRequest,javax.servlet.http.HttpServletResponse)
29-10-2021 10:41:30.455 [main] INFO  o.s.w.s.h.SimpleUrlHandlerMapping.registerHandler - Mapped URL path [/webjars/**] onto handler of type [class org.springframework.web.servlet.resource.ResourceHttpRequestHandler]
29-10-2021 10:41:30.456 [main] INFO  o.s.w.s.h.SimpleUrlHandlerMapping.registerHandler - Mapped URL path [/**] onto handler of type [class org.springframework.web.servlet.resource.ResourceHttpRequestHandler]
29-10-2021 10:41:30.494 [main] INFO  o.s.w.s.h.SimpleUrlHandlerMapping.registerHandler - Mapped URL path [/**/favicon.ico] onto handler of type [class org.springframework.web.servlet.resource.ResourceHttpRequestHandler]
29-10-2021 10:41:30.635 [main] WARN  o.a.c.i.DefaultCamelBeanPostProcessor.postProcessBeforeInitialization - No CamelContext defined yet so cannot inject into bean: routesHealthCheckRepository
29-10-2021 10:41:30.661 [main] INFO  o.a.c.i.c.DefaultTypeConverter.doStart - Type converters loaded (core: 192, classpath: 1)
29-10-2021 10:41:31.413 [main] INFO  c.learncamel.route.SimpleCamelRoute.configure - Starting the Camel Route
29-10-2021 10:41:31.415 [main] INFO  c.learncamel.route.SimpleCamelRoute.configure - Ending the Camel Route
29-10-2021 10:41:31.415 [main] INFO  o.a.c.spring.boot.RoutesCollector.loadXmlRoutes - Loading additional Camel XML routes from: classpath:camel/*.xml
29-10-2021 10:41:31.416 [main] INFO  o.a.c.spring.boot.RoutesCollector.loadXmlRests - Loading additional Camel XML rests from: classpath:camel-rest/*.xml
29-10-2021 10:41:31.422 [main] INFO  c.l.route.SimpleCamelRouteTest.logStarted - Started SimpleCamelRouteTest in 2.127 seconds (JVM running for 11.028)
29-10-2021 10:41:31.425 [main] INFO  o.a.c.t.s.CamelAnnotationsHandler.execute - Setting shutdown timeout to [10 SECONDS] on CamelContext with name [camelContext].
29-10-2021 10:41:31.438 [main] INFO  o.a.c.t.s.CamelSpringBootExecutionListener.beforeTestMethod - @RunWith(CamelSpringBootJUnit4ClassRunner.class) before: class com.learncamel.route.SimpleCamelRouteTest.testMoveFile
29-10-2021 10:41:31.438 [main] INFO  o.a.c.t.s.CamelSpringBootExecutionListener.beforeTestMethod - Initialized CamelSpringBootJUnit4ClassRunner now ready to start CamelContext
29-10-2021 10:41:31.438 [main] INFO  o.a.c.t.s.CamelAnnotationsHandler.execute - Starting CamelContext with name [camelContext].
29-10-2021 10:41:31.439 [main] INFO  o.a.camel.spring.SpringCamelContext.start - Apache Camel 2.20.1 (CamelContext: camel-2) is starting
29-10-2021 10:41:31.440 [main] INFO  o.a.c.m.ManagedManagementStrategy.doStart - JMX is enabled
29-10-2021 10:41:31.585 [main] INFO  o.a.camel.spring.SpringCamelContext.doStartCamel - StreamCaching is not in use. If using streams then its recommended to enable stream caching. See more details at http://camel.apache.org/stream-caching.html
29-10-2021 10:41:31.633 [main] INFO  o.a.camel.spring.SpringCamelContext.doStartOrResumeRouteConsumers - Route: route2 started and consuming from: timer://hello?period=10s
29-10-2021 10:41:31.650 [main] INFO  o.a.camel.spring.SpringCamelContext.start - Total 1 routes, of which 1 are started
29-10-2021 10:41:31.651 [main] INFO  o.a.camel.spring.SpringCamelContext.start - Apache Camel 2.20.1 (CamelContext: camel-2) started in 0.211 seconds
29-10-2021 10:41:32.657 [Camel (camel-2) thread #2 - timer://hello] INFO  route2.log - Timer Invoked and the bodyDEV Environment
29-10-2021 10:41:33.765 [Camel (camel-2) thread #2 - timer://hello] INFO  route2.log - The unmarshaled object is [Item{transactionType='ADD', sku='100', itemDescription='Samsung TV', price=500.00}, Item{transactionType='ADD', sku='101', itemDescription='LG TV', price=500.00}]
29-10-2021 10:41:34.716 [main] INFO  o.s.w.c.s.GenericWebApplicationContext.doClose - Closing org.springframework.web.context.support.GenericWebApplicationContext@b2da3a5: startup date [Fri Oct 29 10:41:29 IST 2021]; root of context hierarchy
29-10-2021 10:41:34.736 [main] INFO  o.s.c.s.DefaultLifecycleProcessor.stop - Stopping beans in phase 2147483647
29-10-2021 10:41:34.746 [main] INFO  o.a.camel.spring.SpringCamelContext.doStop - Apache Camel 2.20.1 (CamelContext: camel-2) is shutting down
29-10-2021 10:41:34.747 [main] INFO  o.a.c.impl.DefaultShutdownStrategy.doShutdown - Starting to graceful shutdown 1 routes (timeout 10 seconds)
29-10-2021 10:41:34.752 [Camel (camel-2) thread #4 - ShutdownTask] INFO  o.a.c.impl.DefaultShutdownStrategy.run - Route: route2 shutdown complete, was consuming from: timer://hello?period=10s
29-10-2021 10:41:34.756 [main] INFO  o.a.c.impl.DefaultShutdownStrategy.doShutdown - Graceful shutdown of 1 routes completed in 0 seconds
29-10-2021 10:41:34.770 [main] INFO  o.a.camel.spring.SpringCamelContext.doStop - Apache Camel 2.20.1 (CamelContext: camel-2) uptime 3.331 seconds
29-10-2021 10:41:34.773 [main] INFO  o.a.camel.spring.SpringCamelContext.doStop - Apache Camel 2.20.1 (CamelContext: camel-2) is shutdown in 0.026 seconds
29-10-2021 10:41:34.777 [main] INFO  c.l.route.SimpleCamelRouteTest.afterTestMethod - ********************************************************************************
29-10-2021 10:41:34.777 [main] INFO  c.l.route.SimpleCamelRouteTest.afterTestMethod - Testing done: testMoveFile(com.learncamel.route.SimpleCamelRouteTest)
29-10-2021 10:41:34.777 [main] INFO  c.l.route.SimpleCamelRouteTest.afterTestMethod - Took: 3.126 seconds (3126 millis)
29-10-2021 10:41:34.778 [main] INFO  c.l.route.SimpleCamelRouteTest.afterTestMethod - ********************************************************************************
