30-01-2018 05:35:57.953 [main] INFO  c.l.LearncamelSpringBootApplication.logStarting - Starting LearncamelSpringBootApplication v0.0.1-SNAPSHOT on 6c4008c0f7fa with PID 75593 (/Dilip/Study/ApacheCamel/TeachApacheCamel-Spring-Boot/session-codebase/learncamel-spring-boot/target/learncamel-spring-boot-0.0.1-SNAPSHOT.jar started by z001qgd in /Dilip/Study/ApacheCamel/TeachApacheCamel-Spring-Boot/session-codebase/learncamel-spring-boot)
30-01-2018 05:35:57.957 [main] INFO  c.l.LearncamelSpringBootApplication.logStartupProfileInfo - The following profiles are active: dev
30-01-2018 05:35:58.039 [main] INFO  o.s.b.c.e.AnnotationConfigEmbeddedWebApplicationContext.prepareRefresh - Refreshing org.springframework.boot.context.embedded.AnnotationConfigEmbeddedWebApplicationContext@3b22cdd0: startup date [Tue Jan 30 05:35:58 CST 2018]; root of context hierarchy
30-01-2018 05:35:58.373 [background-preinit] INFO  o.h.validator.internal.util.Version.<clinit> - HV000001: Hibernate Validator 5.3.6.Final
30-01-2018 05:36:00.298 [main] INFO  o.s.c.s.PostProcessorRegistrationDelegate$BeanPostProcessorChecker.postProcessAfterInitialization - Bean 'org.apache.camel.spring.boot.CamelAutoConfiguration' of type [org.apache.camel.spring.boot.CamelAutoConfiguration$$EnhancerBySpringCGLIB$$7a1ab5e2] is not eligible for getting processed by all BeanPostProcessors (for example: not eligible for auto-proxying)
30-01-2018 05:36:01.242 [main] INFO  o.s.b.c.e.t.TomcatEmbeddedServletContainer.initialize - Tomcat initialized with port(s): 8080 (http)
30-01-2018 05:36:01.273 [main] INFO  o.a.catalina.core.StandardService.log - Starting service [Tomcat]
30-01-2018 05:36:01.275 [main] INFO  o.a.catalina.core.StandardEngine.log - Starting Servlet Engine: Apache Tomcat/8.5.23
30-01-2018 05:36:01.404 [localhost-startStop-1] INFO  o.a.c.c.C.[Tomcat].[localhost].[/].log - Initializing Spring embedded WebApplicationContext
30-01-2018 05:36:01.404 [localhost-startStop-1] INFO  o.s.web.context.ContextLoader.prepareEmbeddedWebApplicationContext - Root WebApplicationContext: initialization completed in 3365 ms
30-01-2018 05:36:01.593 [localhost-startStop-1] INFO  o.s.b.w.s.ServletRegistrationBean.onStartup - Mapping servlet: 'dispatcherServlet' to [/]
30-01-2018 05:36:01.600 [localhost-startStop-1] INFO  o.s.b.w.s.FilterRegistrationBean.configure - Mapping filter: 'characterEncodingFilter' to: [/*]
30-01-2018 05:36:01.601 [localhost-startStop-1] INFO  o.s.b.w.s.FilterRegistrationBean.configure - Mapping filter: 'hiddenHttpMethodFilter' to: [/*]
30-01-2018 05:36:01.601 [localhost-startStop-1] INFO  o.s.b.w.s.FilterRegistrationBean.configure - Mapping filter: 'httpPutFormContentFilter' to: [/*]
30-01-2018 05:36:01.601 [localhost-startStop-1] INFO  o.s.b.w.s.FilterRegistrationBean.configure - Mapping filter: 'requestContextFilter' to: [/*]
30-01-2018 05:36:02.218 [main] INFO  o.s.w.s.m.m.a.RequestMappingHandlerAdapter.initControllerAdviceCache - Looking for @ControllerAdvice: org.springframework.boot.context.embedded.AnnotationConfigEmbeddedWebApplicationContext@3b22cdd0: startup date [Tue Jan 30 05:35:58 CST 2018]; root of context hierarchy
30-01-2018 05:36:02.442 [main] INFO  o.s.w.s.m.m.a.RequestMappingHandlerMapping.register - Mapped "{[/error]}" onto public org.springframework.http.ResponseEntity<java.util.Map<java.lang.String, java.lang.Object>> org.springframework.boot.autoconfigure.web.BasicErrorController.error(javax.servlet.http.HttpServletRequest)
30-01-2018 05:36:02.443 [main] INFO  o.s.w.s.m.m.a.RequestMappingHandlerMapping.register - Mapped "{[/error],produces=[text/html]}" onto public org.springframework.web.servlet.ModelAndView org.springframework.boot.autoconfigure.web.BasicErrorController.errorHtml(javax.servlet.http.HttpServletRequest,javax.servlet.http.HttpServletResponse)
30-01-2018 05:36:02.519 [main] INFO  o.s.w.s.h.SimpleUrlHandlerMapping.registerHandler - Mapped URL path [/webjars/**] onto handler of type [class org.springframework.web.servlet.resource.ResourceHttpRequestHandler]
30-01-2018 05:36:02.520 [main] INFO  o.s.w.s.h.SimpleUrlHandlerMapping.registerHandler - Mapped URL path [/**] onto handler of type [class org.springframework.web.servlet.resource.ResourceHttpRequestHandler]
30-01-2018 05:36:02.640 [main] INFO  o.s.w.s.h.SimpleUrlHandlerMapping.registerHandler - Mapped URL path [/**/favicon.ico] onto handler of type [class org.springframework.web.servlet.resource.ResourceHttpRequestHandler]
30-01-2018 05:36:03.180 [main] WARN  o.a.c.i.DefaultCamelBeanPostProcessor.postProcessBeforeInitialization - No CamelContext defined yet so cannot inject into bean: routesHealthCheckRepository
30-01-2018 05:36:03.534 [main] INFO  o.a.c.i.c.DefaultTypeConverter.doStart - Type converters loaded (core: 192, classpath: 1)
30-01-2018 05:36:04.429 [main] INFO  o.s.j.e.a.AnnotationMBeanExporter.afterSingletonsInstantiated - Registering beans for JMX exposure on startup
30-01-2018 05:36:04.548 [main] INFO  o.a.c.spring.boot.RoutesCollector.loadXmlRoutes - Loading additional Camel XML routes from: classpath:camel/*.xml
30-01-2018 05:36:04.549 [main] INFO  o.a.c.spring.boot.RoutesCollector.loadXmlRests - Loading additional Camel XML rests from: classpath:camel-rest/*.xml
30-01-2018 05:36:04.563 [main] INFO  o.a.camel.spring.SpringCamelContext.start - Apache Camel 2.20.1 (CamelContext: camel-1) is starting
30-01-2018 05:36:04.575 [main] INFO  o.a.c.m.ManagedManagementStrategy.doStart - JMX is enabled
30-01-2018 05:36:05.040 [main] INFO  o.a.camel.spring.SpringCamelContext.doStartCamel - StreamCaching is not in use. If using streams then its recommended to enable stream caching. See more details at http://camel.apache.org/stream-caching.html
30-01-2018 05:36:05.150 [main] INFO  o.a.camel.spring.SpringCamelContext.doStartOrResumeRouteConsumers - Route: route1 started and consuming from: timer://hello?period=10s
30-01-2018 05:36:05.152 [main] INFO  o.a.camel.spring.SpringCamelContext.start - Total 1 routes, of which 1 are started
30-01-2018 05:36:05.154 [main] INFO  o.a.camel.spring.SpringCamelContext.start - Apache Camel 2.20.1 (CamelContext: camel-1) started in 0.591 seconds
30-01-2018 05:36:05.163 [main] INFO  o.a.coyote.http11.Http11NioProtocol.log - Initializing ProtocolHandler ["http-nio-8080"]
30-01-2018 05:36:05.204 [main] INFO  o.a.coyote.http11.Http11NioProtocol.log - Starting ProtocolHandler ["http-nio-8080"]
30-01-2018 05:36:05.247 [main] INFO  o.a.tomcat.util.net.NioSelectorPool.log - Using a shared selector for servlet write/read
30-01-2018 05:36:05.288 [main] INFO  o.s.b.c.e.t.TomcatEmbeddedServletContainer.start - Tomcat started on port(s): 8080 (http)
30-01-2018 05:36:05.297 [main] INFO  c.l.LearncamelSpringBootApplication.logStarted - Started LearncamelSpringBootApplication in 8.03 seconds (JVM running for 8.8)
30-01-2018 05:36:06.170 [Camel (camel-1) thread #1 - timer://hello] INFO  route1.log - Timer Invoked and the bodyDEV Environment
30-01-2018 05:37:26.287 [Camel (camel-1) thread #1 - timer://hello] INFO  route1.log - Timer Invoked and the bodyDEV Environment
30-01-2018 05:37:36.289 [Camel (camel-1) thread #1 - timer://hello] INFO  route1.log - Timer Invoked and the bodyDEV Environment
30-01-2018 05:39:12.775 [Thread-4] INFO  o.s.b.c.e.AnnotationConfigEmbeddedWebApplicationContext.doClose - Closing org.springframework.boot.context.embedded.AnnotationConfigEmbeddedWebApplicationContext@3b22cdd0: startup date [Tue Jan 30 05:35:58 CST 2018]; root of context hierarchy
30-01-2018 05:39:12.778 [Thread-4] INFO  o.s.c.s.DefaultLifecycleProcessor.stop - Stopping beans in phase 2147483647
30-01-2018 05:39:12.779 [Thread-4] INFO  o.a.camel.spring.SpringCamelContext.doStop - Apache Camel 2.20.1 (CamelContext: camel-1) is shutting down
30-01-2018 05:39:12.779 [Thread-4] INFO  o.a.c.impl.DefaultShutdownStrategy.doShutdown - Starting to graceful shutdown 1 routes (timeout 2 seconds)
30-01-2018 05:39:12.783 [Camel (camel-1) thread #3 - ShutdownTask] INFO  o.a.c.impl.DefaultShutdownStrategy.run - Waiting as there are still 1 inflight and pending exchanges to complete, timeout in 2 seconds. Inflights per route: [route1 = 1]
30-01-2018 05:39:12.792 [Camel (camel-1) thread #3 - ShutdownTask] INFO  o.a.c.impl.DefaultShutdownStrategy.logInflightExchanges - There are 1 inflight exchanges:
	InflightExchange: [exchangeId=ID-6c4008c0f7fa-1517312162957-0-5, fromRouteId=route1, routeId=route1, nodeId=pollEnrich1, elapsed=0, duration=96503]
30-01-2018 05:39:13.797 [Camel (camel-1) thread #3 - ShutdownTask] INFO  o.a.c.impl.DefaultShutdownStrategy.run - Waiting as there are still 1 inflight and pending exchanges to complete, timeout in 1 seconds. Inflights per route: [route1 = 1]
30-01-2018 05:39:13.798 [Camel (camel-1) thread #3 - ShutdownTask] INFO  o.a.c.impl.DefaultShutdownStrategy.logInflightExchanges - There are 1 inflight exchanges:
	InflightExchange: [exchangeId=ID-6c4008c0f7fa-1517312162957-0-5, fromRouteId=route1, routeId=route1, nodeId=pollEnrich1, elapsed=0, duration=97509]
30-01-2018 05:39:14.784 [Thread-4] WARN  o.a.c.impl.DefaultShutdownStrategy.doShutdown - Timeout occurred during graceful shutdown. Forcing the routes to be shutdown now. Notice: some resources may still be running as graceful shutdown did not complete successfully.
30-01-2018 05:39:14.784 [Camel (camel-1) thread #3 - ShutdownTask] WARN  o.a.c.impl.DefaultShutdownStrategy.run - Interrupted while waiting during graceful shutdown, will force shutdown now.
30-01-2018 05:39:14.785 [Thread-4] INFO  o.a.c.impl.DefaultShutdownStrategy.logInflightExchanges - There are 1 inflight exchanges:
	InflightExchange: [exchangeId=ID-6c4008c0f7fa-1517312162957-0-5, fromRouteId=route1, routeId=route1, nodeId=pollEnrich1, elapsed=0, duration=98496]
30-01-2018 05:39:14.785 [Thread-4] INFO  o.a.c.impl.DefaultShutdownStrategy.doShutdown - Graceful shutdown of 1 routes completed in 2 seconds
30-01-2018 05:39:14.788 [Camel (camel-1) thread #3 - ShutdownTask] INFO  o.a.c.impl.DefaultShutdownStrategy.run - Route: route1 shutdown complete, was consuming from: timer://hello?period=10s
30-01-2018 05:39:14.790 [Thread-4] WARN  o.a.c.impl.DefaultInflightRepository.doStop - Shutting down while there are still 1 inflight exchanges.
30-01-2018 05:39:14.795 [Thread-4] INFO  o.a.camel.spring.SpringCamelContext.doStop - Apache Camel 2.20.1 (CamelContext: camel-1) uptime 3 minutes
30-01-2018 05:39:14.795 [Thread-4] INFO  o.a.camel.spring.SpringCamelContext.doStop - Apache Camel 2.20.1 (CamelContext: camel-1) is shutdown in 2.016 seconds
30-01-2018 05:39:14.796 [Thread-4] INFO  o.s.j.e.a.AnnotationMBeanExporter.destroy - Unregistering JMX-exposed beans on shutdown
30-01-2018 05:55:21.960 [main] INFO  c.l.LearncamelSpringBootApplication.logStarting - Starting LearncamelSpringBootApplication v0.0.1-SNAPSHOT on 6c4008c0f7fa with PID 76403 (/Dilip/Study/ApacheCamel/TeachApacheCamel-Spring-Boot/session-codebase/learncamel-spring-boot/target/learncamel-spring-boot-0.0.1-SNAPSHOT.jar started by z001qgd in /Dilip/Study/ApacheCamel/TeachApacheCamel-Spring-Boot/session-codebase/learncamel-spring-boot)
30-01-2018 05:55:21.964 [main] INFO  c.l.LearncamelSpringBootApplication.logStartupProfileInfo - The following profiles are active: dev
30-01-2018 05:55:22.044 [main] INFO  o.s.b.c.e.AnnotationConfigEmbeddedWebApplicationContext.prepareRefresh - Refreshing org.springframework.boot.context.embedded.AnnotationConfigEmbeddedWebApplicationContext@3b22cdd0: startup date [Tue Jan 30 05:55:22 CST 2018]; root of context hierarchy
30-01-2018 05:55:22.518 [background-preinit] INFO  o.h.validator.internal.util.Version.<clinit> - HV000001: Hibernate Validator 5.3.6.Final
30-01-2018 05:55:24.323 [main] INFO  o.s.c.s.PostProcessorRegistrationDelegate$BeanPostProcessorChecker.postProcessAfterInitialization - Bean 'org.apache.camel.spring.boot.CamelAutoConfiguration' of type [org.apache.camel.spring.boot.CamelAutoConfiguration$$EnhancerBySpringCGLIB$$10db1fb5] is not eligible for getting processed by all BeanPostProcessors (for example: not eligible for auto-proxying)
30-01-2018 05:55:25.378 [main] INFO  o.s.b.c.e.t.TomcatEmbeddedServletContainer.initialize - Tomcat initialized with port(s): 8080 (http)
30-01-2018 05:55:25.418 [main] INFO  o.a.catalina.core.StandardService.log - Starting service [Tomcat]
30-01-2018 05:55:25.421 [main] INFO  o.a.catalina.core.StandardEngine.log - Starting Servlet Engine: Apache Tomcat/8.5.23
30-01-2018 05:55:25.550 [localhost-startStop-1] INFO  o.a.c.c.C.[Tomcat].[localhost].[/].log - Initializing Spring embedded WebApplicationContext
30-01-2018 05:55:25.550 [localhost-startStop-1] INFO  o.s.web.context.ContextLoader.prepareEmbeddedWebApplicationContext - Root WebApplicationContext: initialization completed in 3506 ms
30-01-2018 05:55:25.746 [localhost-startStop-1] INFO  o.s.b.w.s.ServletRegistrationBean.onStartup - Mapping servlet: 'dispatcherServlet' to [/]
30-01-2018 05:55:25.751 [localhost-startStop-1] INFO  o.s.b.w.s.FilterRegistrationBean.configure - Mapping filter: 'characterEncodingFilter' to: [/*]
30-01-2018 05:55:25.752 [localhost-startStop-1] INFO  o.s.b.w.s.FilterRegistrationBean.configure - Mapping filter: 'hiddenHttpMethodFilter' to: [/*]
30-01-2018 05:55:25.753 [localhost-startStop-1] INFO  o.s.b.w.s.FilterRegistrationBean.configure - Mapping filter: 'httpPutFormContentFilter' to: [/*]
30-01-2018 05:55:25.753 [localhost-startStop-1] INFO  o.s.b.w.s.FilterRegistrationBean.configure - Mapping filter: 'requestContextFilter' to: [/*]
30-01-2018 05:55:26.359 [main] INFO  o.s.w.s.m.m.a.RequestMappingHandlerAdapter.initControllerAdviceCache - Looking for @ControllerAdvice: org.springframework.boot.context.embedded.AnnotationConfigEmbeddedWebApplicationContext@3b22cdd0: startup date [Tue Jan 30 05:55:22 CST 2018]; root of context hierarchy
30-01-2018 05:55:26.554 [main] INFO  o.s.w.s.m.m.a.RequestMappingHandlerMapping.register - Mapped "{[/error]}" onto public org.springframework.http.ResponseEntity<java.util.Map<java.lang.String, java.lang.Object>> org.springframework.boot.autoconfigure.web.BasicErrorController.error(javax.servlet.http.HttpServletRequest)
30-01-2018 05:55:26.567 [main] INFO  o.s.w.s.m.m.a.RequestMappingHandlerMapping.register - Mapped "{[/error],produces=[text/html]}" onto public org.springframework.web.servlet.ModelAndView org.springframework.boot.autoconfigure.web.BasicErrorController.errorHtml(javax.servlet.http.HttpServletRequest,javax.servlet.http.HttpServletResponse)
30-01-2018 05:55:26.628 [main] INFO  o.s.w.s.h.SimpleUrlHandlerMapping.registerHandler - Mapped URL path [/webjars/**] onto handler of type [class org.springframework.web.servlet.resource.ResourceHttpRequestHandler]
30-01-2018 05:55:26.629 [main] INFO  o.s.w.s.h.SimpleUrlHandlerMapping.registerHandler - Mapped URL path [/**] onto handler of type [class org.springframework.web.servlet.resource.ResourceHttpRequestHandler]
30-01-2018 05:55:26.716 [main] INFO  o.s.w.s.h.SimpleUrlHandlerMapping.registerHandler - Mapped URL path [/**/favicon.ico] onto handler of type [class org.springframework.web.servlet.resource.ResourceHttpRequestHandler]
30-01-2018 05:55:27.329 [main] WARN  o.a.c.i.DefaultCamelBeanPostProcessor.postProcessBeforeInitialization - No CamelContext defined yet so cannot inject into bean: routesHealthCheckRepository
30-01-2018 05:55:27.789 [main] INFO  o.a.c.i.c.DefaultTypeConverter.doStart - Type converters loaded (core: 192, classpath: 1)
30-01-2018 05:55:28.962 [main] INFO  o.s.j.e.a.AnnotationMBeanExporter.afterSingletonsInstantiated - Registering beans for JMX exposure on startup
30-01-2018 05:55:28.984 [main] INFO  c.learncamel.route.SimpleCamelRoute.configure - Before Starting the Route
30-01-2018 05:55:29.112 [main] INFO  c.learncamel.route.SimpleCamelRoute.configure - After Starting the Route
30-01-2018 05:55:29.119 [main] INFO  o.a.c.spring.boot.RoutesCollector.loadXmlRoutes - Loading additional Camel XML routes from: classpath:camel/*.xml
30-01-2018 05:55:29.120 [main] INFO  o.a.c.spring.boot.RoutesCollector.loadXmlRests - Loading additional Camel XML rests from: classpath:camel-rest/*.xml
30-01-2018 05:55:29.137 [main] INFO  o.a.camel.spring.SpringCamelContext.start - Apache Camel 2.20.1 (CamelContext: camel-1) is starting
30-01-2018 05:55:29.139 [main] INFO  o.a.c.m.ManagedManagementStrategy.doStart - JMX is enabled
30-01-2018 05:55:29.592 [main] INFO  o.a.camel.spring.SpringCamelContext.doStartCamel - StreamCaching is not in use. If using streams then its recommended to enable stream caching. See more details at http://camel.apache.org/stream-caching.html
30-01-2018 05:55:29.712 [main] INFO  o.a.camel.spring.SpringCamelContext.doStartOrResumeRouteConsumers - Route: route1 started and consuming from: timer://hello?period=10s
30-01-2018 05:55:29.715 [main] INFO  o.a.camel.spring.SpringCamelContext.start - Total 1 routes, of which 1 are started
30-01-2018 05:55:29.717 [main] INFO  o.a.camel.spring.SpringCamelContext.start - Apache Camel 2.20.1 (CamelContext: camel-1) started in 0.579 seconds
30-01-2018 05:55:29.746 [main] INFO  o.a.coyote.http11.Http11NioProtocol.log - Initializing ProtocolHandler ["http-nio-8080"]
30-01-2018 05:55:29.771 [main] INFO  o.a.coyote.http11.Http11NioProtocol.log - Starting ProtocolHandler ["http-nio-8080"]
30-01-2018 05:55:29.854 [main] INFO  o.a.tomcat.util.net.NioSelectorPool.log - Using a shared selector for servlet write/read
30-01-2018 05:55:29.922 [main] INFO  o.s.b.c.e.t.TomcatEmbeddedServletContainer.start - Tomcat started on port(s): 8080 (http)
30-01-2018 05:55:29.936 [main] INFO  c.l.LearncamelSpringBootApplication.logStarted - Started LearncamelSpringBootApplication in 8.722 seconds (JVM running for 9.744)
30-01-2018 05:55:30.732 [Camel (camel-1) thread #1 - timer://hello] INFO  route1.log - Timer Invoked and the bodyDEV Environment
30-01-2018 05:56:50.870 [Thread-4] INFO  o.s.b.c.e.AnnotationConfigEmbeddedWebApplicationContext.doClose - Closing org.springframework.boot.context.embedded.AnnotationConfigEmbeddedWebApplicationContext@3b22cdd0: startup date [Tue Jan 30 05:55:22 CST 2018]; root of context hierarchy
30-01-2018 05:56:50.873 [Thread-4] INFO  o.s.c.s.DefaultLifecycleProcessor.stop - Stopping beans in phase 2147483647
30-01-2018 05:56:50.873 [Thread-4] INFO  o.a.camel.spring.SpringCamelContext.doStop - Apache Camel 2.20.1 (CamelContext: camel-1) is shutting down
30-01-2018 05:56:50.874 [Thread-4] INFO  o.a.c.impl.DefaultShutdownStrategy.doShutdown - Starting to graceful shutdown 1 routes (timeout 2 seconds)
30-01-2018 05:56:50.876 [Camel (camel-1) thread #3 - ShutdownTask] INFO  o.a.c.impl.DefaultShutdownStrategy.run - Waiting as there are still 1 inflight and pending exchanges to complete, timeout in 2 seconds. Inflights per route: [route1 = 1]
30-01-2018 05:56:50.888 [Camel (camel-1) thread #3 - ShutdownTask] INFO  o.a.c.impl.DefaultShutdownStrategy.logInflightExchanges - There are 1 inflight exchanges:
	InflightExchange: [exchangeId=ID-6c4008c0f7fa-1517313327173-0-1, fromRouteId=route1, routeId=route1, nodeId=pollEnrich1, elapsed=0, duration=80163]
30-01-2018 05:56:51.891 [Camel (camel-1) thread #3 - ShutdownTask] INFO  o.a.c.impl.DefaultShutdownStrategy.run - Waiting as there are still 1 inflight and pending exchanges to complete, timeout in 1 seconds. Inflights per route: [route1 = 1]
30-01-2018 05:56:51.892 [Camel (camel-1) thread #3 - ShutdownTask] INFO  o.a.c.impl.DefaultShutdownStrategy.logInflightExchanges - There are 1 inflight exchanges:
	InflightExchange: [exchangeId=ID-6c4008c0f7fa-1517313327173-0-1, fromRouteId=route1, routeId=route1, nodeId=pollEnrich1, elapsed=0, duration=81167]
30-01-2018 05:56:52.877 [Thread-4] WARN  o.a.c.impl.DefaultShutdownStrategy.doShutdown - Timeout occurred during graceful shutdown. Forcing the routes to be shutdown now. Notice: some resources may still be running as graceful shutdown did not complete successfully.
30-01-2018 05:56:52.877 [Camel (camel-1) thread #3 - ShutdownTask] WARN  o.a.c.impl.DefaultShutdownStrategy.run - Interrupted while waiting during graceful shutdown, will force shutdown now.
30-01-2018 05:56:52.877 [Thread-4] INFO  o.a.c.impl.DefaultShutdownStrategy.logInflightExchanges - There are 1 inflight exchanges:
	InflightExchange: [exchangeId=ID-6c4008c0f7fa-1517313327173-0-1, fromRouteId=route1, routeId=route1, nodeId=pollEnrich1, elapsed=0, duration=82152]
30-01-2018 05:56:52.878 [Thread-4] INFO  o.a.c.impl.DefaultShutdownStrategy.doShutdown - Graceful shutdown of 1 routes completed in 2 seconds
30-01-2018 05:56:52.881 [Camel (camel-1) thread #3 - ShutdownTask] INFO  o.a.c.impl.DefaultShutdownStrategy.run - Route: route1 shutdown complete, was consuming from: timer://hello?period=10s
30-01-2018 05:56:52.883 [Thread-4] WARN  o.a.c.impl.DefaultInflightRepository.doStop - Shutting down while there are still 1 inflight exchanges.
30-01-2018 05:56:52.887 [Thread-4] INFO  o.a.camel.spring.SpringCamelContext.doStop - Apache Camel 2.20.1 (CamelContext: camel-1) uptime 1 minute
30-01-2018 05:56:52.888 [Thread-4] INFO  o.a.camel.spring.SpringCamelContext.doStop - Apache Camel 2.20.1 (CamelContext: camel-1) is shutdown in 2.015 seconds
30-01-2018 05:56:52.889 [Thread-4] INFO  o.s.j.e.a.AnnotationMBeanExporter.destroy - Unregistering JMX-exposed beans on shutdown
30-01-2018 06:52:54.783 [main] INFO  c.l.LearncamelSpringBootApplication.logStarting - Starting LearncamelSpringBootApplication v0.0.1-SNAPSHOT on 6c4008c0f7fa with PID 77202 (/Dilip/Study/ApacheCamel/TeachApacheCamel-Spring-Boot/session-codebase/learncamel-spring-boot/target/learncamel-spring-boot-0.0.1-SNAPSHOT.jar started by z001qgd in /Dilip/Study/ApacheCamel/TeachApacheCamel-Spring-Boot/session-codebase/learncamel-spring-boot)
30-01-2018 06:52:54.788 [main] INFO  c.l.LearncamelSpringBootApplication.logStartupProfileInfo - The following profiles are active: dev
30-01-2018 06:52:54.907 [main] INFO  o.s.b.c.e.AnnotationConfigEmbeddedWebApplicationContext.prepareRefresh - Refreshing org.springframework.boot.context.embedded.AnnotationConfigEmbeddedWebApplicationContext@3b22cdd0: startup date [Tue Jan 30 06:52:54 CST 2018]; root of context hierarchy
30-01-2018 06:52:55.371 [background-preinit] INFO  o.h.validator.internal.util.Version.<clinit> - HV000001: Hibernate Validator 5.3.6.Final
30-01-2018 06:52:56.973 [main] INFO  o.s.c.s.PostProcessorRegistrationDelegate$BeanPostProcessorChecker.postProcessAfterInitialization - Bean 'org.apache.camel.spring.boot.CamelAutoConfiguration' of type [org.apache.camel.spring.boot.CamelAutoConfiguration$$EnhancerBySpringCGLIB$$10db1fb5] is not eligible for getting processed by all BeanPostProcessors (for example: not eligible for auto-proxying)
30-01-2018 06:52:57.761 [main] INFO  o.s.b.c.e.t.TomcatEmbeddedServletContainer.initialize - Tomcat initialized with port(s): 8080 (http)
30-01-2018 06:52:57.784 [main] INFO  o.a.catalina.core.StandardService.log - Starting service [Tomcat]
30-01-2018 06:52:57.785 [main] INFO  o.a.catalina.core.StandardEngine.log - Starting Servlet Engine: Apache Tomcat/8.5.23
30-01-2018 06:52:57.923 [localhost-startStop-1] INFO  o.a.c.c.C.[Tomcat].[localhost].[/].log - Initializing Spring embedded WebApplicationContext
30-01-2018 06:52:57.923 [localhost-startStop-1] INFO  o.s.web.context.ContextLoader.prepareEmbeddedWebApplicationContext - Root WebApplicationContext: initialization completed in 3016 ms
30-01-2018 06:52:58.137 [localhost-startStop-1] INFO  o.s.b.w.s.ServletRegistrationBean.onStartup - Mapping servlet: 'dispatcherServlet' to [/]
30-01-2018 06:52:58.144 [localhost-startStop-1] INFO  o.s.b.w.s.FilterRegistrationBean.configure - Mapping filter: 'characterEncodingFilter' to: [/*]
30-01-2018 06:52:58.144 [localhost-startStop-1] INFO  o.s.b.w.s.FilterRegistrationBean.configure - Mapping filter: 'hiddenHttpMethodFilter' to: [/*]
30-01-2018 06:52:58.145 [localhost-startStop-1] INFO  o.s.b.w.s.FilterRegistrationBean.configure - Mapping filter: 'httpPutFormContentFilter' to: [/*]
30-01-2018 06:52:58.145 [localhost-startStop-1] INFO  o.s.b.w.s.FilterRegistrationBean.configure - Mapping filter: 'requestContextFilter' to: [/*]
30-01-2018 06:52:58.721 [main] INFO  o.s.w.s.m.m.a.RequestMappingHandlerAdapter.initControllerAdviceCache - Looking for @ControllerAdvice: org.springframework.boot.context.embedded.AnnotationConfigEmbeddedWebApplicationContext@3b22cdd0: startup date [Tue Jan 30 06:52:54 CST 2018]; root of context hierarchy
30-01-2018 06:52:58.868 [main] INFO  o.s.w.s.m.m.a.RequestMappingHandlerMapping.register - Mapped "{[/error]}" onto public org.springframework.http.ResponseEntity<java.util.Map<java.lang.String, java.lang.Object>> org.springframework.boot.autoconfigure.web.BasicErrorController.error(javax.servlet.http.HttpServletRequest)
30-01-2018 06:52:58.870 [main] INFO  o.s.w.s.m.m.a.RequestMappingHandlerMapping.register - Mapped "{[/error],produces=[text/html]}" onto public org.springframework.web.servlet.ModelAndView org.springframework.boot.autoconfigure.web.BasicErrorController.errorHtml(javax.servlet.http.HttpServletRequest,javax.servlet.http.HttpServletResponse)
30-01-2018 06:52:58.943 [main] INFO  o.s.w.s.h.SimpleUrlHandlerMapping.registerHandler - Mapped URL path [/webjars/**] onto handler of type [class org.springframework.web.servlet.resource.ResourceHttpRequestHandler]
30-01-2018 06:52:58.943 [main] INFO  o.s.w.s.h.SimpleUrlHandlerMapping.registerHandler - Mapped URL path [/**] onto handler of type [class org.springframework.web.servlet.resource.ResourceHttpRequestHandler]
30-01-2018 06:52:59.038 [main] INFO  o.s.w.s.h.SimpleUrlHandlerMapping.registerHandler - Mapped URL path [/**/favicon.ico] onto handler of type [class org.springframework.web.servlet.resource.ResourceHttpRequestHandler]
30-01-2018 06:52:59.607 [main] WARN  o.a.c.i.DefaultCamelBeanPostProcessor.postProcessBeforeInitialization - No CamelContext defined yet so cannot inject into bean: routesHealthCheckRepository
30-01-2018 06:53:00.003 [main] INFO  o.a.c.i.c.DefaultTypeConverter.doStart - Type converters loaded (core: 192, classpath: 1)
30-01-2018 06:53:01.195 [main] INFO  o.s.j.e.a.AnnotationMBeanExporter.afterSingletonsInstantiated - Registering beans for JMX exposure on startup
30-01-2018 06:53:01.213 [main] INFO  c.learncamel.route.SimpleCamelRoute.configure - Before Starting the route
30-01-2018 06:53:01.327 [main] INFO  c.learncamel.route.SimpleCamelRoute.configure - After Starting the route
30-01-2018 06:53:01.333 [main] INFO  o.a.c.spring.boot.RoutesCollector.loadXmlRoutes - Loading additional Camel XML routes from: classpath:camel/*.xml
30-01-2018 06:53:01.333 [main] INFO  o.a.c.spring.boot.RoutesCollector.loadXmlRests - Loading additional Camel XML rests from: classpath:camel-rest/*.xml
30-01-2018 06:53:01.358 [main] INFO  o.a.camel.spring.SpringCamelContext.start - Apache Camel 2.20.1 (CamelContext: camel-1) is starting
30-01-2018 06:53:01.361 [main] INFO  o.a.c.m.ManagedManagementStrategy.doStart - JMX is enabled
30-01-2018 06:53:01.850 [main] INFO  o.a.camel.spring.SpringCamelContext.doStartCamel - StreamCaching is not in use. If using streams then its recommended to enable stream caching. See more details at http://camel.apache.org/stream-caching.html
30-01-2018 06:53:02.003 [main] INFO  o.a.camel.spring.SpringCamelContext.doStartOrResumeRouteConsumers - Route: route1 started and consuming from: timer://hello?period=10s
30-01-2018 06:53:02.006 [main] INFO  o.a.camel.spring.SpringCamelContext.start - Total 1 routes, of which 1 are started
30-01-2018 06:53:02.007 [main] INFO  o.a.camel.spring.SpringCamelContext.start - Apache Camel 2.20.1 (CamelContext: camel-1) started in 0.649 seconds
30-01-2018 06:53:02.020 [main] INFO  o.a.coyote.http11.Http11NioProtocol.log - Initializing ProtocolHandler ["http-nio-8080"]
30-01-2018 06:53:02.056 [main] INFO  o.a.coyote.http11.Http11NioProtocol.log - Starting ProtocolHandler ["http-nio-8080"]
30-01-2018 06:53:02.108 [main] INFO  o.a.tomcat.util.net.NioSelectorPool.log - Using a shared selector for servlet write/read
30-01-2018 06:53:02.133 [main] INFO  o.s.b.c.e.t.TomcatEmbeddedServletContainer.start - Tomcat started on port(s): 8080 (http)
30-01-2018 06:53:02.141 [main] INFO  c.l.LearncamelSpringBootApplication.logStarted - Started LearncamelSpringBootApplication in 8.393 seconds (JVM running for 9.435)
30-01-2018 06:53:03.021 [Camel (camel-1) thread #1 - timer://hello] INFO  route1.log - Timer Invoked and the bodyDEV Environment
30-01-2018 07:30:47.839 [Thread-4] INFO  o.s.b.c.e.AnnotationConfigEmbeddedWebApplicationContext.doClose - Closing org.springframework.boot.context.embedded.AnnotationConfigEmbeddedWebApplicationContext@3b22cdd0: startup date [Tue Jan 30 06:52:54 CST 2018]; root of context hierarchy
30-01-2018 07:30:47.842 [Thread-4] INFO  o.s.c.s.DefaultLifecycleProcessor.stop - Stopping beans in phase 2147483647
30-01-2018 07:30:47.842 [Thread-4] INFO  o.a.camel.spring.SpringCamelContext.doStop - Apache Camel 2.20.1 (CamelContext: camel-1) is shutting down
30-01-2018 07:30:47.843 [Thread-4] INFO  o.a.c.impl.DefaultShutdownStrategy.doShutdown - Starting to graceful shutdown 1 routes (timeout 2 seconds)
30-01-2018 07:30:47.847 [Camel (camel-1) thread #3 - ShutdownTask] INFO  o.a.c.impl.DefaultShutdownStrategy.run - Waiting as there are still 1 inflight and pending exchanges to complete, timeout in 2 seconds. Inflights per route: [route1 = 1]
30-01-2018 07:30:47.865 [Camel (camel-1) thread #3 - ShutdownTask] INFO  o.a.c.impl.DefaultShutdownStrategy.logInflightExchanges - There are 1 inflight exchanges:
	InflightExchange: [exchangeId=ID-6c4008c0f7fa-1517316779421-0-1, fromRouteId=route1, routeId=route1, nodeId=pollEnrich1, elapsed=0, duration=2264849]
30-01-2018 07:30:48.866 [Camel (camel-1) thread #3 - ShutdownTask] INFO  o.a.c.impl.DefaultShutdownStrategy.run - Waiting as there are still 1 inflight and pending exchanges to complete, timeout in 1 seconds. Inflights per route: [route1 = 1]
30-01-2018 07:30:48.866 [Camel (camel-1) thread #3 - ShutdownTask] INFO  o.a.c.impl.DefaultShutdownStrategy.logInflightExchanges - There are 1 inflight exchanges:
	InflightExchange: [exchangeId=ID-6c4008c0f7fa-1517316779421-0-1, fromRouteId=route1, routeId=route1, nodeId=pollEnrich1, elapsed=0, duration=2265850]
30-01-2018 07:30:49.848 [Thread-4] WARN  o.a.c.impl.DefaultShutdownStrategy.doShutdown - Timeout occurred during graceful shutdown. Forcing the routes to be shutdown now. Notice: some resources may still be running as graceful shutdown did not complete successfully.
30-01-2018 07:30:49.848 [Camel (camel-1) thread #3 - ShutdownTask] WARN  o.a.c.impl.DefaultShutdownStrategy.run - Interrupted while waiting during graceful shutdown, will force shutdown now.
30-01-2018 07:30:49.849 [Thread-4] INFO  o.a.c.impl.DefaultShutdownStrategy.logInflightExchanges - There are 1 inflight exchanges:
	InflightExchange: [exchangeId=ID-6c4008c0f7fa-1517316779421-0-1, fromRouteId=route1, routeId=route1, nodeId=pollEnrich1, elapsed=0, duration=2266833]
30-01-2018 07:30:49.849 [Thread-4] INFO  o.a.c.impl.DefaultShutdownStrategy.doShutdown - Graceful shutdown of 1 routes completed in 2 seconds
30-01-2018 07:30:49.852 [Camel (camel-1) thread #3 - ShutdownTask] INFO  o.a.c.impl.DefaultShutdownStrategy.run - Route: route1 shutdown complete, was consuming from: timer://hello?period=10s
30-01-2018 07:30:49.854 [Thread-4] WARN  o.a.c.impl.DefaultInflightRepository.doStop - Shutting down while there are still 1 inflight exchanges.
30-01-2018 07:30:49.863 [Thread-4] INFO  o.a.camel.spring.SpringCamelContext.doStop - Apache Camel 2.20.1 (CamelContext: camel-1) uptime 37 minutes
30-01-2018 07:30:49.863 [Thread-4] INFO  o.a.camel.spring.SpringCamelContext.doStop - Apache Camel 2.20.1 (CamelContext: camel-1) is shutdown in 2.021 seconds
30-01-2018 07:30:49.864 [Thread-4] INFO  o.s.j.e.a.AnnotationMBeanExporter.destroy - Unregistering JMX-exposed beans on shutdown
30-01-2018 17:22:51.484 [main] INFO  c.l.LearncamelSpringBootApplication.logStarting - Starting LearncamelSpringBootApplication on 6c4008c0f7fa with PID 87777 (/Dilip/Study/ApacheCamel/TeachApacheCamel-Spring-Boot/session-codebase/learncamel-spring-boot/target/classes started by z001qgd in /Dilip/Study/ApacheCamel/TeachApacheCamel-Spring-Boot/session-codebase/learncamel-spring-boot)
30-01-2018 17:22:51.489 [main] INFO  c.l.LearncamelSpringBootApplication.logStartupProfileInfo - The following profiles are active: dev
30-01-2018 17:22:51.572 [main] INFO  o.s.b.c.e.AnnotationConfigEmbeddedWebApplicationContext.prepareRefresh - Refreshing org.springframework.boot.context.embedded.AnnotationConfigEmbeddedWebApplicationContext@f6efaab: startup date [Tue Jan 30 17:22:51 CST 2018]; root of context hierarchy
30-01-2018 17:22:51.887 [background-preinit] INFO  o.h.validator.internal.util.Version.<clinit> - HV000001: Hibernate Validator 5.3.6.Final
30-01-2018 17:22:53.640 [main] INFO  o.s.c.s.PostProcessorRegistrationDelegate$BeanPostProcessorChecker.postProcessAfterInitialization - Bean 'org.apache.camel.spring.boot.CamelAutoConfiguration' of type [org.apache.camel.spring.boot.CamelAutoConfiguration$$EnhancerBySpringCGLIB$$3dfd4f5b] is not eligible for getting processed by all BeanPostProcessors (for example: not eligible for auto-proxying)
30-01-2018 17:22:54.509 [main] INFO  o.s.b.c.e.t.TomcatEmbeddedServletContainer.initialize - Tomcat initialized with port(s): 8080 (http)
30-01-2018 17:22:54.550 [main] INFO  o.a.catalina.core.StandardService.log - Starting service [Tomcat]
30-01-2018 17:22:54.552 [main] INFO  o.a.catalina.core.StandardEngine.log - Starting Servlet Engine: Apache Tomcat/8.5.23
30-01-2018 17:22:54.725 [localhost-startStop-1] INFO  o.a.c.c.C.[Tomcat].[localhost].[/].log - Initializing Spring embedded WebApplicationContext
30-01-2018 17:22:54.726 [localhost-startStop-1] INFO  o.s.web.context.ContextLoader.prepareEmbeddedWebApplicationContext - Root WebApplicationContext: initialization completed in 3154 ms
30-01-2018 17:22:54.909 [localhost-startStop-1] INFO  o.s.b.w.s.ServletRegistrationBean.onStartup - Mapping servlet: 'dispatcherServlet' to [/]
30-01-2018 17:22:54.915 [localhost-startStop-1] INFO  o.s.b.w.s.FilterRegistrationBean.configure - Mapping filter: 'characterEncodingFilter' to: [/*]
30-01-2018 17:22:54.916 [localhost-startStop-1] INFO  o.s.b.w.s.FilterRegistrationBean.configure - Mapping filter: 'hiddenHttpMethodFilter' to: [/*]
30-01-2018 17:22:54.916 [localhost-startStop-1] INFO  o.s.b.w.s.FilterRegistrationBean.configure - Mapping filter: 'httpPutFormContentFilter' to: [/*]
30-01-2018 17:22:54.917 [localhost-startStop-1] INFO  o.s.b.w.s.FilterRegistrationBean.configure - Mapping filter: 'requestContextFilter' to: [/*]
30-01-2018 17:22:55.473 [main] INFO  o.s.w.s.m.m.a.RequestMappingHandlerAdapter.initControllerAdviceCache - Looking for @ControllerAdvice: org.springframework.boot.context.embedded.AnnotationConfigEmbeddedWebApplicationContext@f6efaab: startup date [Tue Jan 30 17:22:51 CST 2018]; root of context hierarchy
30-01-2018 17:22:55.647 [main] INFO  o.s.w.s.m.m.a.RequestMappingHandlerMapping.register - Mapped "{[/error]}" onto public org.springframework.http.ResponseEntity<java.util.Map<java.lang.String, java.lang.Object>> org.springframework.boot.autoconfigure.web.BasicErrorController.error(javax.servlet.http.HttpServletRequest)
30-01-2018 17:22:55.648 [main] INFO  o.s.w.s.m.m.a.RequestMappingHandlerMapping.register - Mapped "{[/error],produces=[text/html]}" onto public org.springframework.web.servlet.ModelAndView org.springframework.boot.autoconfigure.web.BasicErrorController.errorHtml(javax.servlet.http.HttpServletRequest,javax.servlet.http.HttpServletResponse)
30-01-2018 17:22:55.721 [main] INFO  o.s.w.s.h.SimpleUrlHandlerMapping.registerHandler - Mapped URL path [/webjars/**] onto handler of type [class org.springframework.web.servlet.resource.ResourceHttpRequestHandler]
30-01-2018 17:22:55.721 [main] INFO  o.s.w.s.h.SimpleUrlHandlerMapping.registerHandler - Mapped URL path [/**] onto handler of type [class org.springframework.web.servlet.resource.ResourceHttpRequestHandler]
30-01-2018 17:22:55.801 [main] INFO  o.s.w.s.h.SimpleUrlHandlerMapping.registerHandler - Mapped URL path [/**/favicon.ico] onto handler of type [class org.springframework.web.servlet.resource.ResourceHttpRequestHandler]
30-01-2018 17:22:56.376 [main] WARN  o.a.c.i.DefaultCamelBeanPostProcessor.postProcessBeforeInitialization - No CamelContext defined yet so cannot inject into bean: routesHealthCheckRepository
30-01-2018 17:22:56.663 [main] INFO  o.a.c.i.c.DefaultTypeConverter.doStart - Type converters loaded (core: 192, classpath: 1)
30-01-2018 17:22:57.628 [main] INFO  o.s.j.e.a.AnnotationMBeanExporter.afterSingletonsInstantiated - Registering beans for JMX exposure on startup
30-01-2018 17:22:57.641 [main] INFO  c.learncamel.route.SimpleCamelRoute.configure - Starting the Camel Route
30-01-2018 17:22:57.710 [main] INFO  c.learncamel.route.SimpleCamelRoute.configure - Ending the Camel Route
30-01-2018 17:22:57.711 [main] INFO  o.a.c.spring.boot.RoutesCollector.loadXmlRoutes - Loading additional Camel XML routes from: classpath:camel/*.xml
30-01-2018 17:22:57.712 [main] INFO  o.a.c.spring.boot.RoutesCollector.loadXmlRests - Loading additional Camel XML rests from: classpath:camel-rest/*.xml
30-01-2018 17:22:57.724 [main] INFO  o.a.camel.spring.SpringCamelContext.start - Apache Camel 2.20.1 (CamelContext: camel-1) is starting
30-01-2018 17:22:57.726 [main] INFO  o.a.c.m.ManagedManagementStrategy.doStart - JMX is enabled
30-01-2018 17:22:58.077 [main] INFO  o.a.camel.spring.SpringCamelContext.doStartCamel - StreamCaching is not in use. If using streams then its recommended to enable stream caching. See more details at http://camel.apache.org/stream-caching.html
30-01-2018 17:22:58.169 [main] INFO  o.a.camel.spring.SpringCamelContext.doStartOrResumeRouteConsumers - Route: route1 started and consuming from: timer://hello?period=10s
30-01-2018 17:22:58.171 [main] INFO  o.a.camel.spring.SpringCamelContext.start - Total 1 routes, of which 1 are started
30-01-2018 17:22:58.172 [main] INFO  o.a.camel.spring.SpringCamelContext.start - Apache Camel 2.20.1 (CamelContext: camel-1) started in 0.447 seconds
30-01-2018 17:22:58.183 [main] INFO  o.a.coyote.http11.Http11NioProtocol.log - Initializing ProtocolHandler ["http-nio-8080"]
30-01-2018 17:22:58.197 [main] INFO  o.a.coyote.http11.Http11NioProtocol.log - Starting ProtocolHandler ["http-nio-8080"]
30-01-2018 17:22:58.250 [main] INFO  o.a.tomcat.util.net.NioSelectorPool.log - Using a shared selector for servlet write/read
30-01-2018 17:22:58.276 [main] INFO  o.s.b.c.e.t.TomcatEmbeddedServletContainer.start - Tomcat started on port(s): 8080 (http)
30-01-2018 17:22:58.283 [main] INFO  c.l.LearncamelSpringBootApplication.logStarted - Started LearncamelSpringBootApplication in 7.366 seconds (JVM running for 8.177)
30-01-2018 17:22:59.186 [Camel (camel-1) thread #1 - timer://hello] INFO  route1.log - Timer Invoked and the bodyDEV Environment
30-01-2018 18:12:36.755 [Thread-4] INFO  o.s.b.c.e.AnnotationConfigEmbeddedWebApplicationContext.doClose - Closing org.springframework.boot.context.embedded.AnnotationConfigEmbeddedWebApplicationContext@f6efaab: startup date [Tue Jan 30 17:22:51 CST 2018]; root of context hierarchy
30-01-2018 18:12:36.757 [Thread-4] INFO  o.s.c.s.DefaultLifecycleProcessor.stop - Stopping beans in phase 2147483647
30-01-2018 18:12:36.758 [Thread-4] INFO  o.a.camel.spring.SpringCamelContext.doStop - Apache Camel 2.20.1 (CamelContext: camel-1) is shutting down
30-01-2018 18:12:36.758 [Thread-4] INFO  o.a.c.impl.DefaultShutdownStrategy.doShutdown - Starting to graceful shutdown 1 routes (timeout 2 seconds)
30-01-2018 18:12:36.761 [Camel (camel-1) thread #3 - ShutdownTask] INFO  o.a.c.impl.DefaultShutdownStrategy.run - Waiting as there are still 1 inflight and pending exchanges to complete, timeout in 2 seconds. Inflights per route: [route1 = 1]
30-01-2018 18:12:36.773 [Camel (camel-1) thread #3 - ShutdownTask] INFO  o.a.c.impl.DefaultShutdownStrategy.logInflightExchanges - There are 1 inflight exchanges:
	InflightExchange: [exchangeId=ID-6c4008c0f7fa-1517354576166-0-1, fromRouteId=route1, routeId=route1, nodeId=pollEnrich1, elapsed=0, duration=2977591]
30-01-2018 18:12:37.778 [Camel (camel-1) thread #3 - ShutdownTask] INFO  o.a.c.impl.DefaultShutdownStrategy.run - Waiting as there are still 1 inflight and pending exchanges to complete, timeout in 1 seconds. Inflights per route: [route1 = 1]
30-01-2018 18:12:37.779 [Camel (camel-1) thread #3 - ShutdownTask] INFO  o.a.c.impl.DefaultShutdownStrategy.logInflightExchanges - There are 1 inflight exchanges:
	InflightExchange: [exchangeId=ID-6c4008c0f7fa-1517354576166-0-1, fromRouteId=route1, routeId=route1, nodeId=pollEnrich1, elapsed=0, duration=2978597]
30-01-2018 18:12:38.762 [Thread-4] WARN  o.a.c.impl.DefaultShutdownStrategy.doShutdown - Timeout occurred during graceful shutdown. Forcing the routes to be shutdown now. Notice: some resources may still be running as graceful shutdown did not complete successfully.
30-01-2018 18:12:38.762 [Camel (camel-1) thread #3 - ShutdownTask] WARN  o.a.c.impl.DefaultShutdownStrategy.run - Interrupted while waiting during graceful shutdown, will force shutdown now.
30-01-2018 18:12:38.763 [Thread-4] INFO  o.a.c.impl.DefaultShutdownStrategy.logInflightExchanges - There are 1 inflight exchanges:
	InflightExchange: [exchangeId=ID-6c4008c0f7fa-1517354576166-0-1, fromRouteId=route1, routeId=route1, nodeId=pollEnrich1, elapsed=0, duration=2979581]
30-01-2018 18:12:38.763 [Thread-4] INFO  o.a.c.impl.DefaultShutdownStrategy.doShutdown - Graceful shutdown of 1 routes completed in 2 seconds
30-01-2018 18:12:38.774 [Camel (camel-1) thread #3 - ShutdownTask] INFO  o.a.c.impl.DefaultShutdownStrategy.run - Route: route1 shutdown complete, was consuming from: timer://hello?period=10s
30-01-2018 18:12:38.775 [Thread-4] WARN  o.a.c.impl.DefaultInflightRepository.doStop - Shutting down while there are still 1 inflight exchanges.
30-01-2018 18:12:38.782 [Thread-4] INFO  o.a.camel.spring.SpringCamelContext.doStop - Apache Camel 2.20.1 (CamelContext: camel-1) uptime 49 minutes
30-01-2018 18:12:38.782 [Thread-4] INFO  o.a.camel.spring.SpringCamelContext.doStop - Apache Camel 2.20.1 (CamelContext: camel-1) is shutdown in 2.024 seconds
30-01-2018 18:12:38.783 [Thread-4] INFO  o.s.j.e.a.AnnotationMBeanExporter.destroy - Unregistering JMX-exposed beans on shutdown
